{"/home/kwhatcher/projects/voter-web/src/components/elections/CandidateResultRow.tsx": {"path":"/home/kwhatcher/projects/voter-web/src/components/elections/CandidateResultRow.tsx","statementMap":{"0":{"start":{"line":22,"column":30},"end":{"line":22,"column":null}},"1":{"start":{"line":23,"column":8},"end":{"line":23,"column":null}},"2":{"start":{"line":24,"column":8},"end":{"line":24,"column":null}},"3":{"start":{"line":25,"column":25},"end":{"line":25,"column":null}},"4":{"start":{"line":27,"column":2},"end":{"line":93,"column":null}},"5":{"start":{"line":79,"column":16},"end":{"line":87,"column":null}}},"fnMap":{"0":{"name":"CandidateResultRow","decl":{"start":{"line":17,"column":16},"end":{"line":17,"column":35}},"loc":{"start":{"line":21,"column":28},"end":{"line":95,"column":null}},"line":21},"1":{"name":"(anonymous_1)","decl":{"start":{"line":78,"column":43},"end":{"line":78,"column":44}},"loc":{"start":{"line":79,"column":16},"end":{"line":87,"column":null}},"line":79}},"branchMap":{"0":{"loc":{"start":{"line":61,"column":15},"end":{"line":69,"column":null}},"type":"binary-expr","locations":[{"start":{"line":61,"column":15},"end":{"line":61,"column":null}},{"start":{"line":62,"column":16},"end":{"line":69,"column":null}}],"line":61},"1":{"loc":{"start":{"line":63,"column":19},"end":{"line":66,"column":null}},"type":"cond-expr","locations":[{"start":{"line":64,"column":20},"end":{"line":64,"column":null}},{"start":{"line":66,"column":20},"end":{"line":66,"column":null}}],"line":63},"2":{"loc":{"start":{"line":76,"column":11},"end":{"line":89,"column":null}},"type":"binary-expr","locations":[{"start":{"line":76,"column":11},"end":{"line":76,"column":null}},{"start":{"line":77,"column":12},"end":{"line":89,"column":null}}],"line":76}},"s":{"0":21,"1":21,"2":21,"3":21,"4":21,"5":80},"f":{"0":21,"1":80},"b":{"0":[21,20],"1":[1,19],"2":[21,20]},"meta":{"lastBranch":3,"lastFunction":2,"lastStatement":6,"seen":{"f:17:16:17:35":0,"s:22:30:22:Infinity":0,"s:23:8:23:Infinity":1,"s:24:8:24:Infinity":2,"s:25:25:25:Infinity":3,"s:27:2:93:Infinity":4,"b:61:15:61:Infinity:62:16:69:Infinity":0,"b:64:20:64:Infinity:66:20:66:Infinity":1,"b:76:11:76:Infinity:77:12:89:Infinity":2,"f:78:43:78:44":1,"s:79:16:87:Infinity":5}}}
,"/home/kwhatcher/projects/voter-web/src/components/elections/CertificationBadge.tsx": {"path":"/home/kwhatcher/projects/voter-web/src/components/elections/CertificationBadge.tsx","statementMap":{"0":{"start":{"line":11,"column":8},"end":{"line":11,"column":null}},"1":{"start":{"line":13,"column":2},"end":{"line":23,"column":null}},"2":{"start":{"line":14,"column":4},"end":{"line":21,"column":null}},"3":{"start":{"line":25,"column":2},"end":{"line":32,"column":null}}},"fnMap":{"0":{"name":"CertificationBadge","decl":{"start":{"line":10,"column":16},"end":{"line":10,"column":35}},"loc":{"start":{"line":10,"column":72},"end":{"line":34,"column":null}},"line":10}},"branchMap":{"0":{"loc":{"start":{"line":13,"column":2},"end":{"line":23,"column":null}},"type":"if","locations":[{"start":{"line":13,"column":2},"end":{"line":23,"column":null}},{"start":{},"end":{}}],"line":13}},"s":{"0":4,"1":4,"2":2,"3":2},"f":{"0":4},"b":{"0":[2,2]},"meta":{"lastBranch":1,"lastFunction":1,"lastStatement":4,"seen":{"f:10:16:10:35":0,"s:11:8:11:Infinity":0,"b:13:2:23:Infinity:undefined:undefined:undefined:undefined":0,"s:13:2:23:Infinity":1,"s:14:4:21:Infinity":2,"s:25:2:32:Infinity":3}}}
,"/home/kwhatcher/projects/voter-web/src/components/elections/CountyResultsPanel.tsx": {"path":"/home/kwhatcher/projects/voter-web/src/components/elections/CountyResultsPanel.tsx","statementMap":{"0":{"start":{"line":11,"column":8},"end":{"line":14,"column":null}},"1":{"start":{"line":15,"column":8},"end":{"line":15,"column":null}},"2":{"start":{"line":17,"column":2},"end":{"line":43,"column":null}},"3":{"start":{"line":33,"column":26},"end":{"line":33,"column":53}},"4":{"start":{"line":35,"column":12},"end":{"line":40,"column":null}}},"fnMap":{"0":{"name":"CountyResultsPanel","decl":{"start":{"line":10,"column":16},"end":{"line":10,"column":35}},"loc":{"start":{"line":10,"column":78},"end":{"line":45,"column":null}},"line":10},"1":{"name":"(anonymous_1)","decl":{"start":{"line":33,"column":16},"end":{"line":33,"column":17}},"loc":{"start":{"line":33,"column":26},"end":{"line":33,"column":53}},"line":33},"2":{"name":"(anonymous_2)","decl":{"start":{"line":34,"column":15},"end":{"line":34,"column":16}},"loc":{"start":{"line":35,"column":12},"end":{"line":40,"column":null}},"line":35}},"branchMap":{},"s":{"0":6,"1":6,"2":6,"3":5,"4":11},"f":{"0":6,"1":5,"2":11},"b":{},"meta":{"lastBranch":0,"lastFunction":3,"lastStatement":5,"seen":{"f:10:16:10:35":0,"s:11:8:14:Infinity":0,"s:15:8:15:Infinity":1,"s:17:2:43:Infinity":2,"f:33:16:33:17":1,"s:33:26:33:53":3,"f:34:15:34:16":2,"s:35:12:40:Infinity":4}}}
,"/home/kwhatcher/projects/voter-web/src/components/elections/ElectionResultsDrawer.tsx": {"path":"/home/kwhatcher/projects/voter-web/src/components/elections/ElectionResultsDrawer.tsx","statementMap":{"0":{"start":{"line":27,"column":8},"end":{"line":27,"column":null}},"1":{"start":{"line":28,"column":8},"end":{"line":31,"column":null}},"2":{"start":{"line":33,"column":2},"end":{"line":59,"column":null}},"3":{"start":{"line":49,"column":26},"end":{"line":49,"column":53}},"4":{"start":{"line":51,"column":12},"end":{"line":56,"column":null}},"5":{"start":{"line":70,"column":49},"end":{"line":72,"column":null}},"6":{"start":{"line":71,"column":41},"end":{"line":71,"column":73}},"7":{"start":{"line":74,"column":2},"end":{"line":123,"column":null}},"8":{"start":{"line":79,"column":23},"end":{"line":79,"column":null}},"9":{"start":{"line":116,"column":27},"end":{"line":116,"column":null}}},"fnMap":{"0":{"name":"RaceWideSummary","decl":{"start":{"line":26,"column":9},"end":{"line":26,"column":25}},"loc":{"start":{"line":26,"column":76},"end":{"line":61,"column":null}},"line":26},"1":{"name":"(anonymous_1)","decl":{"start":{"line":49,"column":16},"end":{"line":49,"column":17}},"loc":{"start":{"line":49,"column":26},"end":{"line":49,"column":53}},"line":49},"2":{"name":"(anonymous_2)","decl":{"start":{"line":50,"column":15},"end":{"line":50,"column":16}},"loc":{"start":{"line":51,"column":12},"end":{"line":56,"column":null}},"line":51},"3":{"name":"ElectionResultsDrawer","decl":{"start":{"line":63,"column":16},"end":{"line":63,"column":38}},"loc":{"start":{"line":69,"column":31},"end":{"line":125,"column":null}},"line":69},"4":{"name":"(anonymous_4)","decl":{"start":{"line":71,"column":34},"end":{"line":71,"column":35}},"loc":{"start":{"line":71,"column":41},"end":{"line":71,"column":73}},"line":71},"5":{"name":"(anonymous_5)","decl":{"start":{"line":79,"column":17},"end":{"line":79,"column":23}},"loc":{"start":{"line":79,"column":23},"end":{"line":79,"column":null}},"line":79},"6":{"name":"(anonymous_6)","decl":{"start":{"line":116,"column":21},"end":{"line":116,"column":27}},"loc":{"start":{"line":116,"column":27},"end":{"line":116,"column":null}},"line":116}},"branchMap":{"0":{"loc":{"start":{"line":70,"column":49},"end":{"line":72,"column":null}},"type":"cond-expr","locations":[{"start":{"line":71,"column":6},"end":{"line":71,"column":null}},{"start":{"line":72,"column":6},"end":{"line":72,"column":null}}],"line":70},"1":{"loc":{"start":{"line":82,"column":9},"end":{"line":82,"column":null}},"type":"cond-expr","locations":[{"start":{"line":82,"column":26},"end":{"line":82,"column":61}},{"start":{"line":82,"column":61},"end":{"line":82,"column":null}}],"line":82},"2":{"loc":{"start":{"line":89,"column":15},"end":{"line":89,"column":null}},"type":"cond-expr","locations":[{"start":{"line":89,"column":30},"end":{"line":89,"column":57}},{"start":{"line":89,"column":57},"end":{"line":89,"column":null}}],"line":89},"3":{"loc":{"start":{"line":92,"column":15},"end":{"line":94,"column":null}},"type":"cond-expr","locations":[{"start":{"line":93,"column":18},"end":{"line":93,"column":null}},{"start":{"line":94,"column":18},"end":{"line":94,"column":null}}],"line":92},"4":{"loc":{"start":{"line":96,"column":13},"end":{"line":102,"column":null}},"type":"binary-expr","locations":[{"start":{"line":96,"column":13},"end":{"line":96,"column":null}},{"start":{"line":97,"column":14},"end":{"line":102,"column":null}}],"line":96},"5":{"loc":{"start":{"line":107,"column":13},"end":{"line":110,"column":null}},"type":"cond-expr","locations":[{"start":{"line":108,"column":14},"end":{"line":108,"column":null}},{"start":{"line":110,"column":14},"end":{"line":110,"column":null}}],"line":107}},"s":{"0":1,"1":1,"2":1,"3":1,"4":2,"5":6,"6":3,"7":6,"8":1,"9":0},"f":{"0":1,"1":1,"2":2,"3":6,"4":3,"5":1,"6":0},"b":{"0":[3,3],"1":[3,3],"2":[3,3],"3":[3,3],"4":[6,3],"5":[3,3]},"meta":{"lastBranch":6,"lastFunction":7,"lastStatement":10,"seen":{"f:26:9:26:25":0,"s:27:8:27:Infinity":0,"s:28:8:31:Infinity":1,"s:33:2:59:Infinity":2,"f:49:16:49:17":1,"s:49:26:49:53":3,"f:50:15:50:16":2,"s:51:12:56:Infinity":4,"f:63:16:63:38":3,"s:70:49:72:Infinity":5,"b:71:6:71:Infinity:72:6:72:Infinity":0,"f:71:34:71:35":4,"s:71:41:71:73":6,"s:74:2:123:Infinity":7,"f:79:17:79:23":5,"s:79:23:79:Infinity":8,"b:82:26:82:61:82:61:82:Infinity":1,"b:89:30:89:57:89:57:89:Infinity":2,"b:93:18:93:Infinity:94:18:94:Infinity":3,"b:96:13:96:Infinity:97:14:102:Infinity":4,"b:108:14:108:Infinity:110:14:110:Infinity":5,"f:116:21:116:27":6,"s:116:27:116:Infinity":9}}}
,"/home/kwhatcher/projects/voter-web/src/components/elections/LiveStatusIndicator.tsx": {"path":"/home/kwhatcher/projects/voter-web/src/components/elections/LiveStatusIndicator.tsx","statementMap":{"0":{"start":{"line":13,"column":2},"end":{"line":16,"column":null}},"1":{"start":{"line":23,"column":22},"end":{"line":23,"column":null}},"2":{"start":{"line":24,"column":22},"end":{"line":24,"column":null}},"3":{"start":{"line":25,"column":2},"end":{"line":25,"column":null}},"4":{"start":{"line":34,"column":22},"end":{"line":34,"column":null}},"5":{"start":{"line":36,"column":2},"end":{"line":40,"column":null}},"6":{"start":{"line":37,"column":4},"end":{"line":37,"column":null}},"7":{"start":{"line":37,"column":39},"end":{"line":37,"column":null}},"8":{"start":{"line":38,"column":18},"end":{"line":38,"column":null}},"9":{"start":{"line":38,"column":36},"end":{"line":38,"column":59}},"10":{"start":{"line":38,"column":51},"end":{"line":38,"column":56}},"11":{"start":{"line":39,"column":4},"end":{"line":39,"column":null}},"12":{"start":{"line":39,"column":17},"end":{"line":39,"column":null}},"13":{"start":{"line":43,"column":2},"end":{"line":50,"column":null}},"14":{"start":{"line":45,"column":6},"end":{"line":45,"column":null}},"15":{"start":{"line":45,"column":41},"end":{"line":45,"column":null}},"16":{"start":{"line":46,"column":6},"end":{"line":46,"column":null}},"17":{"start":{"line":58,"column":19},"end":{"line":58,"column":null}},"18":{"start":{"line":59,"column":30},"end":{"line":63,"column":null}},"19":{"start":{"line":65,"column":2},"end":{"line":90,"column":null}}},"fnMap":{"0":{"name":"formatTimestamp","decl":{"start":{"line":12,"column":9},"end":{"line":12,"column":25}},"loc":{"start":{"line":12,"column":46},"end":{"line":17,"column":null}},"line":12},"1":{"name":"calculateRemaining","decl":{"start":{"line":19,"column":9},"end":{"line":19,"column":null}},"loc":{"start":{"line":22,"column":10},"end":{"line":26,"column":null}},"line":22},"2":{"name":"useCountdown","decl":{"start":{"line":28,"column":9},"end":{"line":28,"column":null}},"loc":{"start":{"line":32,"column":2},"end":{"line":51,"column":null}},"line":32},"3":{"name":"(anonymous_3)","decl":{"start":{"line":36,"column":12},"end":{"line":36,"column":18}},"loc":{"start":{"line":36,"column":18},"end":{"line":40,"column":5}},"line":36},"4":{"name":"(anonymous_4)","decl":{"start":{"line":38,"column":30},"end":{"line":38,"column":36}},"loc":{"start":{"line":38,"column":36},"end":{"line":38,"column":59}},"line":38},"5":{"name":"(anonymous_5)","decl":{"start":{"line":38,"column":44},"end":{"line":38,"column":45}},"loc":{"start":{"line":38,"column":51},"end":{"line":38,"column":56}},"line":38},"6":{"name":"(anonymous_6)","decl":{"start":{"line":39,"column":11},"end":{"line":39,"column":17}},"loc":{"start":{"line":39,"column":17},"end":{"line":39,"column":null}},"line":39},"7":{"name":"(anonymous_7)","decl":{"start":{"line":44,"column":4},"end":{"line":44,"column":10}},"loc":{"start":{"line":44,"column":10},"end":{"line":47,"column":null}},"line":44},"8":{"name":"LiveStatusIndicator","decl":{"start":{"line":53,"column":16},"end":{"line":53,"column":36}},"loc":{"start":{"line":57,"column":29},"end":{"line":92,"column":null}},"line":57}},"branchMap":{"0":{"loc":{"start":{"line":37,"column":4},"end":{"line":37,"column":null}},"type":"if","locations":[{"start":{"line":37,"column":4},"end":{"line":37,"column":null}},{"start":{},"end":{}}],"line":37},"1":{"loc":{"start":{"line":37,"column":8},"end":{"line":37,"column":39}},"type":"binary-expr","locations":[{"start":{"line":37,"column":8},"end":{"line":37,"column":21}},{"start":{"line":37,"column":21},"end":{"line":37,"column":39}}],"line":37},"2":{"loc":{"start":{"line":45,"column":6},"end":{"line":45,"column":null}},"type":"if","locations":[{"start":{"line":45,"column":6},"end":{"line":45,"column":null}},{"start":{},"end":{}}],"line":45},"3":{"loc":{"start":{"line":45,"column":10},"end":{"line":45,"column":41}},"type":"binary-expr","locations":[{"start":{"line":45,"column":10},"end":{"line":45,"column":23}},{"start":{"line":45,"column":23},"end":{"line":45,"column":41}}],"line":45},"4":{"loc":{"start":{"line":67,"column":7},"end":{"line":76,"column":null}},"type":"cond-expr","locations":[{"start":{"line":68,"column":8},"end":{"line":71,"column":null}},{"start":{"line":73,"column":8},"end":{"line":76,"column":null}}],"line":67},"5":{"loc":{"start":{"line":79,"column":7},"end":{"line":82,"column":null}},"type":"binary-expr","locations":[{"start":{"line":79,"column":7},"end":{"line":79,"column":null}},{"start":{"line":80,"column":8},"end":{"line":82,"column":null}}],"line":79},"6":{"loc":{"start":{"line":85,"column":7},"end":{"line":88,"column":null}},"type":"binary-expr","locations":[{"start":{"line":85,"column":7},"end":{"line":85,"column":19}},{"start":{"line":85,"column":19},"end":{"line":85,"column":null}},{"start":{"line":86,"column":8},"end":{"line":88,"column":null}}],"line":85}},"s":{"0":4,"1":2,"2":2,"3":2,"4":5,"5":5,"6":5,"7":3,"8":2,"9":0,"10":0,"11":2,"12":2,"13":5,"14":5,"15":3,"16":2,"17":5,"18":5,"19":5},"f":{"0":4,"1":2,"2":5,"3":5,"4":0,"5":0,"6":2,"7":5,"8":5},"b":{"0":[3,2],"1":[5,3],"2":[3,2],"3":[5,3],"4":[3,2],"5":[5,4],"6":[5,3,2]},"meta":{"lastBranch":7,"lastFunction":9,"lastStatement":20,"seen":{"f:12:9:12:25":0,"s:13:2:16:Infinity":0,"f:19:9:19:Infinity":1,"s:23:22:23:Infinity":1,"s:24:22:24:Infinity":2,"s:25:2:25:Infinity":3,"f:28:9:28:Infinity":2,"s:34:22:34:Infinity":4,"s:36:2:40:Infinity":5,"f:36:12:36:18":3,"b:37:4:37:Infinity:undefined:undefined:undefined:undefined":0,"s:37:4:37:Infinity":6,"b:37:8:37:21:37:21:37:39":1,"s:37:39:37:Infinity":7,"s:38:18:38:Infinity":8,"f:38:30:38:36":4,"s:38:36:38:59":9,"f:38:44:38:45":5,"s:38:51:38:56":10,"s:39:4:39:Infinity":11,"f:39:11:39:17":6,"s:39:17:39:Infinity":12,"s:43:2:50:Infinity":13,"f:44:4:44:10":7,"b:45:6:45:Infinity:undefined:undefined:undefined:undefined":2,"s:45:6:45:Infinity":14,"b:45:10:45:23:45:23:45:41":3,"s:45:41:45:Infinity":15,"s:46:6:46:Infinity":16,"f:53:16:53:36":8,"s:58:19:58:Infinity":17,"s:59:30:63:Infinity":18,"s:65:2:90:Infinity":19,"b:68:8:71:Infinity:73:8:76:Infinity":4,"b:79:7:79:Infinity:80:8:82:Infinity":5,"b:85:7:85:19:85:19:85:Infinity:86:8:88:Infinity":6}}}
,"/home/kwhatcher/projects/voter-web/src/components/elections/MapLayerSelector.tsx": {"path":"/home/kwhatcher/projects/voter-web/src/components/elections/MapLayerSelector.tsx","statementMap":{"0":{"start":{"line":10,"column":75},"end":{"line":14,"column":null}},"1":{"start":{"line":20,"column":2},"end":{"line":40,"column":null}},"2":{"start":{"line":25,"column":8},"end":{"line":25,"column":null}},"3":{"start":{"line":25,"column":19},"end":{"line":25,"column":null}},"4":{"start":{"line":30,"column":8},"end":{"line":38,"column":null}}},"fnMap":{"0":{"name":"MapLayerSelector","decl":{"start":{"line":16,"column":16},"end":{"line":16,"column":33}},"loc":{"start":{"line":19,"column":26},"end":{"line":42,"column":null}},"line":19},"1":{"name":"(anonymous_1)","decl":{"start":{"line":24,"column":21},"end":{"line":24,"column":22}},"loc":{"start":{"line":24,"column":32},"end":{"line":26,"column":null}},"line":24},"2":{"name":"(anonymous_2)","decl":{"start":{"line":29,"column":18},"end":{"line":29,"column":19}},"loc":{"start":{"line":30,"column":8},"end":{"line":38,"column":null}},"line":30}},"branchMap":{"0":{"loc":{"start":{"line":25,"column":8},"end":{"line":25,"column":null}},"type":"if","locations":[{"start":{"line":25,"column":8},"end":{"line":25,"column":null}},{"start":{},"end":{}}],"line":25}},"s":{"0":1,"1":4,"2":2,"3":1,"4":12},"f":{"0":4,"1":2,"2":12},"b":{"0":[1,1]},"meta":{"lastBranch":1,"lastFunction":3,"lastStatement":5,"seen":{"s:10:75:14:Infinity":0,"f:16:16:16:33":0,"s:20:2:40:Infinity":1,"f:24:21:24:22":1,"b:25:8:25:Infinity:undefined:undefined:undefined:undefined":0,"s:25:8:25:Infinity":2,"s:25:19:25:Infinity":3,"f:29:18:29:19":2,"s:30:8:38:Infinity":4}}}
,"/home/kwhatcher/projects/voter-web/src/lib/utils.ts": {"path":"/home/kwhatcher/projects/voter-web/src/lib/utils.ts","statementMap":{"0":{"start":{"line":5,"column":2},"end":{"line":5,"column":null}}},"fnMap":{"0":{"name":"cn","decl":{"start":{"line":4,"column":16},"end":{"line":4,"column":22}},"loc":{"start":{"line":4,"column":44},"end":{"line":6,"column":null}},"line":4}},"branchMap":{},"s":{"0":61},"f":{"0":61},"b":{},"meta":{"lastBranch":0,"lastFunction":1,"lastStatement":1,"seen":{"f:4:16:4:22":0,"s:5:2:5:Infinity":0}}}
,"/home/kwhatcher/projects/voter-web/src/lib/api/elections.ts": {"path":"/home/kwhatcher/projects/voter-web/src/lib/api/elections.ts","statementMap":{"0":{"start":{"line":34,"column":47},"end":{"line":34,"column":null}},"1":{"start":{"line":36,"column":2},"end":{"line":38,"column":null}},"2":{"start":{"line":37,"column":4},"end":{"line":37,"column":null}},"3":{"start":{"line":39,"column":2},"end":{"line":41,"column":null}},"4":{"start":{"line":40,"column":4},"end":{"line":40,"column":null}},"5":{"start":{"line":42,"column":2},"end":{"line":44,"column":null}},"6":{"start":{"line":43,"column":4},"end":{"line":43,"column":null}},"7":{"start":{"line":45,"column":2},"end":{"line":47,"column":null}},"8":{"start":{"line":46,"column":4},"end":{"line":46,"column":null}},"9":{"start":{"line":48,"column":2},"end":{"line":50,"column":null}},"10":{"start":{"line":49,"column":4},"end":{"line":49,"column":null}},"11":{"start":{"line":51,"column":2},"end":{"line":53,"column":null}},"12":{"start":{"line":52,"column":4},"end":{"line":52,"column":null}},"13":{"start":{"line":55,"column":14},"end":{"line":57,"column":null}},"14":{"start":{"line":59,"column":2},"end":{"line":62,"column":null}},"15":{"start":{"line":69,"column":2},"end":{"line":69,"column":null}},"16":{"start":{"line":76,"column":2},"end":{"line":78,"column":null}},"17":{"start":{"line":85,"column":2},"end":{"line":87,"column":null}},"18":{"start":{"line":95,"column":47},"end":{"line":95,"column":null}},"19":{"start":{"line":96,"column":2},"end":{"line":98,"column":null}},"20":{"start":{"line":97,"column":4},"end":{"line":97,"column":null}},"21":{"start":{"line":100,"column":2},"end":{"line":102,"column":null}},"22":{"start":{"line":113,"column":2},"end":{"line":113,"column":null}},"23":{"start":{"line":121,"column":2},"end":{"line":123,"column":null}},"24":{"start":{"line":130,"column":2},"end":{"line":132,"column":null}}},"fnMap":{"0":{"name":"getElections","decl":{"start":{"line":31,"column":22},"end":{"line":31,"column":null}},"loc":{"start":{"line":33,"column":42},"end":{"line":63,"column":null}},"line":33},"1":{"name":"getElectionDetail","decl":{"start":{"line":66,"column":22},"end":{"line":66,"column":null}},"loc":{"start":{"line":68,"column":35},"end":{"line":70,"column":null}},"line":68},"2":{"name":"getElectionResults","decl":{"start":{"line":73,"column":22},"end":{"line":73,"column":null}},"loc":{"start":{"line":75,"column":36},"end":{"line":79,"column":null}},"line":75},"3":{"name":"getElectionGeoJSON","decl":{"start":{"line":82,"column":22},"end":{"line":82,"column":null}},"loc":{"start":{"line":84,"column":42},"end":{"line":88,"column":null}},"line":84},"4":{"name":"getPrecinctGeoJSON","decl":{"start":{"line":91,"column":22},"end":{"line":91,"column":null}},"loc":{"start":{"line":94,"column":44},"end":{"line":103,"column":null}},"line":94},"5":{"name":"createElection","decl":{"start":{"line":110,"column":22},"end":{"line":110,"column":null}},"loc":{"start":{"line":112,"column":35},"end":{"line":114,"column":null}},"line":112},"6":{"name":"updateElection","decl":{"start":{"line":117,"column":22},"end":{"line":117,"column":null}},"loc":{"start":{"line":120,"column":35},"end":{"line":124,"column":null}},"line":120},"7":{"name":"refreshElection","decl":{"start":{"line":127,"column":22},"end":{"line":127,"column":null}},"loc":{"start":{"line":129,"column":28},"end":{"line":133,"column":null}},"line":129}},"branchMap":{"0":{"loc":{"start":{"line":36,"column":2},"end":{"line":38,"column":null}},"type":"if","locations":[{"start":{"line":36,"column":2},"end":{"line":38,"column":null}},{"start":{},"end":{}}],"line":36},"1":{"loc":{"start":{"line":36,"column":6},"end":{"line":36,"column":49}},"type":"binary-expr","locations":[{"start":{"line":36,"column":6},"end":{"line":36,"column":24}},{"start":{"line":36,"column":24},"end":{"line":36,"column":49}}],"line":36},"2":{"loc":{"start":{"line":39,"column":2},"end":{"line":41,"column":null}},"type":"if","locations":[{"start":{"line":39,"column":2},"end":{"line":41,"column":null}},{"start":{},"end":{}}],"line":39},"3":{"loc":{"start":{"line":39,"column":6},"end":{"line":39,"column":63}},"type":"binary-expr","locations":[{"start":{"line":39,"column":6},"end":{"line":39,"column":31}},{"start":{"line":39,"column":31},"end":{"line":39,"column":63}}],"line":39},"4":{"loc":{"start":{"line":42,"column":2},"end":{"line":44,"column":null}},"type":"if","locations":[{"start":{"line":42,"column":2},"end":{"line":44,"column":null}},{"start":{},"end":{}}],"line":42},"5":{"loc":{"start":{"line":45,"column":2},"end":{"line":47,"column":null}},"type":"if","locations":[{"start":{"line":45,"column":2},"end":{"line":47,"column":null}},{"start":{},"end":{}}],"line":45},"6":{"loc":{"start":{"line":48,"column":2},"end":{"line":50,"column":null}},"type":"if","locations":[{"start":{"line":48,"column":2},"end":{"line":50,"column":null}},{"start":{},"end":{}}],"line":48},"7":{"loc":{"start":{"line":51,"column":2},"end":{"line":53,"column":null}},"type":"if","locations":[{"start":{"line":51,"column":2},"end":{"line":53,"column":null}},{"start":{},"end":{}}],"line":51},"8":{"loc":{"start":{"line":96,"column":2},"end":{"line":98,"column":null}},"type":"if","locations":[{"start":{"line":96,"column":2},"end":{"line":98,"column":null}},{"start":{},"end":{}}],"line":96}},"s":{"0":5,"1":5,"2":1,"3":5,"4":1,"5":5,"6":1,"7":5,"8":1,"9":5,"10":1,"11":5,"12":1,"13":5,"14":5,"15":1,"16":1,"17":1,"18":2,"19":2,"20":1,"21":2,"22":1,"23":1,"24":1},"f":{"0":5,"1":1,"2":1,"3":1,"4":2,"5":1,"6":1,"7":1},"b":{"0":[1,4],"1":[5,2],"2":[1,4],"3":[5,2],"4":[1,4],"5":[1,4],"6":[1,4],"7":[1,4],"8":[1,1]},"meta":{"lastBranch":9,"lastFunction":8,"lastStatement":25,"seen":{"f:31:22:31:Infinity":0,"s:34:47:34:Infinity":0,"b:36:2:38:Infinity:undefined:undefined:undefined:undefined":0,"s:36:2:38:Infinity":1,"b:36:6:36:24:36:24:36:49":1,"s:37:4:37:Infinity":2,"b:39:2:41:Infinity:undefined:undefined:undefined:undefined":2,"s:39:2:41:Infinity":3,"b:39:6:39:31:39:31:39:63":3,"s:40:4:40:Infinity":4,"b:42:2:44:Infinity:undefined:undefined:undefined:undefined":4,"s:42:2:44:Infinity":5,"s:43:4:43:Infinity":6,"b:45:2:47:Infinity:undefined:undefined:undefined:undefined":5,"s:45:2:47:Infinity":7,"s:46:4:46:Infinity":8,"b:48:2:50:Infinity:undefined:undefined:undefined:undefined":6,"s:48:2:50:Infinity":9,"s:49:4:49:Infinity":10,"b:51:2:53:Infinity:undefined:undefined:undefined:undefined":7,"s:51:2:53:Infinity":11,"s:52:4:52:Infinity":12,"s:55:14:57:Infinity":13,"s:59:2:62:Infinity":14,"f:66:22:66:Infinity":1,"s:69:2:69:Infinity":15,"f:73:22:73:Infinity":2,"s:76:2:78:Infinity":16,"f:82:22:82:Infinity":3,"s:85:2:87:Infinity":17,"f:91:22:91:Infinity":4,"s:95:47:95:Infinity":18,"b:96:2:98:Infinity:undefined:undefined:undefined:undefined":8,"s:96:2:98:Infinity":19,"s:97:4:97:Infinity":20,"s:100:2:102:Infinity":21,"f:110:22:110:Infinity":5,"s:113:2:113:Infinity":22,"f:117:22:117:Infinity":6,"s:121:2:123:Infinity":23,"f:127:22:127:Infinity":7,"s:130:2:132:Infinity":24}}}
,"/home/kwhatcher/projects/voter-web/src/lib/hooks/use-admin-elections.ts": {"path":"/home/kwhatcher/projects/voter-web/src/lib/hooks/use-admin-elections.ts","statementMap":{"0":{"start":{"line":24,"column":2},"end":{"line":43,"column":null}},"1":{"start":{"line":26,"column":13},"end":{"line":26,"column":null}},"2":{"start":{"line":30,"column":6},"end":{"line":40,"column":null}},"3":{"start":{"line":34,"column":8},"end":{"line":38,"column":null}},"4":{"start":{"line":35,"column":10},"end":{"line":35,"column":null}},"5":{"start":{"line":37,"column":10},"end":{"line":37,"column":null}},"6":{"start":{"line":39,"column":8},"end":{"line":39,"column":null}},"7":{"start":{"line":41,"column":6},"end":{"line":41,"column":null}},"8":{"start":{"line":50,"column":2},"end":{"line":74,"column":null}},"9":{"start":{"line":52,"column":13},"end":{"line":52,"column":null}},"10":{"start":{"line":55,"column":6},"end":{"line":65,"column":null}},"11":{"start":{"line":59,"column":8},"end":{"line":63,"column":null}},"12":{"start":{"line":60,"column":10},"end":{"line":60,"column":null}},"13":{"start":{"line":62,"column":10},"end":{"line":62,"column":null}},"14":{"start":{"line":64,"column":8},"end":{"line":64,"column":null}},"15":{"start":{"line":66,"column":6},"end":{"line":71,"column":null}},"16":{"start":{"line":67,"column":8},"end":{"line":69,"column":null}},"17":{"start":{"line":70,"column":8},"end":{"line":70,"column":null}},"18":{"start":{"line":72,"column":6},"end":{"line":72,"column":null}},"19":{"start":{"line":82,"column":8},"end":{"line":82,"column":null}},"20":{"start":{"line":84,"column":2},"end":{"line":104,"column":null}},"21":{"start":{"line":85,"column":17},"end":{"line":85,"column":null}},"22":{"start":{"line":87,"column":6},"end":{"line":87,"column":null}},"23":{"start":{"line":88,"column":6},"end":{"line":90,"column":null}},"24":{"start":{"line":93,"column":6},"end":{"line":102,"column":null}},"25":{"start":{"line":94,"column":8},"end":{"line":94,"column":null}},"26":{"start":{"line":95,"column":6},"end":{"line":102,"column":null}},"27":{"start":{"line":96,"column":8},"end":{"line":96,"column":null}},"28":{"start":{"line":98,"column":8},"end":{"line":101,"column":null}},"29":{"start":{"line":112,"column":8},"end":{"line":112,"column":null}},"30":{"start":{"line":114,"column":2},"end":{"line":141,"column":null}},"31":{"start":{"line":118,"column":4},"end":{"line":121,"column":null}},"32":{"start":{"line":123,"column":6},"end":{"line":123,"column":null}},"33":{"start":{"line":124,"column":6},"end":{"line":124,"column":null}},"34":{"start":{"line":125,"column":6},"end":{"line":127,"column":null}},"35":{"start":{"line":130,"column":6},"end":{"line":139,"column":null}},"36":{"start":{"line":131,"column":8},"end":{"line":131,"column":null}},"37":{"start":{"line":132,"column":6},"end":{"line":139,"column":null}},"38":{"start":{"line":133,"column":8},"end":{"line":133,"column":null}},"39":{"start":{"line":135,"column":8},"end":{"line":138,"column":null}},"40":{"start":{"line":149,"column":8},"end":{"line":149,"column":null}},"41":{"start":{"line":151,"column":2},"end":{"line":172,"column":null}},"42":{"start":{"line":152,"column":17},"end":{"line":152,"column":null}},"43":{"start":{"line":154,"column":6},"end":{"line":154,"column":null}},"44":{"start":{"line":155,"column":6},"end":{"line":157,"column":null}},"45":{"start":{"line":160,"column":6},"end":{"line":170,"column":null}},"46":{"start":{"line":161,"column":8},"end":{"line":161,"column":null}},"47":{"start":{"line":162,"column":6},"end":{"line":170,"column":null}},"48":{"start":{"line":163,"column":8},"end":{"line":163,"column":null}},"49":{"start":{"line":165,"column":8},"end":{"line":169,"column":null}}},"fnMap":{"0":{"name":"useAdminElectionDetail","decl":{"start":{"line":23,"column":16},"end":{"line":23,"column":39}},"loc":{"start":{"line":23,"column":59},"end":{"line":44,"column":null}},"line":23},"1":{"name":"(anonymous_1)","decl":{"start":{"line":26,"column":13},"end":{"line":26,"column":19}},"loc":{"start":{"line":26,"column":13},"end":{"line":26,"column":null}},"line":26},"2":{"name":"(anonymous_2)","decl":{"start":{"line":29,"column":11},"end":{"line":29,"column":12}},"loc":{"start":{"line":29,"column":36},"end":{"line":42,"column":null}},"line":29},"3":{"name":"useAdminElections","decl":{"start":{"line":49,"column":16},"end":{"line":49,"column":36}},"loc":{"start":{"line":49,"column":36},"end":{"line":75,"column":null}},"line":49},"4":{"name":"(anonymous_4)","decl":{"start":{"line":52,"column":13},"end":{"line":52,"column":19}},"loc":{"start":{"line":52,"column":13},"end":{"line":52,"column":null}},"line":52},"5":{"name":"(anonymous_5)","decl":{"start":{"line":54,"column":11},"end":{"line":54,"column":12}},"loc":{"start":{"line":54,"column":36},"end":{"line":73,"column":null}},"line":54},"6":{"name":"useCreateElection","decl":{"start":{"line":81,"column":16},"end":{"line":81,"column":36}},"loc":{"start":{"line":81,"column":36},"end":{"line":105,"column":null}},"line":81},"7":{"name":"(anonymous_7)","decl":{"start":{"line":85,"column":16},"end":{"line":85,"column":17}},"loc":{"start":{"line":85,"column":17},"end":{"line":85,"column":null}},"line":85},"8":{"name":"(anonymous_8)","decl":{"start":{"line":86,"column":15},"end":{"line":86,"column":21}},"loc":{"start":{"line":86,"column":21},"end":{"line":91,"column":null}},"line":86},"9":{"name":"(anonymous_9)","decl":{"start":{"line":92,"column":13},"end":{"line":92,"column":14}},"loc":{"start":{"line":92,"column":31},"end":{"line":103,"column":null}},"line":92},"10":{"name":"useUpdateElection","decl":{"start":{"line":111,"column":16},"end":{"line":111,"column":36}},"loc":{"start":{"line":111,"column":36},"end":{"line":142,"column":null}},"line":111},"11":{"name":"(anonymous_11)","decl":{"start":{"line":115,"column":16},"end":{"line":115,"column":17}},"loc":{"start":{"line":118,"column":4},"end":{"line":121,"column":null}},"line":118},"12":{"name":"(anonymous_12)","decl":{"start":{"line":122,"column":15},"end":{"line":122,"column":21}},"loc":{"start":{"line":122,"column":21},"end":{"line":128,"column":null}},"line":122},"13":{"name":"(anonymous_13)","decl":{"start":{"line":129,"column":13},"end":{"line":129,"column":14}},"loc":{"start":{"line":129,"column":31},"end":{"line":140,"column":null}},"line":129},"14":{"name":"useRefreshElection","decl":{"start":{"line":148,"column":16},"end":{"line":148,"column":37}},"loc":{"start":{"line":148,"column":37},"end":{"line":173,"column":null}},"line":148},"15":{"name":"(anonymous_15)","decl":{"start":{"line":152,"column":16},"end":{"line":152,"column":17}},"loc":{"start":{"line":152,"column":17},"end":{"line":152,"column":null}},"line":152},"16":{"name":"(anonymous_16)","decl":{"start":{"line":153,"column":15},"end":{"line":153,"column":16}},"loc":{"start":{"line":153,"column":25},"end":{"line":158,"column":null}},"line":153},"17":{"name":"(anonymous_17)","decl":{"start":{"line":159,"column":13},"end":{"line":159,"column":14}},"loc":{"start":{"line":159,"column":31},"end":{"line":171,"column":null}},"line":159}},"branchMap":{"0":{"loc":{"start":{"line":30,"column":6},"end":{"line":40,"column":null}},"type":"if","locations":[{"start":{"line":30,"column":6},"end":{"line":40,"column":null}},{"start":{},"end":{}}],"line":30},"1":{"loc":{"start":{"line":31,"column":8},"end":{"line":32,"column":null}},"type":"binary-expr","locations":[{"start":{"line":31,"column":8},"end":{"line":31,"column":null}},{"start":{"line":32,"column":8},"end":{"line":32,"column":null}}],"line":31},"2":{"loc":{"start":{"line":34,"column":8},"end":{"line":38,"column":null}},"type":"if","locations":[{"start":{"line":34,"column":8},"end":{"line":38,"column":null}},{"start":{"line":36,"column":15},"end":{"line":38,"column":null}}],"line":34},"3":{"loc":{"start":{"line":55,"column":6},"end":{"line":65,"column":null}},"type":"if","locations":[{"start":{"line":55,"column":6},"end":{"line":65,"column":null}},{"start":{},"end":{}}],"line":55},"4":{"loc":{"start":{"line":56,"column":8},"end":{"line":57,"column":null}},"type":"binary-expr","locations":[{"start":{"line":56,"column":8},"end":{"line":56,"column":null}},{"start":{"line":57,"column":8},"end":{"line":57,"column":null}}],"line":56},"5":{"loc":{"start":{"line":59,"column":8},"end":{"line":63,"column":null}},"type":"if","locations":[{"start":{"line":59,"column":8},"end":{"line":63,"column":null}},{"start":{"line":61,"column":15},"end":{"line":63,"column":null}}],"line":59},"6":{"loc":{"start":{"line":66,"column":6},"end":{"line":71,"column":null}},"type":"if","locations":[{"start":{"line":66,"column":6},"end":{"line":71,"column":null}},{"start":{},"end":{}}],"line":66},"7":{"loc":{"start":{"line":93,"column":6},"end":{"line":102,"column":null}},"type":"if","locations":[{"start":{"line":93,"column":6},"end":{"line":102,"column":null}},{"start":{"line":95,"column":6},"end":{"line":102,"column":null}}],"line":93},"8":{"loc":{"start":{"line":95,"column":6},"end":{"line":102,"column":null}},"type":"if","locations":[{"start":{"line":95,"column":6},"end":{"line":102,"column":null}},{"start":{"line":97,"column":13},"end":{"line":102,"column":null}}],"line":95},"9":{"loc":{"start":{"line":100,"column":12},"end":{"line":100,"column":null}},"type":"binary-expr","locations":[{"start":{"line":100,"column":12},"end":{"line":100,"column":29}},{"start":{"line":100,"column":29},"end":{"line":100,"column":null}}],"line":100},"10":{"loc":{"start":{"line":130,"column":6},"end":{"line":139,"column":null}},"type":"if","locations":[{"start":{"line":130,"column":6},"end":{"line":139,"column":null}},{"start":{"line":132,"column":6},"end":{"line":139,"column":null}}],"line":130},"11":{"loc":{"start":{"line":132,"column":6},"end":{"line":139,"column":null}},"type":"if","locations":[{"start":{"line":132,"column":6},"end":{"line":139,"column":null}},{"start":{"line":134,"column":13},"end":{"line":139,"column":null}}],"line":132},"12":{"loc":{"start":{"line":137,"column":12},"end":{"line":137,"column":null}},"type":"binary-expr","locations":[{"start":{"line":137,"column":12},"end":{"line":137,"column":29}},{"start":{"line":137,"column":29},"end":{"line":137,"column":null}}],"line":137},"13":{"loc":{"start":{"line":160,"column":6},"end":{"line":170,"column":null}},"type":"if","locations":[{"start":{"line":160,"column":6},"end":{"line":170,"column":null}},{"start":{"line":162,"column":6},"end":{"line":170,"column":null}}],"line":160},"14":{"loc":{"start":{"line":162,"column":6},"end":{"line":170,"column":null}},"type":"if","locations":[{"start":{"line":162,"column":6},"end":{"line":170,"column":null}},{"start":{"line":164,"column":13},"end":{"line":170,"column":null}}],"line":162},"15":{"loc":{"start":{"line":167,"column":12},"end":{"line":168,"column":null}},"type":"binary-expr","locations":[{"start":{"line":167,"column":12},"end":{"line":167,"column":null}},{"start":{"line":168,"column":12},"end":{"line":168,"column":null}}],"line":167}},"s":{"0":7,"1":3,"2":2,"3":2,"4":1,"5":1,"6":2,"7":0,"8":10,"9":7,"10":6,"11":2,"12":1,"13":1,"14":2,"15":4,"16":2,"17":2,"18":2,"19":8,"20":8,"21":4,"22":1,"23":1,"24":3,"25":1,"26":2,"27":1,"28":1,"29":8,"30":8,"31":4,"32":1,"33":1,"34":1,"35":3,"36":1,"37":2,"38":1,"39":1,"40":8,"41":8,"42":4,"43":1,"44":1,"45":3,"46":1,"47":2,"48":1,"49":1},"f":{"0":7,"1":3,"2":2,"3":10,"4":7,"5":6,"6":8,"7":4,"8":1,"9":3,"10":8,"11":4,"12":1,"13":3,"14":8,"15":4,"16":1,"17":3},"b":{"0":[2,0],"1":[2,1],"2":[1,1],"3":[2,4],"4":[6,5],"5":[1,1],"6":[2,2],"7":[1,2],"8":[1,1],"9":[1,0],"10":[1,2],"11":[1,1],"12":[1,0],"13":[1,2],"14":[1,1],"15":[1,0]},"meta":{"lastBranch":16,"lastFunction":18,"lastStatement":50,"seen":{"f:23:16:23:39":0,"s:24:2:43:Infinity":0,"f:26:13:26:19":1,"s:26:13:26:Infinity":1,"f:29:11:29:12":2,"b:30:6:40:Infinity:undefined:undefined:undefined:undefined":0,"s:30:6:40:Infinity":2,"b:31:8:31:Infinity:32:8:32:Infinity":1,"b:34:8:38:Infinity:36:15:38:Infinity":2,"s:34:8:38:Infinity":3,"s:35:10:35:Infinity":4,"s:37:10:37:Infinity":5,"s:39:8:39:Infinity":6,"s:41:6:41:Infinity":7,"f:49:16:49:36":3,"s:50:2:74:Infinity":8,"f:52:13:52:19":4,"s:52:13:52:Infinity":9,"f:54:11:54:12":5,"b:55:6:65:Infinity:undefined:undefined:undefined:undefined":3,"s:55:6:65:Infinity":10,"b:56:8:56:Infinity:57:8:57:Infinity":4,"b:59:8:63:Infinity:61:15:63:Infinity":5,"s:59:8:63:Infinity":11,"s:60:10:60:Infinity":12,"s:62:10:62:Infinity":13,"s:64:8:64:Infinity":14,"b:66:6:71:Infinity:undefined:undefined:undefined:undefined":6,"s:66:6:71:Infinity":15,"s:67:8:69:Infinity":16,"s:70:8:70:Infinity":17,"s:72:6:72:Infinity":18,"f:81:16:81:36":6,"s:82:8:82:Infinity":19,"s:84:2:104:Infinity":20,"f:85:16:85:17":7,"s:85:17:85:Infinity":21,"f:86:15:86:21":8,"s:87:6:87:Infinity":22,"s:88:6:90:Infinity":23,"f:92:13:92:14":9,"b:93:6:102:Infinity:95:6:102:Infinity":7,"s:93:6:102:Infinity":24,"s:94:8:94:Infinity":25,"b:95:6:102:Infinity:97:13:102:Infinity":8,"s:95:6:102:Infinity":26,"s:96:8:96:Infinity":27,"s:98:8:101:Infinity":28,"b:100:12:100:29:100:29:100:Infinity":9,"f:111:16:111:36":10,"s:112:8:112:Infinity":29,"s:114:2:141:Infinity":30,"f:115:16:115:17":11,"s:118:4:121:Infinity":31,"f:122:15:122:21":12,"s:123:6:123:Infinity":32,"s:124:6:124:Infinity":33,"s:125:6:127:Infinity":34,"f:129:13:129:14":13,"b:130:6:139:Infinity:132:6:139:Infinity":10,"s:130:6:139:Infinity":35,"s:131:8:131:Infinity":36,"b:132:6:139:Infinity:134:13:139:Infinity":11,"s:132:6:139:Infinity":37,"s:133:8:133:Infinity":38,"s:135:8:138:Infinity":39,"b:137:12:137:29:137:29:137:Infinity":12,"f:148:16:148:37":14,"s:149:8:149:Infinity":40,"s:151:2:172:Infinity":41,"f:152:16:152:17":15,"s:152:17:152:Infinity":42,"f:153:15:153:16":16,"s:154:6:154:Infinity":43,"s:155:6:157:Infinity":44,"f:159:13:159:14":17,"b:160:6:170:Infinity:162:6:170:Infinity":13,"s:160:6:170:Infinity":45,"s:161:8:161:Infinity":46,"b:162:6:170:Infinity:164:13:170:Infinity":14,"s:162:6:170:Infinity":47,"s:163:8:163:Infinity":48,"s:165:8:169:Infinity":49,"b:167:12:167:Infinity:168:12:168:Infinity":15}}}
,"/home/kwhatcher/projects/voter-web/src/lib/hooks/use-election-detail.ts": {"path":"/home/kwhatcher/projects/voter-web/src/lib/hooks/use-election-detail.ts","statementMap":{"0":{"start":{"line":11,"column":2},"end":{"line":31,"column":null}},"1":{"start":{"line":14,"column":23},"end":{"line":18,"column":null}},"2":{"start":{"line":19,"column":6},"end":{"line":19,"column":null}},"3":{"start":{"line":24,"column":6},"end":{"line":28,"column":null}},"4":{"start":{"line":25,"column":8},"end":{"line":27,"column":null}},"5":{"start":{"line":29,"column":6},"end":{"line":29,"column":null}}},"fnMap":{"0":{"name":"useElectionDetail","decl":{"start":{"line":10,"column":16},"end":{"line":10,"column":34}},"loc":{"start":{"line":10,"column":56},"end":{"line":32,"column":null}},"line":10},"1":{"name":"(anonymous_1)","decl":{"start":{"line":13,"column":13},"end":{"line":13,"column":25}},"loc":{"start":{"line":13,"column":25},"end":{"line":20,"column":null}},"line":13},"2":{"name":"(anonymous_2)","decl":{"start":{"line":23,"column":11},"end":{"line":23,"column":12}},"loc":{"start":{"line":23,"column":29},"end":{"line":30,"column":null}},"line":23}},"branchMap":{"0":{"loc":{"start":{"line":24,"column":6},"end":{"line":28,"column":null}},"type":"if","locations":[{"start":{"line":24,"column":6},"end":{"line":28,"column":null}},{"start":{},"end":{}}],"line":24}},"s":{"0":8,"1":6,"2":2,"3":3,"4":1,"5":3},"f":{"0":8,"1":6,"2":3},"b":{"0":[1,2]},"meta":{"lastBranch":1,"lastFunction":3,"lastStatement":6,"seen":{"f:10:16:10:34":0,"s:11:2:31:Infinity":0,"f:13:13:13:25":1,"s:14:23:18:Infinity":1,"s:19:6:19:Infinity":2,"f:23:11:23:12":2,"b:24:6:28:Infinity:undefined:undefined:undefined:undefined":0,"s:24:6:28:Infinity":3,"s:25:8:27:Infinity":4,"s:29:6:29:Infinity":5}}}
,"/home/kwhatcher/projects/voter-web/src/lib/hooks/use-election-filters.ts": {"path":"/home/kwhatcher/projects/voter-web/src/lib/hooks/use-election-filters.ts","statementMap":{"0":{"start":{"line":13,"column":50},"end":{"line":18,"column":null}},"1":{"start":{"line":20,"column":42},"end":{"line":23,"column":null}},"2":{"start":{"line":25,"column":13},"end":{"line":39,"column":null}},"3":{"start":{"line":25,"column":72},"end":{"line":39,"column":2}},"4":{"start":{"line":29,"column":4},"end":{"line":31,"column":null}},"5":{"start":{"line":29,"column":20},"end":{"line":31,"column":6}},"6":{"start":{"line":33,"column":4},"end":{"line":35,"column":null}},"7":{"start":{"line":33,"column":20},"end":{"line":35,"column":6}},"8":{"start":{"line":37,"column":4},"end":{"line":37,"column":null}},"9":{"start":{"line":38,"column":26},"end":{"line":38,"column":null}}},"fnMap":{"0":{"name":"(anonymous_0)","decl":{"start":{"line":25,"column":62},"end":{"line":25,"column":63}},"loc":{"start":{"line":25,"column":72},"end":{"line":39,"column":2}},"line":25},"1":{"name":"(anonymous_1)","decl":{"start":{"line":28,"column":22},"end":{"line":28,"column":23}},"loc":{"start":{"line":29,"column":4},"end":{"line":31,"column":null}},"line":29},"2":{"name":"(anonymous_2)","decl":{"start":{"line":29,"column":8},"end":{"line":29,"column":9}},"loc":{"start":{"line":29,"column":20},"end":{"line":31,"column":6}},"line":29},"3":{"name":"(anonymous_3)","decl":{"start":{"line":32,"column":18},"end":{"line":32,"column":19}},"loc":{"start":{"line":33,"column":4},"end":{"line":35,"column":null}},"line":33},"4":{"name":"(anonymous_4)","decl":{"start":{"line":33,"column":8},"end":{"line":33,"column":9}},"loc":{"start":{"line":33,"column":20},"end":{"line":35,"column":6}},"line":33},"5":{"name":"(anonymous_5)","decl":{"start":{"line":36,"column":24},"end":{"line":36,"column":null}},"loc":{"start":{"line":37,"column":4},"end":{"line":37,"column":null}},"line":37},"6":{"name":"(anonymous_6)","decl":{"start":{"line":38,"column":20},"end":{"line":38,"column":26}},"loc":{"start":{"line":38,"column":26},"end":{"line":38,"column":null}},"line":38}},"branchMap":{},"s":{"0":1,"1":1,"2":1,"3":1,"4":4,"5":4,"6":4,"7":4,"8":2,"9":1},"f":{"0":1,"1":4,"2":4,"3":4,"4":4,"5":2,"6":1},"b":{},"meta":{"lastBranch":0,"lastFunction":7,"lastStatement":10,"seen":{"s:13:50:18:Infinity":0,"s:20:42:23:Infinity":1,"s:25:13:39:Infinity":2,"f:25:62:25:63":0,"s:25:72:39:2":3,"f:28:22:28:23":1,"s:29:4:31:Infinity":4,"f:29:8:29:9":2,"s:29:20:31:6":5,"f:32:18:32:19":3,"s:33:4:35:Infinity":6,"f:33:8:33:9":4,"s:33:20:35:6":7,"f:36:24:36:Infinity":5,"s:37:4:37:Infinity":8,"f:38:20:38:26":6,"s:38:26:38:Infinity":9}}}
,"/home/kwhatcher/projects/voter-web/src/lib/hooks/use-elections.ts": {"path":"/home/kwhatcher/projects/voter-web/src/lib/hooks/use-elections.ts","statementMap":{"0":{"start":{"line":16,"column":2},"end":{"line":44,"column":null}},"1":{"start":{"line":19,"column":23},"end":{"line":23,"column":null}},"2":{"start":{"line":24,"column":6},"end":{"line":27,"column":null}},"3":{"start":{"line":31,"column":6},"end":{"line":36,"column":null}},"4":{"start":{"line":35,"column":8},"end":{"line":35,"column":null}},"5":{"start":{"line":37,"column":6},"end":{"line":41,"column":null}},"6":{"start":{"line":38,"column":8},"end":{"line":40,"column":null}},"7":{"start":{"line":42,"column":6},"end":{"line":42,"column":null}}},"fnMap":{"0":{"name":"useElections","decl":{"start":{"line":11,"column":16},"end":{"line":11,"column":null}},"loc":{"start":{"line":15,"column":2},"end":{"line":45,"column":null}},"line":15},"1":{"name":"(anonymous_1)","decl":{"start":{"line":18,"column":13},"end":{"line":18,"column":25}},"loc":{"start":{"line":18,"column":25},"end":{"line":28,"column":null}},"line":18},"2":{"name":"(anonymous_2)","decl":{"start":{"line":30,"column":11},"end":{"line":30,"column":12}},"loc":{"start":{"line":30,"column":36},"end":{"line":43,"column":null}},"line":30}},"branchMap":{"0":{"loc":{"start":{"line":13,"column":2},"end":{"line":13,"column":null}},"type":"default-arg","locations":[{"start":{"line":13,"column":9},"end":{"line":13,"column":null}}],"line":13},"1":{"loc":{"start":{"line":14,"column":2},"end":{"line":14,"column":null}},"type":"default-arg","locations":[{"start":{"line":14,"column":13},"end":{"line":14,"column":null}}],"line":14},"2":{"loc":{"start":{"line":31,"column":6},"end":{"line":36,"column":null}},"type":"if","locations":[{"start":{"line":31,"column":6},"end":{"line":36,"column":null}},{"start":{},"end":{}}],"line":31},"3":{"loc":{"start":{"line":32,"column":8},"end":{"line":33,"column":null}},"type":"binary-expr","locations":[{"start":{"line":32,"column":8},"end":{"line":32,"column":null}},{"start":{"line":33,"column":8},"end":{"line":33,"column":null}}],"line":32},"4":{"loc":{"start":{"line":37,"column":6},"end":{"line":41,"column":null}},"type":"if","locations":[{"start":{"line":37,"column":6},"end":{"line":41,"column":null}},{"start":{},"end":{}}],"line":37}},"s":{"0":10,"1":8,"2":4,"3":3,"4":0,"5":3,"6":1,"7":3},"f":{"0":10,"1":8,"2":3},"b":{"0":[10],"1":[10],"2":[0,3],"3":[3,3],"4":[1,2]},"meta":{"lastBranch":5,"lastFunction":3,"lastStatement":8,"seen":{"f:11:16:11:Infinity":0,"b:13:9:13:Infinity":0,"b:14:13:14:Infinity":1,"s:16:2:44:Infinity":0,"f:18:13:18:25":1,"s:19:23:23:Infinity":1,"s:24:6:27:Infinity":2,"f:30:11:30:12":2,"b:31:6:36:Infinity:undefined:undefined:undefined:undefined":2,"s:31:6:36:Infinity":3,"b:32:8:32:Infinity:33:8:33:Infinity":3,"s:35:8:35:Infinity":4,"b:37:6:41:Infinity:undefined:undefined:undefined:undefined":4,"s:37:6:41:Infinity":5,"s:38:8:40:Infinity":6,"s:42:6:42:Infinity":7}}}
,"/home/kwhatcher/projects/voter-web/src/lib/hooks/use-race-geojson.ts": {"path":"/home/kwhatcher/projects/voter-web/src/lib/hooks/use-race-geojson.ts","statementMap":{"0":{"start":{"line":15,"column":2},"end":{"line":21,"column":null}},"1":{"start":{"line":17,"column":13},"end":{"line":17,"column":null}},"2":{"start":{"line":31,"column":2},"end":{"line":37,"column":null}},"3":{"start":{"line":33,"column":13},"end":{"line":33,"column":null}}},"fnMap":{"0":{"name":"useCountyResultsGeoJSON","decl":{"start":{"line":14,"column":16},"end":{"line":14,"column":40}},"loc":{"start":{"line":14,"column":60},"end":{"line":22,"column":null}},"line":14},"1":{"name":"(anonymous_1)","decl":{"start":{"line":17,"column":13},"end":{"line":17,"column":19}},"loc":{"start":{"line":17,"column":13},"end":{"line":17,"column":null}},"line":17},"2":{"name":"usePrecinctResultsGeoJSON","decl":{"start":{"line":27,"column":16},"end":{"line":27,"column":null}},"loc":{"start":{"line":30,"column":2},"end":{"line":38,"column":null}},"line":30},"3":{"name":"(anonymous_3)","decl":{"start":{"line":33,"column":13},"end":{"line":33,"column":19}},"loc":{"start":{"line":33,"column":13},"end":{"line":33,"column":null}},"line":33}},"branchMap":{},"s":{"0":4,"1":2,"2":6,"3":3},"f":{"0":4,"1":2,"2":6,"3":3},"b":{},"meta":{"lastBranch":0,"lastFunction":4,"lastStatement":4,"seen":{"f:14:16:14:40":0,"s:15:2:21:Infinity":0,"f:17:13:17:19":1,"s:17:13:17:Infinity":1,"f:27:16:27:Infinity":2,"s:31:2:37:Infinity":2,"f:33:13:33:19":3,"s:33:13:33:Infinity":3}}}
,"/home/kwhatcher/projects/voter-web/src/lib/hooks/use-race-results.ts": {"path":"/home/kwhatcher/projects/voter-web/src/lib/hooks/use-race-results.ts","statementMap":{"0":{"start":{"line":22,"column":2},"end":{"line":46,"column":null}},"1":{"start":{"line":25,"column":34},"end":{"line":28,"column":null}},"2":{"start":{"line":29,"column":6},"end":{"line":29,"column":null}},"3":{"start":{"line":34,"column":6},"end":{"line":38,"column":null}},"4":{"start":{"line":35,"column":8},"end":{"line":37,"column":null}},"5":{"start":{"line":39,"column":6},"end":{"line":39,"column":null}},"6":{"start":{"line":42,"column":19},"end":{"line":42,"column":null}},"7":{"start":{"line":43,"column":6},"end":{"line":43,"column":null}},"8":{"start":{"line":43,"column":46},"end":{"line":43,"column":null}},"9":{"start":{"line":44,"column":6},"end":{"line":44,"column":null}}},"fnMap":{"0":{"name":"useRaceResults","decl":{"start":{"line":21,"column":16},"end":{"line":21,"column":31}},"loc":{"start":{"line":21,"column":51},"end":{"line":47,"column":null}},"line":21},"1":{"name":"(anonymous_1)","decl":{"start":{"line":24,"column":13},"end":{"line":24,"column":51}},"loc":{"start":{"line":24,"column":51},"end":{"line":30,"column":null}},"line":24},"2":{"name":"(anonymous_2)","decl":{"start":{"line":33,"column":11},"end":{"line":33,"column":12}},"loc":{"start":{"line":33,"column":29},"end":{"line":40,"column":null}},"line":33},"3":{"name":"(anonymous_3)","decl":{"start":{"line":41,"column":21},"end":{"line":41,"column":22}},"loc":{"start":{"line":41,"column":32},"end":{"line":45,"column":null}},"line":41}},"branchMap":{"0":{"loc":{"start":{"line":34,"column":6},"end":{"line":38,"column":null}},"type":"if","locations":[{"start":{"line":34,"column":6},"end":{"line":38,"column":null}},{"start":{},"end":{}}],"line":34},"1":{"loc":{"start":{"line":43,"column":6},"end":{"line":43,"column":null}},"type":"if","locations":[{"start":{"line":43,"column":6},"end":{"line":43,"column":null}},{"start":{},"end":{}}],"line":43},"2":{"loc":{"start":{"line":44,"column":14},"end":{"line":44,"column":63}},"type":"binary-expr","locations":[{"start":{"line":44,"column":14},"end":{"line":44,"column":56}},{"start":{"line":44,"column":56},"end":{"line":44,"column":63}}],"line":44}},"s":{"0":10,"1":7,"2":3,"3":3,"4":1,"5":3,"6":33,"7":33,"8":29,"9":4},"f":{"0":10,"1":7,"2":3,"3":33},"b":{"0":[1,2],"1":[29,4],"2":[4,0]},"meta":{"lastBranch":3,"lastFunction":4,"lastStatement":10,"seen":{"f:21:16:21:31":0,"s:22:2:46:Infinity":0,"f:24:13:24:51":1,"s:25:34:28:Infinity":1,"s:29:6:29:Infinity":2,"f:33:11:33:12":2,"b:34:6:38:Infinity:undefined:undefined:undefined:undefined":0,"s:34:6:38:Infinity":3,"s:35:8:37:Infinity":4,"s:39:6:39:Infinity":5,"f:41:21:41:22":3,"s:42:19:42:Infinity":6,"b:43:6:43:Infinity:undefined:undefined:undefined:undefined":1,"s:43:6:43:Infinity":7,"s:43:46:43:Infinity":8,"s:44:6:44:Infinity":9,"b:44:14:44:56:44:56:44:63":2}}}
,"/home/kwhatcher/projects/voter-web/src/types/admin.ts": {"path":"/home/kwhatcher/projects/voter-web/src/types/admin.ts","statementMap":{"0":{"start":{"line":25,"column":4},"end":{"line":25,"column":null}},"1":{"start":{"line":26,"column":4},"end":{"line":26,"column":null}},"2":{"start":{"line":37,"column":4},"end":{"line":37,"column":null}},"3":{"start":{"line":38,"column":4},"end":{"line":38,"column":null}},"4":{"start":{"line":47,"column":4},"end":{"line":47,"column":null}},"5":{"start":{"line":48,"column":4},"end":{"line":48,"column":null}},"6":{"start":{"line":502,"column":2},"end":{"line":502,"column":null}},"7":{"start":{"line":510,"column":2},"end":{"line":510,"column":null}},"8":{"start":{"line":517,"column":2},"end":{"line":517,"column":null}},"9":{"start":{"line":524,"column":2},"end":{"line":524,"column":null}},"10":{"start":{"line":532,"column":2},"end":{"line":534,"column":null}},"11":{"start":{"line":533,"column":4},"end":{"line":533,"column":null}},"12":{"start":{"line":535,"column":2},"end":{"line":537,"column":null}},"13":{"start":{"line":536,"column":4},"end":{"line":536,"column":null}},"14":{"start":{"line":538,"column":2},"end":{"line":538,"column":null}},"15":{"start":{"line":548,"column":29},"end":{"line":548,"column":null}},"16":{"start":{"line":553,"column":32},"end":{"line":553,"column":null}},"17":{"start":{"line":558,"column":35},"end":{"line":566,"column":null}}},"fnMap":{"0":{"name":"(anonymous_0)","decl":{"start":{"line":24,"column":2},"end":{"line":24,"column":14}},"loc":{"start":{"line":24,"column":74},"end":{"line":27,"column":null}},"line":24},"1":{"name":"(anonymous_1)","decl":{"start":{"line":34,"column":2},"end":{"line":34,"column":null}},"loc":{"start":{"line":36,"column":4},"end":{"line":39,"column":null}},"line":36},"2":{"name":"(anonymous_2)","decl":{"start":{"line":46,"column":2},"end":{"line":46,"column":14}},"loc":{"start":{"line":46,"column":66},"end":{"line":49,"column":null}},"line":46},"3":{"name":"isActiveJob","decl":{"start":{"line":501,"column":16},"end":{"line":501,"column":28}},"loc":{"start":{"line":501,"column":65},"end":{"line":503,"column":null}},"line":501},"4":{"name":"isTerminalJob","decl":{"start":{"line":509,"column":16},"end":{"line":509,"column":30}},"loc":{"start":{"line":509,"column":67},"end":{"line":511,"column":null}},"line":509},"5":{"name":"isFailedImport","decl":{"start":{"line":516,"column":16},"end":{"line":516,"column":31}},"loc":{"start":{"line":516,"column":71},"end":{"line":518,"column":null}},"line":516},"6":{"name":"isCompletedExport","decl":{"start":{"line":523,"column":16},"end":{"line":523,"column":34}},"loc":{"start":{"line":523,"column":77},"end":{"line":525,"column":null}},"line":523},"7":{"name":"getImportProgress","decl":{"start":{"line":531,"column":16},"end":{"line":531,"column":34}},"loc":{"start":{"line":531,"column":65},"end":{"line":539,"column":null}},"line":531}},"branchMap":{"0":{"loc":{"start":{"line":24,"column":14},"end":{"line":24,"column":74}},"type":"default-arg","locations":[{"start":{"line":24,"column":24},"end":{"line":24,"column":74}}],"line":24},"1":{"loc":{"start":{"line":35,"column":4},"end":{"line":35,"column":null}},"type":"default-arg","locations":[{"start":{"line":35,"column":14},"end":{"line":35,"column":null}}],"line":35},"2":{"loc":{"start":{"line":46,"column":14},"end":{"line":46,"column":66}},"type":"default-arg","locations":[{"start":{"line":46,"column":24},"end":{"line":46,"column":66}}],"line":46},"3":{"loc":{"start":{"line":502,"column":9},"end":{"line":502,"column":null}},"type":"binary-expr","locations":[{"start":{"line":502,"column":9},"end":{"line":502,"column":37}},{"start":{"line":502,"column":37},"end":{"line":502,"column":null}}],"line":502},"4":{"loc":{"start":{"line":510,"column":9},"end":{"line":510,"column":null}},"type":"binary-expr","locations":[{"start":{"line":510,"column":9},"end":{"line":510,"column":39}},{"start":{"line":510,"column":39},"end":{"line":510,"column":null}}],"line":510},"5":{"loc":{"start":{"line":532,"column":2},"end":{"line":534,"column":null}},"type":"if","locations":[{"start":{"line":532,"column":2},"end":{"line":534,"column":null}},{"start":{},"end":{}}],"line":532},"6":{"loc":{"start":{"line":532,"column":6},"end":{"line":532,"column":60}},"type":"binary-expr","locations":[{"start":{"line":532,"column":6},"end":{"line":532,"column":37}},{"start":{"line":532,"column":37},"end":{"line":532,"column":60}}],"line":532},"7":{"loc":{"start":{"line":535,"column":2},"end":{"line":537,"column":null}},"type":"if","locations":[{"start":{"line":535,"column":2},"end":{"line":537,"column":null}},{"start":{},"end":{}}],"line":535}},"s":{"0":7,"1":7,"2":7,"3":7,"4":3,"5":3,"6":4,"7":4,"8":2,"9":2,"10":4,"11":1,"12":3,"13":1,"14":2,"15":3,"16":3,"17":3},"f":{"0":7,"1":7,"2":3,"3":4,"4":4,"5":2,"6":2,"7":4},"b":{"0":[7],"1":[7],"2":[3],"3":[4,3],"4":[4,3],"5":[1,3],"6":[4,1],"7":[1,2]},"meta":{"lastBranch":8,"lastFunction":8,"lastStatement":18,"seen":{"f:24:2:24:14":0,"b:24:24:24:74":0,"s:25:4:25:Infinity":0,"s:26:4:26:Infinity":1,"f:34:2:34:Infinity":1,"b:35:14:35:Infinity":1,"s:37:4:37:Infinity":2,"s:38:4:38:Infinity":3,"f:46:2:46:14":2,"b:46:24:46:66":2,"s:47:4:47:Infinity":4,"s:48:4:48:Infinity":5,"f:501:16:501:28":3,"s:502:2:502:Infinity":6,"b:502:9:502:37:502:37:502:Infinity":3,"f:509:16:509:30":4,"s:510:2:510:Infinity":7,"b:510:9:510:39:510:39:510:Infinity":4,"f:516:16:516:31":5,"s:517:2:517:Infinity":8,"f:523:16:523:34":6,"s:524:2:524:Infinity":9,"f:531:16:531:34":7,"b:532:2:534:Infinity:undefined:undefined:undefined:undefined":5,"s:532:2:534:Infinity":10,"b:532:6:532:37:532:37:532:60":6,"s:533:4:533:Infinity":11,"b:535:2:537:Infinity:undefined:undefined:undefined:undefined":7,"s:535:2:537:Infinity":12,"s:536:4:536:Infinity":13,"s:538:2:538:Infinity":14,"s:548:29:548:Infinity":15,"s:553:32:553:Infinity":16,"s:558:35:566:Infinity":17}}}
,"/home/kwhatcher/projects/voter-web/src/types/elections.ts": {"path":"/home/kwhatcher/projects/voter-web/src/types/elections.ts","statementMap":{"0":{"start":{"line":221,"column":78},"end":{"line":227,"column":null}},"1":{"start":{"line":230,"column":35},"end":{"line":230,"column":null}},"2":{"start":{"line":234,"column":2},"end":{"line":234,"column":null}},"3":{"start":{"line":239,"column":2},"end":{"line":239,"column":null}},"4":{"start":{"line":239,"column":24},"end":{"line":239,"column":null}},"5":{"start":{"line":240,"column":2},"end":{"line":240,"column":null}},"6":{"start":{"line":245,"column":2},"end":{"line":245,"column":null}},"7":{"start":{"line":245,"column":27},"end":{"line":245,"column":null}},"8":{"start":{"line":246,"column":2},"end":{"line":246,"column":null}},"9":{"start":{"line":251,"column":2},"end":{"line":251,"column":null}},"10":{"start":{"line":256,"column":2},"end":{"line":256,"column":null}},"11":{"start":{"line":266,"column":16},"end":{"line":266,"column":null}},"12":{"start":{"line":267,"column":2},"end":{"line":267,"column":null}},"13":{"start":{"line":267,"column":86},"end":{"line":267,"column":null}},"14":{"start":{"line":268,"column":2},"end":{"line":268,"column":null}},"15":{"start":{"line":268,"column":75},"end":{"line":268,"column":null}},"16":{"start":{"line":269,"column":2},"end":{"line":269,"column":null}},"17":{"start":{"line":269,"column":73},"end":{"line":269,"column":null}},"18":{"start":{"line":270,"column":2},"end":{"line":270,"column":null}},"19":{"start":{"line":275,"column":2},"end":{"line":275,"column":null}},"20":{"start":{"line":275,"column":39},"end":{"line":275,"column":59}},"21":{"start":{"line":280,"column":2},"end":{"line":280,"column":null}},"22":{"start":{"line":280,"column":31},"end":{"line":280,"column":null}},"23":{"start":{"line":281,"column":2},"end":{"line":281,"column":null}},"24":{"start":{"line":281,"column":43},"end":{"line":281,"column":89}},"25":{"start":{"line":286,"column":18},"end":{"line":286,"column":null}},"26":{"start":{"line":288,"column":2},"end":{"line":295,"column":null}},"27":{"start":{"line":289,"column":21},"end":{"line":289,"column":null}},"28":{"start":{"line":290,"column":4},"end":{"line":294,"column":null}},"29":{"start":{"line":291,"column":6},"end":{"line":291,"column":null}},"30":{"start":{"line":293,"column":6},"end":{"line":293,"column":null}},"31":{"start":{"line":297,"column":2},"end":{"line":305,"column":null}},"32":{"start":{"line":298,"column":29},"end":{"line":304,"column":6}},"33":{"start":{"line":300,"column":42},"end":{"line":300,"column":57}},"34":{"start":{"line":303,"column":40},"end":{"line":303,"column":61}},"35":{"start":{"line":305,"column":20},"end":{"line":305,"column":48}}},"fnMap":{"0":{"name":"getPartyColor","decl":{"start":{"line":233,"column":16},"end":{"line":233,"column":30}},"loc":{"start":{"line":233,"column":79},"end":{"line":235,"column":null}},"line":233},"1":{"name":"getVotePercentage","decl":{"start":{"line":238,"column":16},"end":{"line":238,"column":34}},"loc":{"start":{"line":238,"column":86},"end":{"line":241,"column":null}},"line":238},"2":{"name":"getReportingPercentage","decl":{"start":{"line":244,"column":16},"end":{"line":244,"column":39}},"loc":{"start":{"line":244,"column":89},"end":{"line":247,"column":null}},"line":244},"3":{"name":"isActiveElection","decl":{"start":{"line":250,"column":16},"end":{"line":250,"column":33}},"loc":{"start":{"line":250,"column":62},"end":{"line":252,"column":null}},"line":250},"4":{"name":"getCertificationLabel","decl":{"start":{"line":255,"column":16},"end":{"line":255,"column":38}},"loc":{"start":{"line":255,"column":70},"end":{"line":257,"column":null}},"line":255},"5":{"name":"categorizeRace","decl":{"start":{"line":265,"column":16},"end":{"line":265,"column":31}},"loc":{"start":{"line":265,"column":63},"end":{"line":271,"column":null}},"line":265},"6":{"name":"getTotalVotes","decl":{"start":{"line":274,"column":16},"end":{"line":274,"column":30}},"loc":{"start":{"line":274,"column":69},"end":{"line":276,"column":null}},"line":274},"7":{"name":"(anonymous_7)","decl":{"start":{"line":275,"column":27},"end":{"line":275,"column":28}},"loc":{"start":{"line":275,"column":39},"end":{"line":275,"column":59}},"line":275},"8":{"name":"getLeadingCandidate","decl":{"start":{"line":279,"column":16},"end":{"line":279,"column":36}},"loc":{"start":{"line":279,"column":91},"end":{"line":282,"column":null}},"line":279},"9":{"name":"(anonymous_9)","decl":{"start":{"line":281,"column":27},"end":{"line":281,"column":28}},"loc":{"start":{"line":281,"column":43},"end":{"line":281,"column":89}},"line":281},"10":{"name":"groupElectionsByDate","decl":{"start":{"line":285,"column":16},"end":{"line":285,"column":37}},"loc":{"start":{"line":285,"column":77},"end":{"line":306,"column":null}},"line":285},"11":{"name":"(anonymous_11)","decl":{"start":{"line":298,"column":9},"end":{"line":298,"column":10}},"loc":{"start":{"line":298,"column":29},"end":{"line":304,"column":6}},"line":298},"12":{"name":"(anonymous_12)","decl":{"start":{"line":300,"column":35},"end":{"line":300,"column":36}},"loc":{"start":{"line":300,"column":42},"end":{"line":300,"column":57}},"line":300},"13":{"name":"(anonymous_13)","decl":{"start":{"line":303,"column":33},"end":{"line":303,"column":34}},"loc":{"start":{"line":303,"column":40},"end":{"line":303,"column":61}},"line":303},"14":{"name":"(anonymous_14)","decl":{"start":{"line":305,"column":10},"end":{"line":305,"column":11}},"loc":{"start":{"line":305,"column":20},"end":{"line":305,"column":48}},"line":305}},"branchMap":{"0":{"loc":{"start":{"line":234,"column":9},"end":{"line":234,"column":null}},"type":"binary-expr","locations":[{"start":{"line":234,"column":9},"end":{"line":234,"column":32}},{"start":{"line":234,"column":32},"end":{"line":234,"column":null}}],"line":234},"1":{"loc":{"start":{"line":239,"column":2},"end":{"line":239,"column":null}},"type":"if","locations":[{"start":{"line":239,"column":2},"end":{"line":239,"column":null}},{"start":{},"end":{}}],"line":239},"2":{"loc":{"start":{"line":245,"column":2},"end":{"line":245,"column":null}},"type":"if","locations":[{"start":{"line":245,"column":2},"end":{"line":245,"column":null}},{"start":{},"end":{}}],"line":245},"3":{"loc":{"start":{"line":256,"column":9},"end":{"line":256,"column":null}},"type":"cond-expr","locations":[{"start":{"line":256,"column":31},"end":{"line":256,"column":54}},{"start":{"line":256,"column":54},"end":{"line":256,"column":null}}],"line":256},"4":{"loc":{"start":{"line":267,"column":2},"end":{"line":267,"column":null}},"type":"if","locations":[{"start":{"line":267,"column":2},"end":{"line":267,"column":null}},{"start":{},"end":{}}],"line":267},"5":{"loc":{"start":{"line":267,"column":6},"end":{"line":267,"column":86}},"type":"binary-expr","locations":[{"start":{"line":267,"column":6},"end":{"line":267,"column":31}},{"start":{"line":267,"column":31},"end":{"line":267,"column":57}},{"start":{"line":267,"column":57},"end":{"line":267,"column":86}}],"line":267},"6":{"loc":{"start":{"line":268,"column":2},"end":{"line":268,"column":null}},"type":"if","locations":[{"start":{"line":268,"column":2},"end":{"line":268,"column":null}},{"start":{},"end":{}}],"line":268},"7":{"loc":{"start":{"line":268,"column":6},"end":{"line":268,"column":75}},"type":"binary-expr","locations":[{"start":{"line":268,"column":6},"end":{"line":268,"column":40}},{"start":{"line":268,"column":40},"end":{"line":268,"column":75}}],"line":268},"8":{"loc":{"start":{"line":269,"column":2},"end":{"line":269,"column":null}},"type":"if","locations":[{"start":{"line":269,"column":2},"end":{"line":269,"column":null}},{"start":{},"end":{}}],"line":269},"9":{"loc":{"start":{"line":269,"column":6},"end":{"line":269,"column":73}},"type":"binary-expr","locations":[{"start":{"line":269,"column":6},"end":{"line":269,"column":39}},{"start":{"line":269,"column":39},"end":{"line":269,"column":73}}],"line":269},"10":{"loc":{"start":{"line":280,"column":2},"end":{"line":280,"column":null}},"type":"if","locations":[{"start":{"line":280,"column":2},"end":{"line":280,"column":null}},{"start":{},"end":{}}],"line":280},"11":{"loc":{"start":{"line":281,"column":43},"end":{"line":281,"column":89}},"type":"cond-expr","locations":[{"start":{"line":281,"column":78},"end":{"line":281,"column":82}},{"start":{"line":281,"column":82},"end":{"line":281,"column":89}}],"line":281},"12":{"loc":{"start":{"line":290,"column":4},"end":{"line":294,"column":null}},"type":"if","locations":[{"start":{"line":290,"column":4},"end":{"line":294,"column":null}},{"start":{"line":292,"column":11},"end":{"line":294,"column":null}}],"line":290}},"s":{"0":6,"1":6,"2":28,"3":26,"4":2,"5":24,"6":11,"7":1,"8":10,"9":2,"10":6,"11":10,"12":10,"13":3,"14":7,"15":2,"16":5,"17":2,"18":3,"19":10,"20":17,"21":3,"22":1,"23":2,"24":2,"25":11,"26":11,"27":27,"28":27,"29":10,"30":17,"31":11,"32":17,"33":27,"34":18,"35":9},"f":{"0":28,"1":26,"2":11,"3":2,"4":6,"5":10,"6":10,"7":17,"8":3,"9":2,"10":11,"11":17,"12":27,"13":18,"14":9},"b":{"0":[28,2],"1":[2,24],"2":[1,10],"3":[3,3],"4":[3,7],"5":[10,9,8],"6":[2,5],"7":[7,6],"8":[2,3],"9":[5,4],"10":[1,2],"11":[1,1],"12":[10,17]},"meta":{"lastBranch":13,"lastFunction":15,"lastStatement":36,"seen":{"s:221:78:227:Infinity":0,"s:230:35:230:Infinity":1,"f:233:16:233:30":0,"s:234:2:234:Infinity":2,"b:234:9:234:32:234:32:234:Infinity":0,"f:238:16:238:34":1,"b:239:2:239:Infinity:undefined:undefined:undefined:undefined":1,"s:239:2:239:Infinity":3,"s:239:24:239:Infinity":4,"s:240:2:240:Infinity":5,"f:244:16:244:39":2,"b:245:2:245:Infinity:undefined:undefined:undefined:undefined":2,"s:245:2:245:Infinity":6,"s:245:27:245:Infinity":7,"s:246:2:246:Infinity":8,"f:250:16:250:33":3,"s:251:2:251:Infinity":9,"f:255:16:255:38":4,"s:256:2:256:Infinity":10,"b:256:31:256:54:256:54:256:Infinity":3,"f:265:16:265:31":5,"s:266:16:266:Infinity":11,"b:267:2:267:Infinity:undefined:undefined:undefined:undefined":4,"s:267:2:267:Infinity":12,"b:267:6:267:31:267:31:267:57:267:57:267:86":5,"s:267:86:267:Infinity":13,"b:268:2:268:Infinity:undefined:undefined:undefined:undefined":6,"s:268:2:268:Infinity":14,"b:268:6:268:40:268:40:268:75":7,"s:268:75:268:Infinity":15,"b:269:2:269:Infinity:undefined:undefined:undefined:undefined":8,"s:269:2:269:Infinity":16,"b:269:6:269:39:269:39:269:73":9,"s:269:73:269:Infinity":17,"s:270:2:270:Infinity":18,"f:274:16:274:30":6,"s:275:2:275:Infinity":19,"f:275:27:275:28":7,"s:275:39:275:59":20,"f:279:16:279:36":8,"b:280:2:280:Infinity:undefined:undefined:undefined:undefined":10,"s:280:2:280:Infinity":21,"s:280:31:280:Infinity":22,"s:281:2:281:Infinity":23,"f:281:27:281:28":9,"s:281:43:281:89":24,"b:281:78:281:82:281:82:281:89":11,"f:285:16:285:37":10,"s:286:18:286:Infinity":25,"s:288:2:295:Infinity":26,"s:289:21:289:Infinity":27,"b:290:4:294:Infinity:292:11:294:Infinity":12,"s:290:4:294:Infinity":28,"s:291:6:291:Infinity":29,"s:293:6:293:Infinity":30,"s:297:2:305:Infinity":31,"f:298:9:298:10":11,"s:298:29:304:6":32,"f:300:35:300:36":12,"s:300:42:300:57":33,"f:303:33:303:34":13,"s:303:40:303:61":34,"f:305:10:305:11":14,"s:305:20:305:48":35}}}
}
