{"/home/kwhatcher/projects/voter-web/src/api/client.ts": {"path":"/home/kwhatcher/projects/voter-web/src/api/client.ts","statementMap":{"0":{"start":{"line":6,"column":2},"end":{"line":6,"column":null}},"1":{"start":{"line":8,"column":19},"end":{"line":8,"column":null}},"2":{"start":{"line":9,"column":43},"end":{"line":9,"column":null}},"3":{"start":{"line":11,"column":19},"end":{"line":93,"column":null}},"4":{"start":{"line":17,"column":22},"end":{"line":17,"column":null}},"5":{"start":{"line":18,"column":8},"end":{"line":20,"column":null}},"6":{"start":{"line":19,"column":10},"end":{"line":19,"column":null}},"7":{"start":{"line":26,"column":8},"end":{"line":72,"column":null}},"8":{"start":{"line":28,"column":10},"end":{"line":33,"column":null}},"9":{"start":{"line":32,"column":12},"end":{"line":32,"column":null}},"10":{"start":{"line":36,"column":35},"end":{"line":36,"column":null}},"11":{"start":{"line":38,"column":10},"end":{"line":54,"column":null}},"12":{"start":{"line":39,"column":12},"end":{"line":39,"column":null}},"13":{"start":{"line":40,"column":12},"end":{"line":53,"column":null}},"14":{"start":{"line":44,"column":16},"end":{"line":44,"column":null}},"15":{"start":{"line":45,"column":16},"end":{"line":45,"column":null}},"16":{"start":{"line":48,"column":16},"end":{"line":48,"column":null}},"17":{"start":{"line":49,"column":16},"end":{"line":49,"column":null}},"18":{"start":{"line":50,"column":16},"end":{"line":50,"column":null}},"19":{"start":{"line":51,"column":16},"end":{"line":51,"column":null}},"20":{"start":{"line":52,"column":16},"end":{"line":52,"column":null}},"21":{"start":{"line":56,"column":10},"end":{"line":62,"column":null}},"22":{"start":{"line":57,"column":12},"end":{"line":57,"column":null}},"23":{"start":{"line":59,"column":12},"end":{"line":61,"column":null}},"24":{"start":{"line":65,"column":27},"end":{"line":65,"column":null}},"25":{"start":{"line":66,"column":10},"end":{"line":69,"column":null}},"26":{"start":{"line":67,"column":12},"end":{"line":67,"column":null}},"27":{"start":{"line":68,"column":12},"end":{"line":68,"column":null}},"28":{"start":{"line":71,"column":10},"end":{"line":71,"column":null}},"29":{"start":{"line":75,"column":8},"end":{"line":77,"column":null}},"30":{"start":{"line":76,"column":10},"end":{"line":76,"column":null}},"31":{"start":{"line":79,"column":8},"end":{"line":79,"column":null}},"32":{"start":{"line":90,"column":6},"end":{"line":90,"column":null}}},"fnMap":{"0":{"name":"(anonymous_0)","decl":{"start":{"line":16,"column":6},"end":{"line":16,"column":7}},"loc":{"start":{"line":16,"column":19},"end":{"line":21,"column":null}},"line":16},"1":{"name":"(anonymous_1)","decl":{"start":{"line":24,"column":6},"end":{"line":24,"column":13}},"loc":{"start":{"line":24,"column":45},"end":{"line":80,"column":null}},"line":24},"2":{"name":"(anonymous_2)","decl":{"start":{"line":43,"column":20},"end":{"line":43,"column":26}},"loc":{"start":{"line":43,"column":26},"end":{"line":46,"column":15}},"line":43},"3":{"name":"(anonymous_3)","decl":{"start":{"line":47,"column":21},"end":{"line":47,"column":27}},"loc":{"start":{"line":47,"column":27},"end":{"line":53,"column":15}},"line":47},"4":{"name":"(anonymous_4)","decl":{"start":{"line":89,"column":11},"end":{"line":89,"column":12}},"loc":{"start":{"line":90,"column":6},"end":{"line":90,"column":null}},"line":90}},"branchMap":{"0":{"loc":{"start":{"line":6,"column":2},"end":{"line":6,"column":null}},"type":"binary-expr","locations":[{"start":{"line":6,"column":2},"end":{"line":6,"column":39}},{"start":{"line":6,"column":39},"end":{"line":6,"column":null}}],"line":6},"1":{"loc":{"start":{"line":18,"column":8},"end":{"line":20,"column":null}},"type":"if","locations":[{"start":{"line":18,"column":8},"end":{"line":20,"column":null}},{"start":{},"end":{}}],"line":18},"2":{"loc":{"start":{"line":26,"column":8},"end":{"line":72,"column":null}},"type":"if","locations":[{"start":{"line":26,"column":8},"end":{"line":72,"column":null}},{"start":{},"end":{}}],"line":26},"3":{"loc":{"start":{"line":28,"column":10},"end":{"line":33,"column":null}},"type":"if","locations":[{"start":{"line":28,"column":10},"end":{"line":33,"column":null}},{"start":{},"end":{}}],"line":28},"4":{"loc":{"start":{"line":29,"column":12},"end":{"line":30,"column":null}},"type":"binary-expr","locations":[{"start":{"line":29,"column":12},"end":{"line":29,"column":null}},{"start":{"line":30,"column":12},"end":{"line":30,"column":null}}],"line":29},"5":{"loc":{"start":{"line":38,"column":10},"end":{"line":54,"column":null}},"type":"if","locations":[{"start":{"line":38,"column":10},"end":{"line":54,"column":null}},{"start":{},"end":{}}],"line":38},"6":{"loc":{"start":{"line":59,"column":18},"end":{"line":61,"column":null}},"type":"cond-expr","locations":[{"start":{"line":60,"column":16},"end":{"line":60,"column":null}},{"start":{"line":61,"column":16},"end":{"line":61,"column":null}}],"line":59},"7":{"loc":{"start":{"line":66,"column":10},"end":{"line":69,"column":null}},"type":"if","locations":[{"start":{"line":66,"column":10},"end":{"line":69,"column":null}},{"start":{},"end":{}}],"line":66},"8":{"loc":{"start":{"line":75,"column":8},"end":{"line":77,"column":null}},"type":"if","locations":[{"start":{"line":75,"column":8},"end":{"line":77,"column":null}},{"start":{},"end":{}}],"line":75}},"s":{"0":1,"1":1,"2":1,"3":1,"4":0,"5":0,"6":0,"7":0,"8":0,"9":0,"10":0,"11":0,"12":0,"13":0,"14":0,"15":0,"16":0,"17":0,"18":0,"19":0,"20":0,"21":0,"22":0,"23":0,"24":0,"25":0,"26":0,"27":0,"28":0,"29":0,"30":0,"31":0,"32":0},"f":{"0":0,"1":0,"2":0,"3":0,"4":0},"b":{"0":[1,1],"1":[0,0],"2":[0,0],"3":[0,0],"4":[0,0],"5":[0,0],"6":[0,0],"7":[0,0],"8":[0,0]},"meta":{"lastBranch":9,"lastFunction":5,"lastStatement":33,"seen":{"s:6:2:6:Infinity":0,"b:6:2:6:39:6:39:6:Infinity":0,"s:8:19:8:Infinity":1,"s:9:43:9:Infinity":2,"s:11:19:93:Infinity":3,"f:16:6:16:7":0,"s:17:22:17:Infinity":4,"b:18:8:20:Infinity:undefined:undefined:undefined:undefined":1,"s:18:8:20:Infinity":5,"s:19:10:19:Infinity":6,"f:24:6:24:13":1,"b:26:8:72:Infinity:undefined:undefined:undefined:undefined":2,"s:26:8:72:Infinity":7,"b:28:10:33:Infinity:undefined:undefined:undefined:undefined":3,"s:28:10:33:Infinity":8,"b:29:12:29:Infinity:30:12:30:Infinity":4,"s:32:12:32:Infinity":9,"s:36:35:36:Infinity":10,"b:38:10:54:Infinity:undefined:undefined:undefined:undefined":5,"s:38:10:54:Infinity":11,"s:39:12:39:Infinity":12,"s:40:12:53:Infinity":13,"f:43:20:43:26":2,"s:44:16:44:Infinity":14,"s:45:16:45:Infinity":15,"f:47:21:47:27":3,"s:48:16:48:Infinity":16,"s:49:16:49:Infinity":17,"s:50:16:50:Infinity":18,"s:51:16:51:Infinity":19,"s:52:16:52:Infinity":20,"s:56:10:62:Infinity":21,"s:57:12:57:Infinity":22,"s:59:12:61:Infinity":23,"b:60:16:60:Infinity:61:16:61:Infinity":6,"s:65:27:65:Infinity":24,"b:66:10:69:Infinity:undefined:undefined:undefined:undefined":7,"s:66:10:69:Infinity":25,"s:67:12:67:Infinity":26,"s:68:12:68:Infinity":27,"s:71:10:71:Infinity":28,"b:75:8:77:Infinity:undefined:undefined:undefined:undefined":8,"s:75:8:77:Infinity":29,"s:76:10:76:Infinity":30,"s:79:8:79:Infinity":31,"f:89:11:89:12":4,"s:90:6:90:Infinity":32}}}
,"/home/kwhatcher/projects/voter-web/src/api/rate-limited-fetch.ts": {"path":"/home/kwhatcher/projects/voter-web/src/api/rate-limited-fetch.ts","statementMap":{"0":{"start":{"line":8,"column":30},"end":{"line":12,"column":null}},"1":{"start":{"line":24,"column":2},"end":{"line":24,"column":null}},"2":{"start":{"line":25,"column":2},"end":{"line":25,"column":null}}},"fnMap":{"0":{"name":"rateLimitedFetch","decl":{"start":{"line":20,"column":22},"end":{"line":20,"column":null}},"loc":{"start":{"line":23,"column":21},"end":{"line":26,"column":null}},"line":23}},"branchMap":{},"s":{"0":2,"1":4,"2":4},"f":{"0":4},"b":{},"meta":{"lastBranch":0,"lastFunction":1,"lastStatement":3,"seen":{"s:8:30:12:Infinity":0,"f:20:22:20:Infinity":0,"s:24:2:24:Infinity":1,"s:25:2:25:Infinity":2}}}
,"/home/kwhatcher/projects/voter-web/src/api/sos-feed.ts": {"path":"/home/kwhatcher/projects/voter-web/src/api/sos-feed.ts","statementMap":{"0":{"start":{"line":10,"column":2},"end":{"line":19,"column":null}},"1":{"start":{"line":11,"column":19},"end":{"line":11,"column":null}},"2":{"start":{"line":12,"column":4},"end":{"line":15,"column":null}},"3":{"start":{"line":18,"column":4},"end":{"line":18,"column":null}},"4":{"start":{"line":33,"column":2},"end":{"line":37,"column":null}},"5":{"start":{"line":34,"column":4},"end":{"line":36,"column":null}},"6":{"start":{"line":39,"column":19},"end":{"line":45,"column":null}},"7":{"start":{"line":47,"column":2},"end":{"line":51,"column":null}},"8":{"start":{"line":48,"column":4},"end":{"line":50,"column":null}},"9":{"start":{"line":54,"column":2},"end":{"line":60,"column":null}},"10":{"start":{"line":55,"column":4},"end":{"line":55,"column":null}},"11":{"start":{"line":57,"column":4},"end":{"line":59,"column":null}},"12":{"start":{"line":62,"column":2},"end":{"line":71,"column":null}},"13":{"start":{"line":68,"column":4},"end":{"line":70,"column":null}},"14":{"start":{"line":73,"column":2},"end":{"line":73,"column":null}},"15":{"start":{"line":78,"column":16},"end":{"line":78,"column":null}},"16":{"start":{"line":80,"column":2},"end":{"line":80,"column":null}},"17":{"start":{"line":80,"column":61},"end":{"line":80,"column":null}},"18":{"start":{"line":81,"column":2},"end":{"line":81,"column":null}},"19":{"start":{"line":81,"column":32},"end":{"line":81,"column":null}},"20":{"start":{"line":82,"column":2},"end":{"line":82,"column":null}},"21":{"start":{"line":82,"column":33},"end":{"line":82,"column":null}},"22":{"start":{"line":83,"column":2},"end":{"line":83,"column":null}},"23":{"start":{"line":83,"column":33},"end":{"line":83,"column":null}},"24":{"start":{"line":84,"column":2},"end":{"line":84,"column":null}},"25":{"start":{"line":84,"column":33},"end":{"line":84,"column":null}},"26":{"start":{"line":86,"column":2},"end":{"line":86,"column":null}},"27":{"start":{"line":91,"column":22},"end":{"line":91,"column":null}},"28":{"start":{"line":92,"column":16},"end":{"line":94,"column":null}},"29":{"start":{"line":93,"column":19},"end":{"line":93,"column":36}},"30":{"start":{"line":94,"column":38},"end":{"line":94,"column":51}},"31":{"start":{"line":96,"column":2},"end":{"line":98,"column":null}},"32":{"start":{"line":97,"column":4},"end":{"line":97,"column":null}},"33":{"start":{"line":100,"column":2},"end":{"line":100,"column":null}},"34":{"start":{"line":107,"column":2},"end":{"line":112,"column":null}}},"fnMap":{"0":{"name":"isSosUrl","decl":{"start":{"line":9,"column":16},"end":{"line":9,"column":25}},"loc":{"start":{"line":9,"column":47},"end":{"line":20,"column":null}},"line":9},"1":{"name":"fetchSosFeed","decl":{"start":{"line":29,"column":22},"end":{"line":29,"column":null}},"loc":{"start":{"line":32,"column":28},"end":{"line":74,"column":null}},"line":32},"2":{"name":"detectElectionType","decl":{"start":{"line":77,"column":16},"end":{"line":77,"column":35}},"loc":{"start":{"line":77,"column":78},"end":{"line":87,"column":null}},"line":77},"3":{"name":"extractDistrict","decl":{"start":{"line":90,"column":16},"end":{"line":90,"column":32}},"loc":{"start":{"line":90,"column":63},"end":{"line":101,"column":null}},"line":90},"4":{"name":"(anonymous_4)","decl":{"start":{"line":93,"column":9},"end":{"line":93,"column":10}},"loc":{"start":{"line":93,"column":19},"end":{"line":93,"column":36}},"line":93},"5":{"name":"(anonymous_5)","decl":{"start":{"line":94,"column":12},"end":{"line":94,"column":13}},"loc":{"start":{"line":94,"column":38},"end":{"line":94,"column":51}},"line":94},"6":{"name":"extractAutoFillData","decl":{"start":{"line":104,"column":16},"end":{"line":104,"column":null}},"loc":{"start":{"line":106,"column":21},"end":{"line":113,"column":null}},"line":106}},"branchMap":{"0":{"loc":{"start":{"line":13,"column":6},"end":{"line":15,"column":null}},"type":"binary-expr","locations":[{"start":{"line":13,"column":6},"end":{"line":13,"column":null}},{"start":{"line":14,"column":6},"end":{"line":14,"column":null}},{"start":{"line":15,"column":6},"end":{"line":15,"column":null}}],"line":13},"1":{"loc":{"start":{"line":33,"column":2},"end":{"line":37,"column":null}},"type":"if","locations":[{"start":{"line":33,"column":2},"end":{"line":37,"column":null}},{"start":{},"end":{}}],"line":33},"2":{"loc":{"start":{"line":44,"column":12},"end":{"line":44,"column":null}},"type":"binary-expr","locations":[{"start":{"line":44,"column":12},"end":{"line":44,"column":22}},{"start":{"line":44,"column":22},"end":{"line":44,"column":null}}],"line":44},"3":{"loc":{"start":{"line":47,"column":2},"end":{"line":51,"column":null}},"type":"if","locations":[{"start":{"line":47,"column":2},"end":{"line":51,"column":null}},{"start":{},"end":{}}],"line":47},"4":{"loc":{"start":{"line":62,"column":2},"end":{"line":71,"column":null}},"type":"if","locations":[{"start":{"line":62,"column":2},"end":{"line":71,"column":null}},{"start":{},"end":{}}],"line":62},"5":{"loc":{"start":{"line":63,"column":4},"end":{"line":66,"column":null}},"type":"binary-expr","locations":[{"start":{"line":63,"column":4},"end":{"line":63,"column":null}},{"start":{"line":64,"column":4},"end":{"line":64,"column":null}},{"start":{"line":65,"column":4},"end":{"line":65,"column":null}},{"start":{"line":66,"column":5},"end":{"line":66,"column":42}},{"start":{"line":66,"column":42},"end":{"line":66,"column":null}}],"line":63},"6":{"loc":{"start":{"line":80,"column":2},"end":{"line":80,"column":null}},"type":"if","locations":[{"start":{"line":80,"column":2},"end":{"line":80,"column":null}},{"start":{},"end":{}}],"line":80},"7":{"loc":{"start":{"line":80,"column":6},"end":{"line":80,"column":61}},"type":"binary-expr","locations":[{"start":{"line":80,"column":6},"end":{"line":80,"column":35}},{"start":{"line":80,"column":35},"end":{"line":80,"column":61}}],"line":80},"8":{"loc":{"start":{"line":81,"column":2},"end":{"line":81,"column":null}},"type":"if","locations":[{"start":{"line":81,"column":2},"end":{"line":81,"column":null}},{"start":{},"end":{}}],"line":81},"9":{"loc":{"start":{"line":82,"column":2},"end":{"line":82,"column":null}},"type":"if","locations":[{"start":{"line":82,"column":2},"end":{"line":82,"column":null}},{"start":{},"end":{}}],"line":82},"10":{"loc":{"start":{"line":83,"column":2},"end":{"line":83,"column":null}},"type":"if","locations":[{"start":{"line":83,"column":2},"end":{"line":83,"column":null}},{"start":{},"end":{}}],"line":83},"11":{"loc":{"start":{"line":84,"column":2},"end":{"line":84,"column":null}},"type":"if","locations":[{"start":{"line":84,"column":2},"end":{"line":84,"column":null}},{"start":{},"end":{}}],"line":84},"12":{"loc":{"start":{"line":91,"column":22},"end":{"line":91,"column":null}},"type":"binary-expr","locations":[{"start":{"line":91,"column":22},"end":{"line":91,"column":50}},{"start":{"line":91,"column":50},"end":{"line":91,"column":null}}],"line":91},"13":{"loc":{"start":{"line":96,"column":2},"end":{"line":98,"column":null}},"type":"if","locations":[{"start":{"line":96,"column":2},"end":{"line":98,"column":null}},{"start":{},"end":{}}],"line":96}},"s":{"0":45,"1":45,"2":45,"3":2,"4":16,"5":1,"6":15,"7":15,"8":3,"9":12,"10":12,"11":1,"12":11,"13":4,"14":7,"15":18,"16":18,"17":1,"18":17,"19":1,"20":16,"21":9,"22":7,"23":1,"24":6,"25":3,"26":3,"27":14,"28":14,"29":17,"30":17,"31":14,"32":10,"33":4,"34":9},"f":{"0":45,"1":16,"2":18,"3":14,"4":17,"5":17,"6":9},"b":{"0":[45,42,37],"1":[1,15],"2":[15,7],"3":[3,12],"4":[4,7],"5":[11,10,9,8,8],"6":[1,17],"7":[18,10],"8":[1,16],"9":[9,7],"10":[1,6],"11":[3,3],"12":[14,1],"13":[10,4]},"meta":{"lastBranch":14,"lastFunction":7,"lastStatement":35,"seen":{"f:9:16:9:25":0,"s:10:2:19:Infinity":0,"s:11:19:11:Infinity":1,"s:12:4:15:Infinity":2,"b:13:6:13:Infinity:14:6:14:Infinity:15:6:15:Infinity":0,"s:18:4:18:Infinity":3,"f:29:22:29:Infinity":1,"b:33:2:37:Infinity:undefined:undefined:undefined:undefined":1,"s:33:2:37:Infinity":4,"s:34:4:36:Infinity":5,"s:39:19:45:Infinity":6,"b:44:12:44:22:44:22:44:Infinity":2,"b:47:2:51:Infinity:undefined:undefined:undefined:undefined":3,"s:47:2:51:Infinity":7,"s:48:4:50:Infinity":8,"s:54:2:60:Infinity":9,"s:55:4:55:Infinity":10,"s:57:4:59:Infinity":11,"b:62:2:71:Infinity:undefined:undefined:undefined:undefined":4,"s:62:2:71:Infinity":12,"b:63:4:63:Infinity:64:4:64:Infinity:65:4:65:Infinity:66:5:66:42:66:42:66:Infinity":5,"s:68:4:70:Infinity":13,"s:73:2:73:Infinity":14,"f:77:16:77:35":2,"s:78:16:78:Infinity":15,"b:80:2:80:Infinity:undefined:undefined:undefined:undefined":6,"s:80:2:80:Infinity":16,"b:80:6:80:35:80:35:80:61":7,"s:80:61:80:Infinity":17,"b:81:2:81:Infinity:undefined:undefined:undefined:undefined":8,"s:81:2:81:Infinity":18,"s:81:32:81:Infinity":19,"b:82:2:82:Infinity:undefined:undefined:undefined:undefined":9,"s:82:2:82:Infinity":20,"s:82:33:82:Infinity":21,"b:83:2:83:Infinity:undefined:undefined:undefined:undefined":10,"s:83:2:83:Infinity":22,"s:83:33:83:Infinity":23,"b:84:2:84:Infinity:undefined:undefined:undefined:undefined":11,"s:84:2:84:Infinity":24,"s:84:33:84:Infinity":25,"s:86:2:86:Infinity":26,"f:90:16:90:32":3,"s:91:22:91:Infinity":27,"b:91:22:91:50:91:50:91:Infinity":12,"s:92:16:94:Infinity":28,"f:93:9:93:10":4,"s:93:19:93:36":29,"f:94:12:94:13":5,"s:94:38:94:51":30,"b:96:2:98:Infinity:undefined:undefined:undefined:undefined":13,"s:96:2:98:Infinity":31,"s:97:4:97:Infinity":32,"s:100:2:100:Infinity":33,"f:104:16:104:Infinity":6,"s:107:2:112:Infinity":34}}}
,"/home/kwhatcher/projects/voter-web/src/components/elections/CandidateResultRow.tsx": {"path":"/home/kwhatcher/projects/voter-web/src/components/elections/CandidateResultRow.tsx","statementMap":{"0":{"start":{"line":25,"column":30},"end":{"line":25,"column":null}},"1":{"start":{"line":26,"column":21},"end":{"line":27,"column":null}},"2":{"start":{"line":28,"column":8},"end":{"line":28,"column":null}},"3":{"start":{"line":29,"column":25},"end":{"line":29,"column":null}},"4":{"start":{"line":31,"column":2},"end":{"line":97,"column":null}},"5":{"start":{"line":83,"column":16},"end":{"line":91,"column":null}}},"fnMap":{"0":{"name":"CandidateResultRow","decl":{"start":{"line":19,"column":16},"end":{"line":19,"column":35}},"loc":{"start":{"line":24,"column":28},"end":{"line":99,"column":null}},"line":24},"1":{"name":"(anonymous_1)","decl":{"start":{"line":82,"column":43},"end":{"line":82,"column":44}},"loc":{"start":{"line":83,"column":16},"end":{"line":91,"column":null}},"line":83}},"branchMap":{"0":{"loc":{"start":{"line":26,"column":21},"end":{"line":27,"column":null}},"type":"binary-expr","locations":[{"start":{"line":26,"column":21},"end":{"line":26,"column":null}},{"start":{"line":26,"column":56},"end":{"line":27,"column":null}}],"line":26},"1":{"loc":{"start":{"line":65,"column":15},"end":{"line":73,"column":null}},"type":"binary-expr","locations":[{"start":{"line":65,"column":15},"end":{"line":65,"column":null}},{"start":{"line":66,"column":16},"end":{"line":73,"column":null}}],"line":65},"2":{"loc":{"start":{"line":67,"column":19},"end":{"line":70,"column":null}},"type":"cond-expr","locations":[{"start":{"line":68,"column":20},"end":{"line":68,"column":null}},{"start":{"line":70,"column":20},"end":{"line":70,"column":null}}],"line":67},"3":{"loc":{"start":{"line":80,"column":11},"end":{"line":93,"column":null}},"type":"binary-expr","locations":[{"start":{"line":80,"column":11},"end":{"line":80,"column":null}},{"start":{"line":81,"column":12},"end":{"line":93,"column":null}}],"line":80}},"s":{"0":36,"1":36,"2":36,"3":36,"4":36,"5":140},"f":{"0":36,"1":140},"b":{"0":[36,35],"1":[36,35],"2":[1,34],"3":[36,35]},"meta":{"lastBranch":4,"lastFunction":2,"lastStatement":6,"seen":{"f:19:16:19:35":0,"s:25:30:25:Infinity":0,"s:26:21:27:Infinity":1,"b:26:21:26:Infinity:26:56:27:Infinity":0,"s:28:8:28:Infinity":2,"s:29:25:29:Infinity":3,"s:31:2:97:Infinity":4,"b:65:15:65:Infinity:66:16:73:Infinity":1,"b:68:20:68:Infinity:70:20:70:Infinity":2,"b:80:11:80:Infinity:81:12:93:Infinity":3,"f:82:43:82:44":1,"s:83:16:91:Infinity":5}}}
,"/home/kwhatcher/projects/voter-web/src/components/elections/CertificationBadge.tsx": {"path":"/home/kwhatcher/projects/voter-web/src/components/elections/CertificationBadge.tsx","statementMap":{"0":{"start":{"line":11,"column":8},"end":{"line":11,"column":null}},"1":{"start":{"line":13,"column":2},"end":{"line":23,"column":null}},"2":{"start":{"line":14,"column":4},"end":{"line":21,"column":null}},"3":{"start":{"line":25,"column":2},"end":{"line":32,"column":null}}},"fnMap":{"0":{"name":"CertificationBadge","decl":{"start":{"line":10,"column":16},"end":{"line":10,"column":35}},"loc":{"start":{"line":10,"column":72},"end":{"line":34,"column":null}},"line":10}},"branchMap":{"0":{"loc":{"start":{"line":13,"column":2},"end":{"line":23,"column":null}},"type":"if","locations":[{"start":{"line":13,"column":2},"end":{"line":23,"column":null}},{"start":{},"end":{}}],"line":13}},"s":{"0":4,"1":4,"2":2,"3":2},"f":{"0":4},"b":{"0":[2,2]},"meta":{"lastBranch":1,"lastFunction":1,"lastStatement":4,"seen":{"f:10:16:10:35":0,"s:11:8:11:Infinity":0,"b:13:2:23:Infinity:undefined:undefined:undefined:undefined":0,"s:13:2:23:Infinity":1,"s:14:4:21:Infinity":2,"s:25:2:32:Infinity":3}}}
,"/home/kwhatcher/projects/voter-web/src/components/elections/CountyResultsPanel.tsx": {"path":"/home/kwhatcher/projects/voter-web/src/components/elections/CountyResultsPanel.tsx","statementMap":{"0":{"start":{"line":13,"column":8},"end":{"line":16,"column":null}},"1":{"start":{"line":17,"column":8},"end":{"line":17,"column":null}},"2":{"start":{"line":19,"column":2},"end":{"line":46,"column":null}},"3":{"start":{"line":35,"column":26},"end":{"line":35,"column":53}},"4":{"start":{"line":37,"column":12},"end":{"line":43,"column":null}}},"fnMap":{"0":{"name":"CountyResultsPanel","decl":{"start":{"line":12,"column":16},"end":{"line":12,"column":35}},"loc":{"start":{"line":12,"column":97},"end":{"line":48,"column":null}},"line":12},"1":{"name":"(anonymous_1)","decl":{"start":{"line":35,"column":16},"end":{"line":35,"column":17}},"loc":{"start":{"line":35,"column":26},"end":{"line":35,"column":53}},"line":35},"2":{"name":"(anonymous_2)","decl":{"start":{"line":36,"column":15},"end":{"line":36,"column":16}},"loc":{"start":{"line":37,"column":12},"end":{"line":43,"column":null}},"line":37}},"branchMap":{},"s":{"0":6,"1":6,"2":6,"3":5,"4":11},"f":{"0":6,"1":5,"2":11},"b":{},"meta":{"lastBranch":0,"lastFunction":3,"lastStatement":5,"seen":{"f:12:16:12:35":0,"s:13:8:16:Infinity":0,"s:17:8:17:Infinity":1,"s:19:2:46:Infinity":2,"f:35:16:35:17":1,"s:35:26:35:53":3,"f:36:15:36:16":2,"s:37:12:43:Infinity":4}}}
,"/home/kwhatcher/projects/voter-web/src/components/elections/ElectionResultsSection.tsx": {"path":"/home/kwhatcher/projects/voter-web/src/components/elections/ElectionResultsSection.tsx","statementMap":{"0":{"start":{"line":20,"column":49},"end":{"line":22,"column":null}},"1":{"start":{"line":21,"column":41},"end":{"line":21,"column":73}},"2":{"start":{"line":24,"column":2},"end":{"line":41,"column":null}}},"fnMap":{"0":{"name":"ElectionResultsSection","decl":{"start":{"line":14,"column":16},"end":{"line":14,"column":39}},"loc":{"start":{"line":19,"column":32},"end":{"line":43,"column":null}},"line":19},"1":{"name":"(anonymous_1)","decl":{"start":{"line":21,"column":34},"end":{"line":21,"column":35}},"loc":{"start":{"line":21,"column":41},"end":{"line":21,"column":73}},"line":21}},"branchMap":{"0":{"loc":{"start":{"line":20,"column":49},"end":{"line":22,"column":null}},"type":"cond-expr","locations":[{"start":{"line":21,"column":6},"end":{"line":21,"column":null}},{"start":{"line":22,"column":6},"end":{"line":22,"column":null}}],"line":20},"1":{"loc":{"start":{"line":27,"column":9},"end":{"line":33,"column":null}},"type":"binary-expr","locations":[{"start":{"line":27,"column":9},"end":{"line":27,"column":null}},{"start":{"line":28,"column":10},"end":{"line":33,"column":null}}],"line":27},"2":{"loc":{"start":{"line":35,"column":9},"end":{"line":38,"column":null}},"type":"cond-expr","locations":[{"start":{"line":36,"column":10},"end":{"line":36,"column":null}},{"start":{"line":38,"column":10},"end":{"line":38,"column":null}}],"line":35}},"s":{"0":5,"1":3,"2":5},"f":{"0":5,"1":3},"b":{"0":[3,2],"1":[5,2],"2":[2,3]},"meta":{"lastBranch":3,"lastFunction":2,"lastStatement":3,"seen":{"f:14:16:14:39":0,"s:20:49:22:Infinity":0,"b:21:6:21:Infinity:22:6:22:Infinity":0,"f:21:34:21:35":1,"s:21:41:21:73":1,"s:24:2:41:Infinity":2,"b:27:9:27:Infinity:28:10:33:Infinity":1,"b:36:10:36:Infinity:38:10:38:Infinity":2}}}
,"/home/kwhatcher/projects/voter-web/src/components/elections/LiveStatusIndicator.tsx": {"path":"/home/kwhatcher/projects/voter-web/src/components/elections/LiveStatusIndicator.tsx","statementMap":{"0":{"start":{"line":15,"column":2},"end":{"line":18,"column":null}},"1":{"start":{"line":25,"column":22},"end":{"line":25,"column":null}},"2":{"start":{"line":26,"column":2},"end":{"line":26,"column":null}},"3":{"start":{"line":35,"column":22},"end":{"line":35,"column":null}},"4":{"start":{"line":37,"column":2},"end":{"line":41,"column":null}},"5":{"start":{"line":38,"column":4},"end":{"line":38,"column":null}},"6":{"start":{"line":38,"column":19},"end":{"line":38,"column":null}},"7":{"start":{"line":39,"column":18},"end":{"line":39,"column":null}},"8":{"start":{"line":39,"column":36},"end":{"line":39,"column":59}},"9":{"start":{"line":39,"column":51},"end":{"line":39,"column":56}},"10":{"start":{"line":40,"column":4},"end":{"line":40,"column":null}},"11":{"start":{"line":40,"column":17},"end":{"line":40,"column":null}},"12":{"start":{"line":44,"column":2},"end":{"line":51,"column":null}},"13":{"start":{"line":46,"column":6},"end":{"line":46,"column":null}},"14":{"start":{"line":46,"column":21},"end":{"line":46,"column":null}},"15":{"start":{"line":47,"column":6},"end":{"line":47,"column":null}},"16":{"start":{"line":60,"column":19},"end":{"line":60,"column":null}},"17":{"start":{"line":61,"column":30},"end":{"line":65,"column":null}},"18":{"start":{"line":67,"column":2},"end":{"line":92,"column":null}}},"fnMap":{"0":{"name":"formatTimestamp","decl":{"start":{"line":14,"column":9},"end":{"line":14,"column":25}},"loc":{"start":{"line":14,"column":46},"end":{"line":19,"column":null}},"line":14},"1":{"name":"calculateRemaining","decl":{"start":{"line":21,"column":9},"end":{"line":21,"column":null}},"loc":{"start":{"line":24,"column":10},"end":{"line":27,"column":null}},"line":24},"2":{"name":"useCountdown","decl":{"start":{"line":29,"column":9},"end":{"line":29,"column":null}},"loc":{"start":{"line":33,"column":2},"end":{"line":52,"column":null}},"line":33},"3":{"name":"(anonymous_3)","decl":{"start":{"line":37,"column":12},"end":{"line":37,"column":18}},"loc":{"start":{"line":37,"column":18},"end":{"line":41,"column":5}},"line":37},"4":{"name":"(anonymous_4)","decl":{"start":{"line":39,"column":30},"end":{"line":39,"column":36}},"loc":{"start":{"line":39,"column":36},"end":{"line":39,"column":59}},"line":39},"5":{"name":"(anonymous_5)","decl":{"start":{"line":39,"column":44},"end":{"line":39,"column":45}},"loc":{"start":{"line":39,"column":51},"end":{"line":39,"column":56}},"line":39},"6":{"name":"(anonymous_6)","decl":{"start":{"line":40,"column":11},"end":{"line":40,"column":17}},"loc":{"start":{"line":40,"column":17},"end":{"line":40,"column":null}},"line":40},"7":{"name":"(anonymous_7)","decl":{"start":{"line":45,"column":4},"end":{"line":45,"column":10}},"loc":{"start":{"line":45,"column":10},"end":{"line":48,"column":null}},"line":45},"8":{"name":"LiveStatusIndicator","decl":{"start":{"line":54,"column":16},"end":{"line":54,"column":36}},"loc":{"start":{"line":59,"column":29},"end":{"line":94,"column":null}},"line":59}},"branchMap":{"0":{"loc":{"start":{"line":38,"column":4},"end":{"line":38,"column":null}},"type":"if","locations":[{"start":{"line":38,"column":4},"end":{"line":38,"column":null}},{"start":{},"end":{}}],"line":38},"1":{"loc":{"start":{"line":46,"column":6},"end":{"line":46,"column":null}},"type":"if","locations":[{"start":{"line":46,"column":6},"end":{"line":46,"column":null}},{"start":{},"end":{}}],"line":46},"2":{"loc":{"start":{"line":69,"column":7},"end":{"line":78,"column":null}},"type":"cond-expr","locations":[{"start":{"line":70,"column":8},"end":{"line":73,"column":null}},{"start":{"line":75,"column":8},"end":{"line":78,"column":null}}],"line":69},"3":{"loc":{"start":{"line":81,"column":7},"end":{"line":84,"column":null}},"type":"binary-expr","locations":[{"start":{"line":81,"column":7},"end":{"line":81,"column":null}},{"start":{"line":82,"column":8},"end":{"line":84,"column":null}}],"line":81},"4":{"loc":{"start":{"line":87,"column":7},"end":{"line":90,"column":null}},"type":"binary-expr","locations":[{"start":{"line":87,"column":7},"end":{"line":87,"column":19}},{"start":{"line":87,"column":19},"end":{"line":87,"column":null}},{"start":{"line":88,"column":8},"end":{"line":90,"column":null}}],"line":87}},"s":{"0":7,"1":6,"2":6,"3":8,"4":8,"5":7,"6":2,"7":5,"8":110,"9":110,"10":5,"11":5,"12":8,"13":8,"14":2,"15":6,"16":8,"17":8,"18":8},"f":{"0":7,"1":6,"2":8,"3":7,"4":110,"5":110,"6":5,"7":8,"8":8},"b":{"0":[2,5],"1":[2,6],"2":[6,2],"3":[8,7],"4":[8,6,6]},"meta":{"lastBranch":5,"lastFunction":9,"lastStatement":19,"seen":{"f:14:9:14:25":0,"s:15:2:18:Infinity":0,"f:21:9:21:Infinity":1,"s:25:22:25:Infinity":1,"s:26:2:26:Infinity":2,"f:29:9:29:Infinity":2,"s:35:22:35:Infinity":3,"s:37:2:41:Infinity":4,"f:37:12:37:18":3,"b:38:4:38:Infinity:undefined:undefined:undefined:undefined":0,"s:38:4:38:Infinity":5,"s:38:19:38:Infinity":6,"s:39:18:39:Infinity":7,"f:39:30:39:36":4,"s:39:36:39:59":8,"f:39:44:39:45":5,"s:39:51:39:56":9,"s:40:4:40:Infinity":10,"f:40:11:40:17":6,"s:40:17:40:Infinity":11,"s:44:2:51:Infinity":12,"f:45:4:45:10":7,"b:46:6:46:Infinity:undefined:undefined:undefined:undefined":1,"s:46:6:46:Infinity":13,"s:46:21:46:Infinity":14,"s:47:6:47:Infinity":15,"f:54:16:54:36":8,"s:60:19:60:Infinity":16,"s:61:30:65:Infinity":17,"s:67:2:92:Infinity":18,"b:70:8:73:Infinity:75:8:78:Infinity":2,"b:81:7:81:Infinity:82:8:84:Infinity":3,"b:87:7:87:19:87:19:87:Infinity:88:8:90:Infinity":4}}}
,"/home/kwhatcher/projects/voter-web/src/components/elections/RaceWideSummary.tsx": {"path":"/home/kwhatcher/projects/voter-web/src/components/elections/RaceWideSummary.tsx","statementMap":{"0":{"start":{"line":17,"column":8},"end":{"line":17,"column":null}},"1":{"start":{"line":18,"column":35},"end":{"line":18,"column":null}},"2":{"start":{"line":19,"column":8},"end":{"line":19,"column":null}},"3":{"start":{"line":21,"column":2},"end":{"line":48,"column":null}},"4":{"start":{"line":37,"column":26},"end":{"line":37,"column":53}},"5":{"start":{"line":39,"column":12},"end":{"line":45,"column":null}}},"fnMap":{"0":{"name":"RaceWideSummary","decl":{"start":{"line":16,"column":16},"end":{"line":16,"column":32}},"loc":{"start":{"line":16,"column":86},"end":{"line":50,"column":null}},"line":16},"1":{"name":"(anonymous_1)","decl":{"start":{"line":37,"column":16},"end":{"line":37,"column":17}},"loc":{"start":{"line":37,"column":26},"end":{"line":37,"column":53}},"line":37},"2":{"name":"(anonymous_2)","decl":{"start":{"line":38,"column":15},"end":{"line":38,"column":16}},"loc":{"start":{"line":39,"column":12},"end":{"line":45,"column":null}},"line":39}},"branchMap":{},"s":{"0":8,"1":8,"2":8,"3":8,"4":10,"5":16},"f":{"0":8,"1":10,"2":16},"b":{},"meta":{"lastBranch":0,"lastFunction":3,"lastStatement":6,"seen":{"f:16:16:16:32":0,"s:17:8:17:Infinity":0,"s:18:35:18:Infinity":1,"s:19:8:19:Infinity":2,"s:21:2:48:Infinity":3,"f:37:16:37:17":1,"s:37:26:37:53":4,"f:38:15:38:16":2,"s:39:12:45:Infinity":5}}}
,"/home/kwhatcher/projects/voter-web/src/hooks/useBoundaryTypeGeoJSON.ts": {"path":"/home/kwhatcher/projects/voter-web/src/hooks/useBoundaryTypeGeoJSON.ts","statementMap":{"0":{"start":{"line":10,"column":2},"end":{"line":31,"column":null}},"1":{"start":{"line":14,"column":6},"end":{"line":18,"column":null}},"2":{"start":{"line":16,"column":10},"end":{"line":16,"column":null}},"3":{"start":{"line":17,"column":8},"end":{"line":17,"column":null}},"4":{"start":{"line":17,"column":20},"end":{"line":17,"column":null}},"5":{"start":{"line":19,"column":6},"end":{"line":26,"column":null}}},"fnMap":{"0":{"name":"useBoundaryTypeGeoJSON","decl":{"start":{"line":6,"column":16},"end":{"line":6,"column":null}},"loc":{"start":{"line":9,"column":2},"end":{"line":32,"column":null}},"line":9},"1":{"name":"(anonymous_1)","decl":{"start":{"line":12,"column":13},"end":{"line":12,"column":25}},"loc":{"start":{"line":12,"column":25},"end":{"line":27,"column":null}},"line":12}},"branchMap":{"0":{"loc":{"start":{"line":14,"column":6},"end":{"line":18,"column":null}},"type":"if","locations":[{"start":{"line":14,"column":6},"end":{"line":18,"column":null}},{"start":{},"end":{}}],"line":14},"1":{"loc":{"start":{"line":17,"column":8},"end":{"line":17,"column":null}},"type":"if","locations":[{"start":{"line":17,"column":8},"end":{"line":17,"column":null}},{"start":{},"end":{}}],"line":17},"2":{"loc":{"start":{"line":23,"column":16},"end":{"line":23,"column":null}},"type":"binary-expr","locations":[{"start":{"line":23,"column":16},"end":{"line":23,"column":30}},{"start":{"line":23,"column":30},"end":{"line":23,"column":null}}],"line":23}},"s":{"0":0,"1":0,"2":0,"3":0,"4":0,"5":0},"f":{"0":0,"1":0},"b":{"0":[0,0],"1":[0,0],"2":[0,0]},"meta":{"lastBranch":3,"lastFunction":2,"lastStatement":6,"seen":{"f:6:16:6:Infinity":0,"s:10:2:31:Infinity":0,"f:12:13:12:25":1,"b:14:6:18:Infinity:undefined:undefined:undefined:undefined":0,"s:14:6:18:Infinity":1,"s:16:10:16:Infinity":2,"b:17:8:17:Infinity:undefined:undefined:undefined:undefined":1,"s:17:8:17:Infinity":3,"s:17:20:17:Infinity":4,"s:19:6:26:Infinity":5,"b:23:16:23:30:23:30:23:Infinity":2}}}
,"/home/kwhatcher/projects/voter-web/src/hooks/useDistrictBoundary.ts": {"path":"/home/kwhatcher/projects/voter-web/src/hooks/useDistrictBoundary.ts","statementMap":{"0":{"start":{"line":7,"column":58},"end":{"line":11,"column":null}},"1":{"start":{"line":19,"column":17},"end":{"line":19,"column":null}},"2":{"start":{"line":20,"column":2},"end":{"line":20,"column":null}},"3":{"start":{"line":20,"column":15},"end":{"line":20,"column":null}},"4":{"start":{"line":21,"column":2},"end":{"line":21,"column":null}},"5":{"start":{"line":29,"column":8},"end":{"line":29,"column":null}},"6":{"start":{"line":30,"column":23},"end":{"line":30,"column":null}},"7":{"start":{"line":32,"column":26},"end":{"line":32,"column":null}},"8":{"start":{"line":34,"column":8},"end":{"line":45,"column":null}},"9":{"start":{"line":35,"column":4},"end":{"line":35,"column":null}},"10":{"start":{"line":35,"column":32},"end":{"line":35,"column":null}},"11":{"start":{"line":37,"column":27},"end":{"line":37,"column":null}},"12":{"start":{"line":38,"column":4},"end":{"line":38,"column":null}},"13":{"start":{"line":38,"column":25},"end":{"line":38,"column":null}},"14":{"start":{"line":40,"column":18},"end":{"line":42,"column":null}},"15":{"start":{"line":41,"column":13},"end":{"line":41,"column":null}},"16":{"start":{"line":44,"column":4},"end":{"line":44,"column":null}},"17":{"start":{"line":47,"column":2},"end":{"line":47,"column":null}}},"fnMap":{"0":{"name":"extractDistrictNumber","decl":{"start":{"line":18,"column":16},"end":{"line":18,"column":38}},"loc":{"start":{"line":18,"column":75},"end":{"line":22,"column":null}},"line":18},"1":{"name":"useDistrictBoundary","decl":{"start":{"line":28,"column":16},"end":{"line":28,"column":36}},"loc":{"start":{"line":28,"column":58},"end":{"line":48,"column":null}},"line":28},"2":{"name":"(anonymous_2)","decl":{"start":{"line":34,"column":27},"end":{"line":34,"column":33}},"loc":{"start":{"line":34,"column":33},"end":{"line":45,"column":5}},"line":34},"3":{"name":"(anonymous_3)","decl":{"start":{"line":41,"column":6},"end":{"line":41,"column":7}},"loc":{"start":{"line":41,"column":13},"end":{"line":41,"column":null}},"line":41}},"branchMap":{"0":{"loc":{"start":{"line":20,"column":2},"end":{"line":20,"column":null}},"type":"if","locations":[{"start":{"line":20,"column":2},"end":{"line":20,"column":null}},{"start":{},"end":{}}],"line":20},"1":{"loc":{"start":{"line":30,"column":23},"end":{"line":30,"column":null}},"type":"binary-expr","locations":[{"start":{"line":30,"column":23},"end":{"line":30,"column":62}},{"start":{"line":30,"column":62},"end":{"line":30,"column":null}}],"line":30},"2":{"loc":{"start":{"line":35,"column":4},"end":{"line":35,"column":null}},"type":"if","locations":[{"start":{"line":35,"column":4},"end":{"line":35,"column":null}},{"start":{},"end":{}}],"line":35},"3":{"loc":{"start":{"line":35,"column":8},"end":{"line":35,"column":32}},"type":"binary-expr","locations":[{"start":{"line":35,"column":8},"end":{"line":35,"column":17}},{"start":{"line":35,"column":17},"end":{"line":35,"column":32}}],"line":35},"4":{"loc":{"start":{"line":38,"column":4},"end":{"line":38,"column":null}},"type":"if","locations":[{"start":{"line":38,"column":4},"end":{"line":38,"column":null}},{"start":{},"end":{}}],"line":38},"5":{"loc":{"start":{"line":44,"column":12},"end":{"line":44,"column":null}},"type":"binary-expr","locations":[{"start":{"line":44,"column":12},"end":{"line":44,"column":58}},{"start":{"line":44,"column":58},"end":{"line":44,"column":null}}],"line":44},"6":{"loc":{"start":{"line":47,"column":32},"end":{"line":47,"column":66}},"type":"cond-expr","locations":[{"start":{"line":47,"column":47},"end":{"line":47,"column":59}},{"start":{"line":47,"column":59},"end":{"line":47,"column":66}}],"line":47}},"s":{"0":1,"1":8,"2":8,"3":2,"4":6,"5":0,"6":0,"7":0,"8":0,"9":0,"10":0,"11":0,"12":0,"13":0,"14":0,"15":0,"16":0,"17":0},"f":{"0":8,"1":0,"2":0,"3":0},"b":{"0":[2,6],"1":[0,0],"2":[0,0],"3":[0,0],"4":[0,0],"5":[0,0],"6":[0,0]},"meta":{"lastBranch":7,"lastFunction":4,"lastStatement":18,"seen":{"s:7:58:11:Infinity":0,"f:18:16:18:38":0,"s:19:17:19:Infinity":1,"b:20:2:20:Infinity:undefined:undefined:undefined:undefined":0,"s:20:2:20:Infinity":2,"s:20:15:20:Infinity":3,"s:21:2:21:Infinity":4,"f:28:16:28:36":1,"s:29:8:29:Infinity":5,"s:30:23:30:Infinity":6,"b:30:23:30:62:30:62:30:Infinity":1,"s:32:26:32:Infinity":7,"s:34:8:45:Infinity":8,"f:34:27:34:33":2,"b:35:4:35:Infinity:undefined:undefined:undefined:undefined":2,"s:35:4:35:Infinity":9,"b:35:8:35:17:35:17:35:32":3,"s:35:32:35:Infinity":10,"s:37:27:37:Infinity":11,"b:38:4:38:Infinity:undefined:undefined:undefined:undefined":4,"s:38:4:38:Infinity":12,"s:38:25:38:Infinity":13,"s:40:18:42:Infinity":14,"f:41:6:41:7":3,"s:41:13:41:Infinity":15,"s:44:4:44:Infinity":16,"b:44:12:44:58:44:58:44:Infinity":5,"s:47:2:47:Infinity":17,"b:47:47:47:59:47:59:47:66":6}}}
,"/home/kwhatcher/projects/voter-web/src/lib/candidate-colors.ts": {"path":"/home/kwhatcher/projects/voter-web/src/lib/candidate-colors.ts","statementMap":{"0":{"start":{"line":10,"column":4},"end":{"line":46,"column":null}},"1":{"start":{"line":48,"column":66},"end":{"line":54,"column":null}},"2":{"start":{"line":57,"column":29},"end":{"line":57,"column":null}},"3":{"start":{"line":70,"column":38},"end":{"line":70,"column":null}},"4":{"start":{"line":73,"column":17},"end":{"line":73,"column":null}},"5":{"start":{"line":73,"column":48},"end":{"line":73,"column":75}},"6":{"start":{"line":76,"column":21},"end":{"line":76,"column":null}},"7":{"start":{"line":78,"column":2},"end":{"line":86,"column":null}},"8":{"start":{"line":79,"column":18},"end":{"line":79,"column":null}},"9":{"start":{"line":80,"column":16},"end":{"line":80,"column":null}},"10":{"start":{"line":81,"column":4},"end":{"line":81,"column":null}},"11":{"start":{"line":83,"column":20},"end":{"line":83,"column":null}},"12":{"start":{"line":84,"column":18},"end":{"line":84,"column":null}},"13":{"start":{"line":85,"column":4},"end":{"line":85,"column":null}},"14":{"start":{"line":88,"column":2},"end":{"line":88,"column":null}},"15":{"start":{"line":96,"column":2},"end":{"line":96,"column":null}},"16":{"start":{"line":96,"column":22},"end":{"line":96,"column":null}},"17":{"start":{"line":97,"column":2},"end":{"line":97,"column":null}},"18":{"start":{"line":97,"column":22},"end":{"line":97,"column":null}},"19":{"start":{"line":98,"column":2},"end":{"line":98,"column":null}},"20":{"start":{"line":98,"column":22},"end":{"line":98,"column":null}},"21":{"start":{"line":99,"column":2},"end":{"line":99,"column":null}},"22":{"start":{"line":99,"column":22},"end":{"line":99,"column":null}},"23":{"start":{"line":100,"column":2},"end":{"line":100,"column":null}},"24":{"start":{"line":113,"column":2},"end":{"line":113,"column":null}},"25":{"start":{"line":113,"column":31},"end":{"line":113,"column":null}},"26":{"start":{"line":115,"column":21},"end":{"line":115,"column":null}},"27":{"start":{"line":115,"column":51},"end":{"line":115,"column":71}},"28":{"start":{"line":116,"column":2},"end":{"line":116,"column":null}},"29":{"start":{"line":116,"column":24},"end":{"line":116,"column":null}},"30":{"start":{"line":118,"column":17},"end":{"line":118,"column":null}},"31":{"start":{"line":118,"column":48},"end":{"line":118,"column":75}},"32":{"start":{"line":119,"column":17},"end":{"line":119,"column":null}},"33":{"start":{"line":120,"column":19},"end":{"line":120,"column":null}},"34":{"start":{"line":122,"column":2},"end":{"line":122,"column":null}},"35":{"start":{"line":122,"column":50},"end":{"line":122,"column":null}},"36":{"start":{"line":124,"column":24},"end":{"line":124,"column":null}},"37":{"start":{"line":125,"column":8},"end":{"line":125,"column":null}},"38":{"start":{"line":126,"column":21},"end":{"line":126,"column":null}},"39":{"start":{"line":129,"column":4},"end":{"line":129,"column":null}},"40":{"start":{"line":130,"column":2},"end":{"line":130,"column":null}}},"fnMap":{"0":{"name":"buildCandidateColorMap","decl":{"start":{"line":67,"column":16},"end":{"line":67,"column":null}},"loc":{"start":{"line":69,"column":21},"end":{"line":89,"column":null}},"line":69},"1":{"name":"(anonymous_1)","decl":{"start":{"line":73,"column":38},"end":{"line":73,"column":39}},"loc":{"start":{"line":73,"column":48},"end":{"line":73,"column":75}},"line":73},"2":{"name":"getMarginShadeIndex","decl":{"start":{"line":95,"column":9},"end":{"line":95,"column":29}},"loc":{"start":{"line":95,"column":56},"end":{"line":101,"column":null}},"line":95},"3":{"name":"getCountyFillColor","decl":{"start":{"line":110,"column":16},"end":{"line":110,"column":null}},"loc":{"start":{"line":112,"column":36},"end":{"line":131,"column":null}},"line":112},"4":{"name":"(anonymous_4)","decl":{"start":{"line":115,"column":39},"end":{"line":115,"column":40}},"loc":{"start":{"line":115,"column":51},"end":{"line":115,"column":71}},"line":115},"5":{"name":"(anonymous_5)","decl":{"start":{"line":118,"column":38},"end":{"line":118,"column":39}},"loc":{"start":{"line":118,"column":48},"end":{"line":118,"column":75}},"line":118}},"branchMap":{"0":{"loc":{"start":{"line":80,"column":16},"end":{"line":80,"column":null}},"type":"binary-expr","locations":[{"start":{"line":80,"column":16},"end":{"line":80,"column":41}},{"start":{"line":80,"column":41},"end":{"line":80,"column":null}}],"line":80},"1":{"loc":{"start":{"line":83,"column":20},"end":{"line":83,"column":null}},"type":"binary-expr","locations":[{"start":{"line":83,"column":20},"end":{"line":83,"column":51}},{"start":{"line":83,"column":51},"end":{"line":83,"column":null}}],"line":83},"2":{"loc":{"start":{"line":96,"column":2},"end":{"line":96,"column":null}},"type":"if","locations":[{"start":{"line":96,"column":2},"end":{"line":96,"column":null}},{"start":{},"end":{}}],"line":96},"3":{"loc":{"start":{"line":97,"column":2},"end":{"line":97,"column":null}},"type":"if","locations":[{"start":{"line":97,"column":2},"end":{"line":97,"column":null}},{"start":{},"end":{}}],"line":97},"4":{"loc":{"start":{"line":98,"column":2},"end":{"line":98,"column":null}},"type":"if","locations":[{"start":{"line":98,"column":2},"end":{"line":98,"column":null}},{"start":{},"end":{}}],"line":98},"5":{"loc":{"start":{"line":99,"column":2},"end":{"line":99,"column":null}},"type":"if","locations":[{"start":{"line":99,"column":2},"end":{"line":99,"column":null}},{"start":{},"end":{}}],"line":99},"6":{"loc":{"start":{"line":113,"column":2},"end":{"line":113,"column":null}},"type":"if","locations":[{"start":{"line":113,"column":2},"end":{"line":113,"column":null}},{"start":{},"end":{}}],"line":113},"7":{"loc":{"start":{"line":116,"column":2},"end":{"line":116,"column":null}},"type":"if","locations":[{"start":{"line":116,"column":2},"end":{"line":116,"column":null}},{"start":{},"end":{}}],"line":116},"8":{"loc":{"start":{"line":122,"column":2},"end":{"line":122,"column":null}},"type":"if","locations":[{"start":{"line":122,"column":2},"end":{"line":122,"column":null}},{"start":{},"end":{}}],"line":122},"9":{"loc":{"start":{"line":124,"column":24},"end":{"line":124,"column":null}},"type":"binary-expr","locations":[{"start":{"line":124,"column":24},"end":{"line":124,"column":48}},{"start":{"line":124,"column":48},"end":{"line":124,"column":null}}],"line":124},"10":{"loc":{"start":{"line":129,"column":4},"end":{"line":129,"column":null}},"type":"binary-expr","locations":[{"start":{"line":129,"column":4},"end":{"line":129,"column":52}},{"start":{"line":129,"column":52},"end":{"line":129,"column":null}}],"line":129},"11":{"loc":{"start":{"line":130,"column":9},"end":{"line":130,"column":null}},"type":"binary-expr","locations":[{"start":{"line":130,"column":9},"end":{"line":130,"column":32}},{"start":{"line":130,"column":32},"end":{"line":130,"column":null}}],"line":130}},"s":{"0":2,"1":2,"2":2,"3":11,"4":11,"5":20,"6":11,"7":11,"8":28,"9":28,"10":28,"11":28,"12":28,"13":28,"14":11,"15":0,"16":0,"17":0,"18":0,"19":0,"20":0,"21":0,"22":0,"23":0,"24":0,"25":0,"26":0,"27":0,"28":0,"29":0,"30":0,"31":0,"32":0,"33":0,"34":0,"35":0,"36":0,"37":0,"38":0,"39":0,"40":0},"f":{"0":11,"1":20,"2":0,"3":0,"4":0,"5":0},"b":{"0":[28,13],"1":[28,1],"2":[0,0],"3":[0,0],"4":[0,0],"5":[0,0],"6":[0,0],"7":[0,0],"8":[0,0],"9":[0,0],"10":[0,0],"11":[0,0]},"meta":{"lastBranch":12,"lastFunction":6,"lastStatement":41,"seen":{"s:10:4:46:Infinity":0,"s:48:66:54:Infinity":1,"s:57:29:57:Infinity":2,"f:67:16:67:Infinity":0,"s:70:38:70:Infinity":3,"s:73:17:73:Infinity":4,"f:73:38:73:39":1,"s:73:48:73:75":5,"s:76:21:76:Infinity":6,"s:78:2:86:Infinity":7,"s:79:18:79:Infinity":8,"s:80:16:80:Infinity":9,"b:80:16:80:41:80:41:80:Infinity":0,"s:81:4:81:Infinity":10,"s:83:20:83:Infinity":11,"b:83:20:83:51:83:51:83:Infinity":1,"s:84:18:84:Infinity":12,"s:85:4:85:Infinity":13,"s:88:2:88:Infinity":14,"f:95:9:95:29":2,"b:96:2:96:Infinity:undefined:undefined:undefined:undefined":2,"s:96:2:96:Infinity":15,"s:96:22:96:Infinity":16,"b:97:2:97:Infinity:undefined:undefined:undefined:undefined":3,"s:97:2:97:Infinity":17,"s:97:22:97:Infinity":18,"b:98:2:98:Infinity:undefined:undefined:undefined:undefined":4,"s:98:2:98:Infinity":19,"s:98:22:98:Infinity":20,"b:99:2:99:Infinity:undefined:undefined:undefined:undefined":5,"s:99:2:99:Infinity":21,"s:99:22:99:Infinity":22,"s:100:2:100:Infinity":23,"f:110:16:110:Infinity":3,"b:113:2:113:Infinity:undefined:undefined:undefined:undefined":6,"s:113:2:113:Infinity":24,"s:113:31:113:Infinity":25,"s:115:21:115:Infinity":26,"f:115:39:115:40":4,"s:115:51:115:71":27,"b:116:2:116:Infinity:undefined:undefined:undefined:undefined":7,"s:116:2:116:Infinity":28,"s:116:24:116:Infinity":29,"s:118:17:118:Infinity":30,"f:118:38:118:39":5,"s:118:48:118:75":31,"s:119:17:119:Infinity":32,"s:120:19:120:Infinity":33,"b:122:2:122:Infinity:undefined:undefined:undefined:undefined":8,"s:122:2:122:Infinity":34,"s:122:50:122:Infinity":35,"s:124:24:124:Infinity":36,"b:124:24:124:48:124:48:124:Infinity":9,"s:125:8:125:Infinity":37,"s:126:21:126:Infinity":38,"s:129:4:129:Infinity":39,"b:129:4:129:52:129:52:129:Infinity":10,"s:130:2:130:Infinity":40,"b:130:9:130:32:130:32:130:Infinity":11}}}
,"/home/kwhatcher/projects/voter-web/src/lib/merge-precinct-data.ts": {"path":"/home/kwhatcher/projects/voter-web/src/lib/merge-precinct-data.ts","statementMap":{"0":{"start":{"line":10,"column":2},"end":{"line":10,"column":null}},"1":{"start":{"line":14,"column":2},"end":{"line":14,"column":null}},"2":{"start":{"line":19,"column":2},"end":{"line":19,"column":null}},"3":{"start":{"line":19,"column":12},"end":{"line":19,"column":null}},"4":{"start":{"line":20,"column":8},"end":{"line":20,"column":null}},"5":{"start":{"line":21,"column":17},"end":{"line":21,"column":null}},"6":{"start":{"line":22,"column":2},"end":{"line":22,"column":null}},"7":{"start":{"line":41,"column":29},"end":{"line":41,"column":null}},"8":{"start":{"line":42,"column":22},"end":{"line":42,"column":null}},"9":{"start":{"line":44,"column":2},"end":{"line":53,"column":null}},"10":{"start":{"line":44,"column":15},"end":{"line":44,"column":18}},"11":{"start":{"line":45,"column":18},"end":{"line":45,"column":null}},"12":{"start":{"line":47,"column":15},"end":{"line":47,"column":null}},"13":{"start":{"line":48,"column":4},"end":{"line":48,"column":null}},"14":{"start":{"line":50,"column":4},"end":{"line":52,"column":null}},"15":{"start":{"line":51,"column":6},"end":{"line":51,"column":null}},"16":{"start":{"line":59,"column":8},"end":{"line":59,"column":null}},"17":{"start":{"line":60,"column":33},"end":{"line":60,"column":null}},"18":{"start":{"line":62,"column":2},"end":{"line":71,"column":null}},"19":{"start":{"line":62,"column":15},"end":{"line":62,"column":18}},"20":{"start":{"line":63,"column":14},"end":{"line":63,"column":null}},"21":{"start":{"line":64,"column":4},"end":{"line":70,"column":null}},"22":{"start":{"line":65,"column":6},"end":{"line":68,"column":null}},"23":{"start":{"line":69,"column":6},"end":{"line":69,"column":null}},"24":{"start":{"line":74,"column":2},"end":{"line":122,"column":null}},"25":{"start":{"line":75,"column":4},"end":{"line":75,"column":null}},"26":{"start":{"line":75,"column":35},"end":{"line":75,"column":null}},"27":{"start":{"line":77,"column":15},"end":{"line":77,"column":null}},"28":{"start":{"line":81,"column":4},"end":{"line":83,"column":null}},"29":{"start":{"line":82,"column":6},"end":{"line":82,"column":null}},"30":{"start":{"line":86,"column":4},"end":{"line":88,"column":null}},"31":{"start":{"line":87,"column":6},"end":{"line":87,"column":null}},"32":{"start":{"line":91,"column":4},"end":{"line":96,"column":null}},"33":{"start":{"line":92,"column":25},"end":{"line":92,"column":null}},"34":{"start":{"line":93,"column":6},"end":{"line":95,"column":null}},"35":{"start":{"line":98,"column":4},"end":{"line":121,"column":null}},"36":{"start":{"line":100,"column":30},"end":{"line":100,"column":null}},"37":{"start":{"line":101,"column":6},"end":{"line":105,"column":null}},"38":{"start":{"line":106,"column":6},"end":{"line":106,"column":null}},"39":{"start":{"line":107,"column":4},"end":{"line":121,"column":null}},"40":{"start":{"line":109,"column":6},"end":{"line":120,"column":null}},"41":{"start":{"line":126,"column":2},"end":{"line":130,"column":null}},"42":{"start":{"line":127,"column":17},"end":{"line":127,"column":null}},"43":{"start":{"line":128,"column":17},"end":{"line":128,"column":null}},"44":{"start":{"line":129,"column":4},"end":{"line":129,"column":null}},"45":{"start":{"line":132,"column":2},"end":{"line":135,"column":null}}},"fnMap":{"0":{"name":"normalizeKey","decl":{"start":{"line":9,"column":9},"end":{"line":9,"column":22}},"loc":{"start":{"line":9,"column":64},"end":{"line":11,"column":null}},"line":9},"1":{"name":"compositeKey","decl":{"start":{"line":13,"column":9},"end":{"line":13,"column":22}},"loc":{"start":{"line":13,"column":72},"end":{"line":15,"column":null}},"line":13},"2":{"name":"formatCountyName","decl":{"start":{"line":18,"column":9},"end":{"line":18,"column":26}},"loc":{"start":{"line":18,"column":47},"end":{"line":23,"column":null}},"line":18},"3":{"name":"mergePrecinctData","decl":{"start":{"line":36,"column":16},"end":{"line":36,"column":null}},"loc":{"start":{"line":39,"column":35},"end":{"line":136,"column":null}},"line":39},"4":{"name":"(anonymous_4)","decl":{"start":{"line":126,"column":22},"end":{"line":126,"column":23}},"loc":{"start":{"line":126,"column":32},"end":{"line":130,"column":3}},"line":126}},"branchMap":{"0":{"loc":{"start":{"line":10,"column":10},"end":{"line":10,"column":23}},"type":"binary-expr","locations":[{"start":{"line":10,"column":10},"end":{"line":10,"column":19}},{"start":{"line":10,"column":19},"end":{"line":10,"column":23}}],"line":10},"1":{"loc":{"start":{"line":14,"column":74},"end":{"line":14,"column":90}},"type":"binary-expr","locations":[{"start":{"line":14,"column":74},"end":{"line":14,"column":88}},{"start":{"line":14,"column":88},"end":{"line":14,"column":90}}],"line":14},"2":{"loc":{"start":{"line":19,"column":2},"end":{"line":19,"column":null}},"type":"if","locations":[{"start":{"line":19,"column":2},"end":{"line":19,"column":null}},{"start":{},"end":{}}],"line":19},"3":{"loc":{"start":{"line":50,"column":4},"end":{"line":52,"column":null}},"type":"if","locations":[{"start":{"line":50,"column":4},"end":{"line":52,"column":null}},{"start":{},"end":{}}],"line":50},"4":{"loc":{"start":{"line":64,"column":4},"end":{"line":70,"column":null}},"type":"if","locations":[{"start":{"line":64,"column":4},"end":{"line":70,"column":null}},{"start":{},"end":{}}],"line":64},"5":{"loc":{"start":{"line":75,"column":4},"end":{"line":75,"column":null}},"type":"if","locations":[{"start":{"line":75,"column":4},"end":{"line":75,"column":null}},{"start":{},"end":{}}],"line":75},"6":{"loc":{"start":{"line":81,"column":4},"end":{"line":83,"column":null}},"type":"if","locations":[{"start":{"line":81,"column":4},"end":{"line":83,"column":null}},{"start":{},"end":{}}],"line":81},"7":{"loc":{"start":{"line":86,"column":4},"end":{"line":88,"column":null}},"type":"if","locations":[{"start":{"line":86,"column":4},"end":{"line":88,"column":null}},{"start":{},"end":{}}],"line":86},"8":{"loc":{"start":{"line":86,"column":8},"end":{"line":86,"column":56}},"type":"binary-expr","locations":[{"start":{"line":86,"column":8},"end":{"line":86,"column":36}},{"start":{"line":86,"column":36},"end":{"line":86,"column":56}}],"line":86},"9":{"loc":{"start":{"line":91,"column":4},"end":{"line":96,"column":null}},"type":"if","locations":[{"start":{"line":91,"column":4},"end":{"line":96,"column":null}},{"start":{},"end":{}}],"line":91},"10":{"loc":{"start":{"line":91,"column":8},"end":{"line":91,"column":54}},"type":"binary-expr","locations":[{"start":{"line":91,"column":8},"end":{"line":91,"column":36}},{"start":{"line":91,"column":36},"end":{"line":91,"column":54}}],"line":91},"11":{"loc":{"start":{"line":92,"column":25},"end":{"line":92,"column":null}},"type":"binary-expr","locations":[{"start":{"line":92,"column":25},"end":{"line":92,"column":52}},{"start":{"line":92,"column":52},"end":{"line":92,"column":65}},{"start":{"line":92,"column":65},"end":{"line":92,"column":null}}],"line":92},"12":{"loc":{"start":{"line":98,"column":4},"end":{"line":121,"column":null}},"type":"if","locations":[{"start":{"line":98,"column":4},"end":{"line":121,"column":null}},{"start":{"line":107,"column":4},"end":{"line":121,"column":null}}],"line":98},"13":{"loc":{"start":{"line":98,"column":8},"end":{"line":98,"column":77}},"type":"binary-expr","locations":[{"start":{"line":98,"column":8},"end":{"line":98,"column":36}},{"start":{"line":98,"column":36},"end":{"line":98,"column":77}}],"line":98},"14":{"loc":{"start":{"line":107,"column":4},"end":{"line":121,"column":null}},"type":"if","locations":[{"start":{"line":107,"column":4},"end":{"line":121,"column":null}},{"start":{},"end":{}}],"line":107},"15":{"loc":{"start":{"line":113,"column":23},"end":{"line":113,"column":null}},"type":"binary-expr","locations":[{"start":{"line":113,"column":23},"end":{"line":113,"column":41}},{"start":{"line":113,"column":41},"end":{"line":113,"column":67}},{"start":{"line":113,"column":67},"end":{"line":113,"column":null}}],"line":113},"16":{"loc":{"start":{"line":114,"column":25},"end":{"line":114,"column":null}},"type":"binary-expr","locations":[{"start":{"line":114,"column":25},"end":{"line":114,"column":45}},{"start":{"line":114,"column":45},"end":{"line":114,"column":56}},{"start":{"line":114,"column":56},"end":{"line":114,"column":null}}],"line":114},"17":{"loc":{"start":{"line":115,"column":40},"end":{"line":115,"column":82}},"type":"binary-expr","locations":[{"start":{"line":115,"column":40},"end":{"line":115,"column":67}},{"start":{"line":115,"column":67},"end":{"line":115,"column":80}},{"start":{"line":115,"column":80},"end":{"line":115,"column":82}}],"line":115},"18":{"loc":{"start":{"line":127,"column":17},"end":{"line":127,"column":null}},"type":"cond-expr","locations":[{"start":{"line":127,"column":44},"end":{"line":127,"column":48}},{"start":{"line":127,"column":48},"end":{"line":127,"column":null}}],"line":127},"19":{"loc":{"start":{"line":128,"column":17},"end":{"line":128,"column":null}},"type":"cond-expr","locations":[{"start":{"line":128,"column":44},"end":{"line":128,"column":48}},{"start":{"line":128,"column":48},"end":{"line":128,"column":null}}],"line":128}},"s":{"0":59,"1":21,"2":7,"3":0,"4":7,"5":7,"6":7,"7":19,"8":19,"9":19,"10":19,"11":13,"12":13,"13":13,"14":13,"15":9,"16":19,"17":19,"18":19,"19":19,"20":13,"21":13,"22":4,"23":4,"24":19,"25":17,"26":1,"27":16,"28":16,"29":7,"30":16,"31":1,"32":16,"33":8,"34":8,"35":16,"36":8,"37":8,"38":8,"39":8,"40":7,"41":19,"42":5,"43":5,"44":5,"45":19},"f":{"0":59,"1":21,"2":7,"3":19,"4":5},"b":{"0":[59,0],"1":[21,0],"2":[0,7],"3":[9,4],"4":[4,9],"5":[1,16],"6":[7,9],"7":[1,15],"8":[16,12],"9":[8,8],"10":[16,11],"11":[8,5,0],"12":[8,8],"13":[16,9],"14":[7,1],"15":[7,5,0],"16":[7,3,1],"17":[7,6,0],"18":[1,4],"19":[5,0]},"meta":{"lastBranch":20,"lastFunction":5,"lastStatement":46,"seen":{"f:9:9:9:22":0,"s:10:2:10:Infinity":0,"b:10:10:10:19:10:19:10:23":0,"f:13:9:13:22":1,"s:14:2:14:Infinity":1,"b:14:74:14:88:14:88:14:90":1,"f:18:9:18:26":2,"b:19:2:19:Infinity:undefined:undefined:undefined:undefined":2,"s:19:2:19:Infinity":2,"s:19:12:19:Infinity":3,"s:20:8:20:Infinity":4,"s:21:17:21:Infinity":5,"s:22:2:22:Infinity":6,"f:36:16:36:Infinity":3,"s:41:29:41:Infinity":7,"s:42:22:42:Infinity":8,"s:44:2:53:Infinity":9,"s:44:15:44:18":10,"s:45:18:45:Infinity":11,"s:47:15:47:Infinity":12,"s:48:4:48:Infinity":13,"b:50:4:52:Infinity:undefined:undefined:undefined:undefined":3,"s:50:4:52:Infinity":14,"s:51:6:51:Infinity":15,"s:59:8:59:Infinity":16,"s:60:33:60:Infinity":17,"s:62:2:71:Infinity":18,"s:62:15:62:18":19,"s:63:14:63:Infinity":20,"b:64:4:70:Infinity:undefined:undefined:undefined:undefined":4,"s:64:4:70:Infinity":21,"s:65:6:68:Infinity":22,"s:69:6:69:Infinity":23,"s:74:2:122:Infinity":24,"b:75:4:75:Infinity:undefined:undefined:undefined:undefined":5,"s:75:4:75:Infinity":25,"s:75:35:75:Infinity":26,"s:77:15:77:Infinity":27,"b:81:4:83:Infinity:undefined:undefined:undefined:undefined":6,"s:81:4:83:Infinity":28,"s:82:6:82:Infinity":29,"b:86:4:88:Infinity:undefined:undefined:undefined:undefined":7,"s:86:4:88:Infinity":30,"b:86:8:86:36:86:36:86:56":8,"s:87:6:87:Infinity":31,"b:91:4:96:Infinity:undefined:undefined:undefined:undefined":9,"s:91:4:96:Infinity":32,"b:91:8:91:36:91:36:91:54":10,"s:92:25:92:Infinity":33,"b:92:25:92:52:92:52:92:65:92:65:92:Infinity":11,"s:93:6:95:Infinity":34,"b:98:4:121:Infinity:107:4:121:Infinity":12,"s:98:4:121:Infinity":35,"b:98:8:98:36:98:36:98:77":13,"s:100:30:100:Infinity":36,"s:101:6:105:Infinity":37,"s:106:6:106:Infinity":38,"b:107:4:121:Infinity:undefined:undefined:undefined:undefined":14,"s:107:4:121:Infinity":39,"s:109:6:120:Infinity":40,"b:113:23:113:41:113:41:113:67:113:67:113:Infinity":15,"b:114:25:114:45:114:45:114:56:114:56:114:Infinity":16,"b:115:40:115:67:115:67:115:80:115:80:115:82":17,"s:126:2:130:Infinity":41,"f:126:22:126:23":4,"s:127:17:127:Infinity":42,"b:127:44:127:48:127:48:127:Infinity":18,"s:128:17:128:Infinity":43,"b:128:44:128:48:128:48:128:Infinity":19,"s:129:4:129:Infinity":44,"s:132:2:135:Infinity":45}}}
,"/home/kwhatcher/projects/voter-web/src/lib/rate-limiter.ts": {"path":"/home/kwhatcher/projects/voter-web/src/lib/rate-limiter.ts","statementMap":{"0":{"start":{"line":21,"column":4},"end":{"line":21,"column":null}},"1":{"start":{"line":22,"column":4},"end":{"line":22,"column":null}},"2":{"start":{"line":23,"column":4},"end":{"line":23,"column":null}},"3":{"start":{"line":24,"column":4},"end":{"line":24,"column":null}},"4":{"start":{"line":25,"column":4},"end":{"line":25,"column":null}},"5":{"start":{"line":26,"column":4},"end":{"line":26,"column":null}},"6":{"start":{"line":27,"column":4},"end":{"line":27,"column":null}},"7":{"start":{"line":31,"column":4},"end":{"line":31,"column":null}},"8":{"start":{"line":32,"column":4},"end":{"line":35,"column":null}},"9":{"start":{"line":33,"column":6},"end":{"line":33,"column":null}},"10":{"start":{"line":34,"column":6},"end":{"line":34,"column":null}},"11":{"start":{"line":36,"column":4},"end":{"line":39,"column":null}},"12":{"start":{"line":37,"column":6},"end":{"line":37,"column":null}},"13":{"start":{"line":38,"column":6},"end":{"line":38,"column":null}},"14":{"start":{"line":43,"column":16},"end":{"line":43,"column":null}},"15":{"start":{"line":44,"column":20},"end":{"line":44,"column":null}},"16":{"start":{"line":45,"column":25},"end":{"line":45,"column":null}},"17":{"start":{"line":46,"column":4},"end":{"line":53,"column":null}},"18":{"start":{"line":47,"column":6},"end":{"line":50,"column":null}},"19":{"start":{"line":51,"column":6},"end":{"line":51,"column":null}},"20":{"start":{"line":52,"column":6},"end":{"line":52,"column":null}},"21":{"start":{"line":57,"column":4},"end":{"line":61,"column":null}},"22":{"start":{"line":58,"column":6},"end":{"line":58,"column":null}},"23":{"start":{"line":59,"column":22},"end":{"line":59,"column":null}},"24":{"start":{"line":60,"column":6},"end":{"line":60,"column":null}},"25":{"start":{"line":62,"column":4},"end":{"line":65,"column":null}},"26":{"start":{"line":63,"column":6},"end":{"line":63,"column":null}},"27":{"start":{"line":64,"column":6},"end":{"line":64,"column":null}},"28":{"start":{"line":69,"column":4},"end":{"line":69,"column":null}},"29":{"start":{"line":69,"column":37},"end":{"line":69,"column":null}},"30":{"start":{"line":70,"column":4},"end":{"line":70,"column":null}},"31":{"start":{"line":70,"column":43},"end":{"line":70,"column":58}},"32":{"start":{"line":74,"column":4},"end":{"line":77,"column":null}},"33":{"start":{"line":75,"column":6},"end":{"line":75,"column":null}},"34":{"start":{"line":76,"column":6},"end":{"line":76,"column":null}},"35":{"start":{"line":78,"column":4},"end":{"line":81,"column":null}},"36":{"start":{"line":79,"column":22},"end":{"line":79,"column":null}},"37":{"start":{"line":80,"column":6},"end":{"line":80,"column":null}},"38":{"start":{"line":86,"column":4},"end":{"line":86,"column":null}},"39":{"start":{"line":91,"column":4},"end":{"line":91,"column":null}}},"fnMap":{"0":{"name":"(anonymous_0)","decl":{"start":{"line":16,"column":2},"end":{"line":16,"column":14}},"loc":{"start":{"line":20,"column":5},"end":{"line":28,"column":null}},"line":20},"1":{"name":"(anonymous_1)","decl":{"start":{"line":30,"column":8},"end":{"line":30,"column":33}},"loc":{"start":{"line":30,"column":33},"end":{"line":40,"column":null}},"line":30},"2":{"name":"(anonymous_2)","decl":{"start":{"line":36,"column":29},"end":{"line":36,"column":30}},"loc":{"start":{"line":36,"column":42},"end":{"line":39,"column":5}},"line":36},"3":{"name":"(anonymous_3)","decl":{"start":{"line":42,"column":10},"end":{"line":42,"column":25}},"loc":{"start":{"line":42,"column":25},"end":{"line":54,"column":null}},"line":42},"4":{"name":"(anonymous_4)","decl":{"start":{"line":56,"column":10},"end":{"line":56,"column":29}},"loc":{"start":{"line":56,"column":29},"end":{"line":66,"column":null}},"line":56},"5":{"name":"(anonymous_5)","decl":{"start":{"line":68,"column":10},"end":{"line":68,"column":36}},"loc":{"start":{"line":68,"column":36},"end":{"line":71,"column":null}},"line":68},"6":{"name":"(anonymous_6)","decl":{"start":{"line":70,"column":37},"end":{"line":70,"column":43}},"loc":{"start":{"line":70,"column":43},"end":{"line":70,"column":58}},"line":70},"7":{"name":"(anonymous_7)","decl":{"start":{"line":73,"column":2},"end":{"line":73,"column":18}},"loc":{"start":{"line":73,"column":18},"end":{"line":82,"column":null}},"line":73},"8":{"name":"(anonymous_8)","decl":{"start":{"line":85,"column":6},"end":{"line":85,"column":32}},"loc":{"start":{"line":85,"column":32},"end":{"line":87,"column":null}},"line":85},"9":{"name":"(anonymous_9)","decl":{"start":{"line":90,"column":6},"end":{"line":90,"column":29}},"loc":{"start":{"line":90,"column":29},"end":{"line":92,"column":null}},"line":90}},"branchMap":{"0":{"loc":{"start":{"line":32,"column":4},"end":{"line":35,"column":null}},"type":"if","locations":[{"start":{"line":32,"column":4},"end":{"line":35,"column":null}},{"start":{},"end":{}}],"line":32},"1":{"loc":{"start":{"line":46,"column":4},"end":{"line":53,"column":null}},"type":"if","locations":[{"start":{"line":46,"column":4},"end":{"line":53,"column":null}},{"start":{},"end":{}}],"line":46},"2":{"loc":{"start":{"line":57,"column":11},"end":{"line":57,"column":53}},"type":"binary-expr","locations":[{"start":{"line":57,"column":11},"end":{"line":57,"column":36}},{"start":{"line":57,"column":36},"end":{"line":57,"column":53}}],"line":57},"3":{"loc":{"start":{"line":62,"column":4},"end":{"line":65,"column":null}},"type":"if","locations":[{"start":{"line":62,"column":4},"end":{"line":65,"column":null}},{"start":{},"end":{}}],"line":62},"4":{"loc":{"start":{"line":62,"column":8},"end":{"line":62,"column":64}},"type":"binary-expr","locations":[{"start":{"line":62,"column":8},"end":{"line":62,"column":35}},{"start":{"line":62,"column":35},"end":{"line":62,"column":64}}],"line":62},"5":{"loc":{"start":{"line":69,"column":4},"end":{"line":69,"column":null}},"type":"if","locations":[{"start":{"line":69,"column":4},"end":{"line":69,"column":null}},{"start":{},"end":{}}],"line":69},"6":{"loc":{"start":{"line":74,"column":4},"end":{"line":77,"column":null}},"type":"if","locations":[{"start":{"line":74,"column":4},"end":{"line":77,"column":null}},{"start":{},"end":{}}],"line":74}},"s":{"0":13,"1":13,"2":13,"3":13,"4":13,"5":13,"6":13,"7":39,"8":39,"9":29,"10":29,"11":10,"12":10,"13":10,"14":58,"15":58,"16":58,"17":58,"18":9,"19":9,"20":9,"21":9,"22":7,"23":7,"24":7,"25":9,"26":4,"27":4,"28":10,"29":4,"30":6,"31":19,"32":11,"33":2,"34":2,"35":11,"36":3,"37":3,"38":8,"39":5},"f":{"0":13,"1":39,"2":10,"3":58,"4":9,"5":10,"6":19,"7":11,"8":8,"9":5},"b":{"0":[29,10],"1":[9,49],"2":[9,10],"3":[4,5],"4":[9,6],"5":[4,6],"6":[2,9]},"meta":{"lastBranch":7,"lastFunction":10,"lastStatement":40,"seen":{"f:16:2:16:14":0,"s:21:4:21:Infinity":0,"s:22:4:22:Infinity":1,"s:23:4:23:Infinity":2,"s:24:4:24:Infinity":3,"s:25:4:25:Infinity":4,"s:26:4:26:Infinity":5,"s:27:4:27:Infinity":6,"f:30:8:30:33":1,"s:31:4:31:Infinity":7,"b:32:4:35:Infinity:undefined:undefined:undefined:undefined":0,"s:32:4:35:Infinity":8,"s:33:6:33:Infinity":9,"s:34:6:34:Infinity":10,"s:36:4:39:Infinity":11,"f:36:29:36:30":2,"s:37:6:37:Infinity":12,"s:38:6:38:Infinity":13,"f:42:10:42:25":3,"s:43:16:43:Infinity":14,"s:44:20:44:Infinity":15,"s:45:25:45:Infinity":16,"b:46:4:53:Infinity:undefined:undefined:undefined:undefined":1,"s:46:4:53:Infinity":17,"s:47:6:50:Infinity":18,"s:51:6:51:Infinity":19,"s:52:6:52:Infinity":20,"f:56:10:56:29":4,"s:57:4:61:Infinity":21,"b:57:11:57:36:57:36:57:53":2,"s:58:6:58:Infinity":22,"s:59:22:59:Infinity":23,"s:60:6:60:Infinity":24,"b:62:4:65:Infinity:undefined:undefined:undefined:undefined":3,"s:62:4:65:Infinity":25,"b:62:8:62:35:62:35:62:64":4,"s:63:6:63:Infinity":26,"s:64:6:64:Infinity":27,"f:68:10:68:36":5,"b:69:4:69:Infinity:undefined:undefined:undefined:undefined":5,"s:69:4:69:Infinity":28,"s:69:37:69:Infinity":29,"s:70:4:70:Infinity":30,"f:70:37:70:43":6,"s:70:43:70:58":31,"f:73:2:73:18":7,"b:74:4:77:Infinity:undefined:undefined:undefined:undefined":6,"s:74:4:77:Infinity":32,"s:75:6:75:Infinity":33,"s:76:6:76:Infinity":34,"s:78:4:81:Infinity":35,"s:79:22:79:Infinity":36,"s:80:6:80:Infinity":37,"f:85:6:85:32":8,"s:86:4:86:Infinity":38,"f:90:6:90:29":9,"s:91:4:91:Infinity":39}}}
,"/home/kwhatcher/projects/voter-web/src/lib/static-geojson.ts": {"path":"/home/kwhatcher/projects/voter-web/src/lib/static-geojson.ts","statementMap":{"0":{"start":{"line":8,"column":2},"end":{"line":16,"column":null}},"1":{"start":{"line":9,"column":16},"end":{"line":11,"column":null}},"2":{"start":{"line":12,"column":4},"end":{"line":12,"column":null}},"3":{"start":{"line":12,"column":17},"end":{"line":12,"column":null}},"4":{"start":{"line":13,"column":4},"end":{"line":13,"column":null}},"5":{"start":{"line":15,"column":4},"end":{"line":15,"column":null}}},"fnMap":{"0":{"name":"fetchStaticGeoJSON","decl":{"start":{"line":7,"column":21},"end":{"line":7,"column":null}},"loc":{"start":{"line":7,"column":21},"end":{"line":17,"column":null}},"line":7}},"branchMap":{"0":{"loc":{"start":{"line":12,"column":4},"end":{"line":12,"column":null}},"type":"if","locations":[{"start":{"line":12,"column":4},"end":{"line":12,"column":null}},{"start":{},"end":{}}],"line":12}},"s":{"0":0,"1":0,"2":0,"3":0,"4":0,"5":0},"f":{"0":0},"b":{"0":[0,0]},"meta":{"lastBranch":1,"lastFunction":1,"lastStatement":6,"seen":{"f:7:21:7:Infinity":0,"s:8:2:16:Infinity":0,"s:9:16:11:Infinity":1,"b:12:4:12:Infinity:undefined:undefined:undefined:undefined":0,"s:12:4:12:Infinity":2,"s:12:17:12:Infinity":3,"s:13:4:13:Infinity":4,"s:15:4:15:Infinity":5}}}
,"/home/kwhatcher/projects/voter-web/src/lib/utils.ts": {"path":"/home/kwhatcher/projects/voter-web/src/lib/utils.ts","statementMap":{"0":{"start":{"line":5,"column":2},"end":{"line":5,"column":null}},"1":{"start":{"line":10,"column":2},"end":{"line":10,"column":null}},"2":{"start":{"line":15,"column":2},"end":{"line":20,"column":null}}},"fnMap":{"0":{"name":"cn","decl":{"start":{"line":4,"column":16},"end":{"line":4,"column":22}},"loc":{"start":{"line":4,"column":44},"end":{"line":6,"column":null}},"line":4},"1":{"name":"stripCountySuffix","decl":{"start":{"line":9,"column":16},"end":{"line":9,"column":34}},"loc":{"start":{"line":9,"column":56},"end":{"line":11,"column":null}},"line":9},"2":{"name":"escapeHtml","decl":{"start":{"line":14,"column":16},"end":{"line":14,"column":27}},"loc":{"start":{"line":14,"column":48},"end":{"line":21,"column":null}},"line":14}},"branchMap":{},"s":{"0":42,"1":36,"2":7},"f":{"0":42,"1":36,"2":7},"b":{},"meta":{"lastBranch":0,"lastFunction":3,"lastStatement":3,"seen":{"f:4:16:4:22":0,"s:5:2:5:Infinity":0,"f:9:16:9:34":1,"s:10:2:10:Infinity":1,"f:14:16:14:27":2,"s:15:2:20:Infinity":2}}}
,"/home/kwhatcher/projects/voter-web/src/lib/api/elections.ts": {"path":"/home/kwhatcher/projects/voter-web/src/lib/api/elections.ts","statementMap":{"0":{"start":{"line":38,"column":47},"end":{"line":38,"column":null}},"1":{"start":{"line":40,"column":2},"end":{"line":42,"column":null}},"2":{"start":{"line":41,"column":4},"end":{"line":41,"column":null}},"3":{"start":{"line":43,"column":2},"end":{"line":45,"column":null}},"4":{"start":{"line":44,"column":4},"end":{"line":44,"column":null}},"5":{"start":{"line":46,"column":2},"end":{"line":48,"column":null}},"6":{"start":{"line":47,"column":4},"end":{"line":47,"column":null}},"7":{"start":{"line":49,"column":2},"end":{"line":51,"column":null}},"8":{"start":{"line":50,"column":4},"end":{"line":50,"column":null}},"9":{"start":{"line":52,"column":2},"end":{"line":54,"column":null}},"10":{"start":{"line":53,"column":4},"end":{"line":53,"column":null}},"11":{"start":{"line":55,"column":2},"end":{"line":57,"column":null}},"12":{"start":{"line":56,"column":4},"end":{"line":56,"column":null}},"13":{"start":{"line":59,"column":14},"end":{"line":61,"column":null}},"14":{"start":{"line":63,"column":2},"end":{"line":66,"column":null}},"15":{"start":{"line":73,"column":2},"end":{"line":73,"column":null}},"16":{"start":{"line":80,"column":2},"end":{"line":82,"column":null}},"17":{"start":{"line":89,"column":2},"end":{"line":91,"column":null}},"18":{"start":{"line":99,"column":47},"end":{"line":99,"column":null}},"19":{"start":{"line":100,"column":2},"end":{"line":103,"column":null}},"20":{"start":{"line":102,"column":4},"end":{"line":102,"column":null}},"21":{"start":{"line":105,"column":2},"end":{"line":107,"column":null}},"22":{"start":{"line":118,"column":2},"end":{"line":118,"column":null}},"23":{"start":{"line":126,"column":2},"end":{"line":128,"column":null}},"24":{"start":{"line":135,"column":2},"end":{"line":137,"column":null}},"25":{"start":{"line":144,"column":2},"end":{"line":146,"column":null}},"26":{"start":{"line":153,"column":2},"end":{"line":155,"column":null}}},"fnMap":{"0":{"name":"getElections","decl":{"start":{"line":35,"column":22},"end":{"line":35,"column":null}},"loc":{"start":{"line":37,"column":42},"end":{"line":67,"column":null}},"line":37},"1":{"name":"getElectionDetail","decl":{"start":{"line":70,"column":22},"end":{"line":70,"column":null}},"loc":{"start":{"line":72,"column":35},"end":{"line":74,"column":null}},"line":72},"2":{"name":"getElectionResults","decl":{"start":{"line":77,"column":22},"end":{"line":77,"column":null}},"loc":{"start":{"line":79,"column":36},"end":{"line":83,"column":null}},"line":79},"3":{"name":"getElectionGeoJSON","decl":{"start":{"line":86,"column":22},"end":{"line":86,"column":null}},"loc":{"start":{"line":88,"column":42},"end":{"line":92,"column":null}},"line":88},"4":{"name":"getPrecinctGeoJSON","decl":{"start":{"line":95,"column":22},"end":{"line":95,"column":null}},"loc":{"start":{"line":98,"column":44},"end":{"line":108,"column":null}},"line":98},"5":{"name":"createElection","decl":{"start":{"line":115,"column":22},"end":{"line":115,"column":null}},"loc":{"start":{"line":117,"column":35},"end":{"line":119,"column":null}},"line":117},"6":{"name":"updateElection","decl":{"start":{"line":122,"column":22},"end":{"line":122,"column":null}},"loc":{"start":{"line":125,"column":35},"end":{"line":129,"column":null}},"line":125},"7":{"name":"refreshElection","decl":{"start":{"line":132,"column":22},"end":{"line":132,"column":null}},"loc":{"start":{"line":134,"column":28},"end":{"line":138,"column":null}},"line":134},"8":{"name":"previewFeedImport","decl":{"start":{"line":141,"column":22},"end":{"line":141,"column":null}},"loc":{"start":{"line":143,"column":38},"end":{"line":147,"column":null}},"line":143},"9":{"name":"importFeed","decl":{"start":{"line":150,"column":22},"end":{"line":150,"column":null}},"loc":{"start":{"line":152,"column":31},"end":{"line":156,"column":null}},"line":152}},"branchMap":{"0":{"loc":{"start":{"line":40,"column":2},"end":{"line":42,"column":null}},"type":"if","locations":[{"start":{"line":40,"column":2},"end":{"line":42,"column":null}},{"start":{},"end":{}}],"line":40},"1":{"loc":{"start":{"line":40,"column":6},"end":{"line":40,"column":49}},"type":"binary-expr","locations":[{"start":{"line":40,"column":6},"end":{"line":40,"column":24}},{"start":{"line":40,"column":24},"end":{"line":40,"column":49}}],"line":40},"2":{"loc":{"start":{"line":43,"column":2},"end":{"line":45,"column":null}},"type":"if","locations":[{"start":{"line":43,"column":2},"end":{"line":45,"column":null}},{"start":{},"end":{}}],"line":43},"3":{"loc":{"start":{"line":43,"column":6},"end":{"line":43,"column":63}},"type":"binary-expr","locations":[{"start":{"line":43,"column":6},"end":{"line":43,"column":31}},{"start":{"line":43,"column":31},"end":{"line":43,"column":63}}],"line":43},"4":{"loc":{"start":{"line":46,"column":2},"end":{"line":48,"column":null}},"type":"if","locations":[{"start":{"line":46,"column":2},"end":{"line":48,"column":null}},{"start":{},"end":{}}],"line":46},"5":{"loc":{"start":{"line":49,"column":2},"end":{"line":51,"column":null}},"type":"if","locations":[{"start":{"line":49,"column":2},"end":{"line":51,"column":null}},{"start":{},"end":{}}],"line":49},"6":{"loc":{"start":{"line":52,"column":2},"end":{"line":54,"column":null}},"type":"if","locations":[{"start":{"line":52,"column":2},"end":{"line":54,"column":null}},{"start":{},"end":{}}],"line":52},"7":{"loc":{"start":{"line":55,"column":2},"end":{"line":57,"column":null}},"type":"if","locations":[{"start":{"line":55,"column":2},"end":{"line":57,"column":null}},{"start":{},"end":{}}],"line":55},"8":{"loc":{"start":{"line":100,"column":2},"end":{"line":103,"column":null}},"type":"if","locations":[{"start":{"line":100,"column":2},"end":{"line":103,"column":null}},{"start":{},"end":{}}],"line":100}},"s":{"0":5,"1":5,"2":1,"3":5,"4":1,"5":5,"6":1,"7":5,"8":1,"9":5,"10":1,"11":5,"12":1,"13":5,"14":5,"15":1,"16":1,"17":1,"18":3,"19":3,"20":2,"21":3,"22":1,"23":1,"24":1,"25":0,"26":0},"f":{"0":5,"1":1,"2":1,"3":1,"4":3,"5":1,"6":1,"7":1,"8":0,"9":0},"b":{"0":[1,4],"1":[5,2],"2":[1,4],"3":[5,2],"4":[1,4],"5":[1,4],"6":[1,4],"7":[1,4],"8":[2,1]},"meta":{"lastBranch":9,"lastFunction":10,"lastStatement":27,"seen":{"f:35:22:35:Infinity":0,"s:38:47:38:Infinity":0,"b:40:2:42:Infinity:undefined:undefined:undefined:undefined":0,"s:40:2:42:Infinity":1,"b:40:6:40:24:40:24:40:49":1,"s:41:4:41:Infinity":2,"b:43:2:45:Infinity:undefined:undefined:undefined:undefined":2,"s:43:2:45:Infinity":3,"b:43:6:43:31:43:31:43:63":3,"s:44:4:44:Infinity":4,"b:46:2:48:Infinity:undefined:undefined:undefined:undefined":4,"s:46:2:48:Infinity":5,"s:47:4:47:Infinity":6,"b:49:2:51:Infinity:undefined:undefined:undefined:undefined":5,"s:49:2:51:Infinity":7,"s:50:4:50:Infinity":8,"b:52:2:54:Infinity:undefined:undefined:undefined:undefined":6,"s:52:2:54:Infinity":9,"s:53:4:53:Infinity":10,"b:55:2:57:Infinity:undefined:undefined:undefined:undefined":7,"s:55:2:57:Infinity":11,"s:56:4:56:Infinity":12,"s:59:14:61:Infinity":13,"s:63:2:66:Infinity":14,"f:70:22:70:Infinity":1,"s:73:2:73:Infinity":15,"f:77:22:77:Infinity":2,"s:80:2:82:Infinity":16,"f:86:22:86:Infinity":3,"s:89:2:91:Infinity":17,"f:95:22:95:Infinity":4,"s:99:47:99:Infinity":18,"b:100:2:103:Infinity:undefined:undefined:undefined:undefined":8,"s:100:2:103:Infinity":19,"s:102:4:102:Infinity":20,"s:105:2:107:Infinity":21,"f:115:22:115:Infinity":5,"s:118:2:118:Infinity":22,"f:122:22:122:Infinity":6,"s:126:2:128:Infinity":23,"f:132:22:132:Infinity":7,"s:135:2:137:Infinity":24,"f:141:22:141:Infinity":8,"s:144:2:146:Infinity":25,"f:150:22:150:Infinity":9,"s:153:2:155:Infinity":26}}}
[...]
,"/home/kwhatcher/projects/voter-web/src/lib/schemas/election-form.ts": {"path":"/home/kwhatcher/projects/voter-web/src/lib/schemas/election-form.ts","statementMap":{"0":{"start":{"line":3,"column":36},"end":{"line":23,"column":null}},"1":{"start":{"line":27,"column":32},"end":{"line":37,"column":null}}},"fnMap":{},"branchMap":{},"s":{"0":1,"1":1},"f":{},"b":{},"meta":{"lastBranch":0,"lastFunction":0,"lastStatement":2,"seen":{"s:3:36:23:Infinity":0,"s:27:32:37:Infinity":1}}}
,"/home/kwhatcher/projects/voter-web/src/types/admin.ts": {"path":"/home/kwhatcher/projects/voter-web/src/types/admin.ts","statementMap":{"0":{"start":{"line":25,"column":4},"end":{"line":25,"column":null}},"1":{"start":{"line":26,"column":4},"end":{"line":26,"column":null}},"2":{"start":{"line":37,"column":4},"end":{"line":37,"column":null}},"3":{"start":{"line":38,"column":4},"end":{"line":38,"column":null}},"4":{"start":{"line":47,"column":4},"end":{"line":47,"column":null}},"5":{"start":{"line":48,"column":4},"end":{"line":48,"column":null}},"6":{"start":{"line":502,"column":2},"end":{"line":502,"column":null}},"7":{"start":{"line":510,"column":2},"end":{"line":510,"column":null}},"8":{"start":{"line":517,"column":2},"end":{"line":517,"column":null}},"9":{"start":{"line":524,"column":2},"end":{"line":524,"column":null}},"10":{"start":{"line":532,"column":2},"end":{"line":534,"column":null}},"11":{"start":{"line":533,"column":4},"end":{"line":533,"column":null}},"12":{"start":{"line":535,"column":2},"end":{"line":537,"column":null}},"13":{"start":{"line":536,"column":4},"end":{"line":536,"column":null}},"14":{"start":{"line":538,"column":2},"end":{"line":538,"column":null}},"15":{"start":{"line":548,"column":29},"end":{"line":548,"column":null}},"16":{"start":{"line":553,"column":32},"end":{"line":553,"column":null}},"17":{"start":{"line":558,"column":35},"end":{"line":566,"column":null}}},"fnMap":{"0":{"name":"(anonymous_0)","decl":{"start":{"line":24,"column":2},"end":{"line":24,"column":14}},"loc":{"start":{"line":24,"column":74},"end":{"line":27,"column":null}},"line":24},"1":{"name":"(anonymous_1)","decl":{"start":{"line":34,"column":2},"end":{"line":34,"column":null}},"loc":{"start":{"line":36,"column":4},"end":{"line":39,"column":null}},"line":36},"2":{"name":"(anonymous_2)","decl":{"start":{"line":46,"column":2},"end":{"line":46,"column":14}},"loc":{"start":{"line":46,"column":66},"end":{"line":49,"column":null}},"line":46},"3":{"name":"isActiveJob","decl":{"start":{"line":501,"column":16},"end":{"line":501,"column":28}},"loc":{"start":{"line":501,"column":65},"end":{"line":503,"column":null}},"line":501},"4":{"name":"isTerminalJob","decl":{"start":{"line":509,"column":16},"end":{"line":509,"column":30}},"loc":{"start":{"line":509,"column":67},"end":{"line":511,"column":null}},"line":509},"5":{"name":"isFailedImport","decl":{"start":{"line":516,"column":16},"end":{"line":516,"column":31}},"loc":{"start":{"line":516,"column":71},"end":{"line":518,"column":null}},"line":516},"6":{"name":"isCompletedExport","decl":{"start":{"line":523,"column":16},"end":{"line":523,"column":34}},"loc":{"start":{"line":523,"column":77},"end":{"line":525,"column":null}},"line":523},"7":{"name":"getImportProgress","decl":{"start":{"line":531,"column":16},"end":{"line":531,"column":34}},"loc":{"start":{"line":531,"column":65},"end":{"line":539,"column":null}},"line":531}},"branchMap":{"0":{"loc":{"start":{"line":24,"column":14},"end":{"line":24,"column":74}},"type":"default-arg","locations":[{"start":{"line":24,"column":24},"end":{"line":24,"column":74}}],"line":24},"1":{"loc":{"start":{"line":35,"column":4},"end":{"line":35,"column":null}},"type":"default-arg","locations":[{"start":{"line":35,"column":14},"end":{"line":35,"column":null}}],"line":35},"2":{"loc":{"start":{"line":46,"column":14},"end":{"line":46,"column":66}},"type":"default-arg","locations":[{"start":{"line":46,"column":24},"end":{"line":46,"column":66}}],"line":46},"3":{"loc":{"start":{"line":502,"column":9},"end":{"line":502,"column":null}},"type":"binary-expr","locations":[{"start":{"line":502,"column":9},"end":{"line":502,"column":37}},{"start":{"line":502,"column":37},"end":{"line":502,"column":null}}],"line":502},"4":{"loc":{"start":{"line":510,"column":9},"end":{"line":510,"column":null}},"type":"binary-expr","locations":[{"start":{"line":510,"column":9},"end":{"line":510,"column":39}},{"start":{"line":510,"column":39},"end":{"line":510,"column":null}}],"line":510},"5":{"loc":{"start":{"line":532,"column":2},"end":{"line":534,"column":null}},"type":"if","locations":[{"start":{"line":532,"column":2},"end":{"line":534,"column":null}},{"start":{},"end":{}}],"line":532},"6":{"loc":{"start":{"line":532,"column":6},"end":{"line":532,"column":60}},"type":"binary-expr","locations":[{"start":{"line":532,"column":6},"end":{"line":532,"column":37}},{"start":{"line":532,"column":37},"end":{"line":532,"column":60}}],"line":532},"7":{"loc":{"start":{"line":535,"column":2},"end":{"line":537,"column":null}},"type":"if","locations":[{"start":{"line":535,"column":2},"end":{"line":537,"column":null}},{"start":{},"end":{}}],"line":535}},"s":{"0":7,"1":7,"2":7,"3":7,"4":3,"5":3,"6":4,"7":4,"8":2,"9":2,"10":4,"11":1,"12":3,"13":1,"14":2,"15":4,"16":4,"17":4},"f":{"0":7,"1":7,"2":3,"3":4,"4":4,"5":2,"6":2,"7":4},"b":{"0":[7],"1":[7],"2":[3],"3":[4,3],"4":[4,3],"5":[1,3],"6":[4,1],"7":[1,2]},"meta":{"lastBranch":8,"lastFunction":8,"lastStatement":18,"seen":{"f:24:2:24:14":0,"b:24:24:24:74":0,"s:25:4:25:Infinity":0,"s:26:4:26:Infinity":1,"f:34:2:34:Infinity":1,"b:35:14:35:Infinity":1,"s:37:4:37:Infinity":2,"s:38:4:38:Infinity":3,"f:46:2:46:14":2,"b:46:24:46:66":2,"s:47:4:47:Infinity":4,"s:48:4:48:Infinity":5,"f:501:16:501:28":3,"s:502:2:502:Infinity":6,"b:502:9:502:37:502:37:502:Infinity":3,"f:509:16:509:30":4,"s:510:2:510:Infinity":7,"b:510:9:510:39:510:39:510:Infinity":4,"f:516:16:516:31":5,"s:517:2:517:Infinity":8,"f:523:16:523:34":6,"s:524:2:524:Infinity":9,"f:531:16:531:34":7,"b:532:2:534:Infinity:undefined:undefined:undefined:undefined":5,"s:532:2:534:Infinity":10,"b:532:6:532:37:532:37:532:60":6,"s:533:4:533:Infinity":11,"b:535:2:537:Infinity:undefined:undefined:undefined:undefined":7,"s:535:2:537:Infinity":12,"s:536:4:536:Infinity":13,"s:538:2:538:Infinity":14,"s:548:29:548:Infinity":15,"s:553:32:553:Infinity":16,"s:558:35:566:Infinity":17}}}
,"/home/kwhatcher/projects/voter-web/src/types/elections.ts": {"path":"/home/kwhatcher/projects/voter-web/src/types/elections.ts","statementMap":{"0":{"start":{"line":223,"column":78},"end":{"line":229,"column":null}},"1":{"start":{"line":232,"column":35},"end":{"line":232,"column":null}},"2":{"start":{"line":236,"column":2},"end":{"line":236,"column":null}},"3":{"start":{"line":241,"column":2},"end":{"line":241,"column":null}},"4":{"start":{"line":241,"column":24},"end":{"line":241,"column":null}},"5":{"start":{"line":242,"column":2},"end":{"line":242,"column":null}},"6":{"start":{"line":249,"column":2},"end":{"line":256,"column":null}},"7":{"start":{"line":252,"column":48},"end":{"line":252,"column":81}},"8":{"start":{"line":255,"column":48},"end":{"line":255,"column":77}},"9":{"start":{"line":264,"column":2},"end":{"line":264,"column":null}},"10":{"start":{"line":264,"column":52},"end":{"line":264,"column":null}},"11":{"start":{"line":265,"column":2},"end":{"line":265,"column":null}},"12":{"start":{"line":270,"column":2},"end":{"line":270,"column":null}},"13":{"start":{"line":275,"column":2},"end":{"line":275,"column":null}},"14":{"start":{"line":285,"column":16},"end":{"line":285,"column":null}},"15":{"start":{"line":286,"column":2},"end":{"line":286,"column":null}},"16":{"start":{"line":286,"column":86},"end":{"line":286,"column":null}},"17":{"start":{"line":287,"column":2},"end":{"line":287,"column":null}},"18":{"start":{"line":287,"column":75},"end":{"line":287,"column":null}},"19":{"start":{"line":288,"column":2},"end":{"line":288,"column":null}},"20":{"start":{"line":288,"column":73},"end":{"line":288,"column":null}},"21":{"start":{"line":289,"column":2},"end":{"line":289,"column":null}},"22":{"start":{"line":294,"column":2},"end":{"line":294,"column":null}},"23":{"start":{"line":294,"column":39},"end":{"line":294,"column":59}},"24":{"start":{"line":299,"column":2},"end":{"line":299,"column":null}},"25":{"start":{"line":299,"column":31},"end":{"line":299,"column":null}},"26":{"start":{"line":300,"column":2},"end":{"line":300,"column":null}},"27":{"start":{"line":300,"column":43},"end":{"line":300,"column":89}},"28":{"start":{"line":353,"column":18},"end":{"line":353,"column":null}},"29":{"start":{"line":355,"column":2},"end":{"line":362,"column":null}},"30":{"start":{"line":356,"column":21},"end":{"line":356,"column":null}},"31":{"start":{"line":357,"column":4},"end":{"line":361,"column":null}},"32":{"start":{"line":358,"column":6},"end":{"line":358,"column":null}},"33":{"start":{"line":360,"column":6},"end":{"line":360,"column":null}},"34":{"start":{"line":364,"column":2},"end":{"line":372,"column":null}},"35":{"start":{"line":365,"column":29},"end":{"line":371,"column":6}},"36":{"start":{"line":367,"column":42},"end":{"line":367,"column":57}},"37":{"start":{"line":370,"column":40},"end":{"line":370,"column":61}},"38":{"start":{"line":372,"column":20},"end":{"line":372,"column":48}}},"fnMap":{"0":{"name":"getPartyColor","decl":{"start":{"line":235,"column":16},"end":{"line":235,"column":30}},"loc":{"start":{"line":235,"column":79},"end":{"line":237,"column":null}},"line":235},"1":{"name":"getVotePercentage","decl":{"start":{"line":240,"column":16},"end":{"line":240,"column":34}},"loc":{"start":{"line":240,"column":86},"end":{"line":243,"column":null}},"line":240},"2":{"name":"resolvePrecinctCounts","decl":{"start":{"line":246,"column":16},"end":{"line":246,"column":null}},"loc":{"start":{"line":248,"column":48},"end":{"line":257,"column":null}},"line":248},"3":{"name":"(anonymous_3)","decl":{"start":{"line":252,"column":36},"end":{"line":252,"column":37}},"loc":{"start":{"line":252,"column":48},"end":{"line":252,"column":81}},"line":252},"4":{"name":"(anonymous_4)","decl":{"start":{"line":255,"column":36},"end":{"line":255,"column":37}},"loc":{"start":{"line":255,"column":48},"end":{"line":255,"column":77}},"line":255},"5":{"name":"getReportingPercentage","decl":{"start":{"line":260,"column":16},"end":{"line":260,"column":null}},"loc":{"start":{"line":263,"column":10},"end":{"line":266,"column":null}},"line":263},"6":{"name":"isActiveElection","decl":{"start":{"line":269,"column":16},"end":{"line":269,"column":33}},"loc":{"start":{"line":269,"column":62},"end":{"line":271,"column":null}},"line":269},"7":{"name":"getCertificationLabel","decl":{"start":{"line":274,"column":16},"end":{"line":274,"column":38}},"loc":{"start":{"line":274,"column":70},"end":{"line":276,"column":null}},"line":274},"8":{"name":"categorizeRace","decl":{"start":{"line":284,"column":16},"end":{"line":284,"column":31}},"loc":{"start":{"line":284,"column":63},"end":{"line":290,"column":null}},"line":284},"9":{"name":"getTotalVotes","decl":{"start":{"line":293,"column":16},"end":{"line":293,"column":30}},"loc":{"start":{"line":293,"column":69},"end":{"line":295,"column":null}},"line":293},"10":{"name":"(anonymous_10)","decl":{"start":{"line":294,"column":27},"end":{"line":294,"column":28}},"loc":{"start":{"line":294,"column":39},"end":{"line":294,"column":59}},"line":294},"11":{"name":"getLeadingCandidate","decl":{"start":{"line":298,"column":16},"end":{"line":298,"column":36}},"loc":{"start":{"line":298,"column":91},"end":{"line":301,"column":null}},"line":298},"12":{"name":"(anonymous_12)","decl":{"start":{"line":300,"column":27},"end":{"line":300,"column":28}},"loc":{"start":{"line":300,"column":43},"end":{"line":300,"column":89}},"line":300},"13":{"name":"groupElectionsByDate","decl":{"start":{"line":352,"column":16},"end":{"line":352,"column":37}},"loc":{"start":{"line":352,"column":77},"end":{"line":373,"column":null}},"line":352},"14":{"name":"(anonymous_14)","decl":{"start":{"line":365,"column":9},"end":{"line":365,"column":10}},"loc":{"start":{"line":365,"column":29},"end":{"line":371,"column":6}},"line":365},"15":{"name":"(anonymous_15)","decl":{"start":{"line":367,"column":35},"end":{"line":367,"column":36}},"loc":{"start":{"line":367,"column":42},"end":{"line":367,"column":57}},"line":367},"16":{"name":"(anonymous_16)","decl":{"start":{"line":370,"column":33},"end":{"line":370,"column":34}},"loc":{"start":{"line":370,"column":40},"end":{"line":370,"column":61}},"line":370},"17":{"name":"(anonymous_17)","decl":{"start":{"line":372,"column":10},"end":{"line":372,"column":11}},"loc":{"start":{"line":372,"column":20},"end":{"line":372,"column":48}},"line":372}},"branchMap":{"0":{"loc":{"start":{"line":236,"column":9},"end":{"line":236,"column":null}},"type":"binary-expr","locations":[{"start":{"line":236,"column":9},"end":{"line":236,"column":32}},{"start":{"line":236,"column":32},"end":{"line":236,"column":null}}],"line":236},"1":{"loc":{"start":{"line":241,"column":2},"end":{"line":241,"column":null}},"type":"if","locations":[{"start":{"line":241,"column":2},"end":{"line":241,"column":null}},{"start":{},"end":{}}],"line":241},"2":{"loc":{"start":{"line":251,"column":6},"end":{"line":252,"column":null}},"type":"binary-expr","locations":[{"start":{"line":251,"column":6},"end":{"line":251,"column":null}},{"start":{"line":252,"column":6},"end":{"line":252,"column":null}}],"line":251},"3":{"loc":{"start":{"line":254,"column":6},"end":{"line":255,"column":null}},"type":"binary-expr","locations":[{"start":{"line":254,"column":6},"end":{"line":254,"column":null}},{"start":{"line":255,"column":6},"end":{"line":255,"column":null}}],"line":254},"4":{"loc":{"start":{"line":264,"column":2},"end":{"line":264,"column":null}},"type":"if","locations":[{"start":{"line":264,"column":2},"end":{"line":264,"column":null}},{"start":{},"end":{}}],"line":264},"5":{"loc":{"start":{"line":264,"column":6},"end":{"line":264,"column":52}},"type":"binary-expr","locations":[{"start":{"line":264,"column":6},"end":{"line":264,"column":31}},{"start":{"line":264,"column":31},"end":{"line":264,"column":52}}],"line":264},"6":{"loc":{"start":{"line":265,"column":11},"end":{"line":265,"column":29}},"type":"binary-expr","locations":[{"start":{"line":265,"column":11},"end":{"line":265,"column":24}},{"start":{"line":265,"column":24},"end":{"line":265,"column":29}}],"line":265},"7":{"loc":{"start":{"line":275,"column":9},"end":{"line":275,"column":null}},"type":"cond-expr","locations":[{"start":{"line":275,"column":31},"end":{"line":275,"column":54}},{"start":{"line":275,"column":54},"end":{"line":275,"column":null}}],"line":275},"8":{"loc":{"start":{"line":286,"column":2},"end":{"line":286,"column":null}},"type":"if","locations":[{"start":{"line":286,"column":2},"end":{"line":286,"column":null}},{"start":{},"end":{}}],"line":286},"9":{"loc":{"start":{"line":286,"column":6},"end":{"line":286,"column":86}},"type":"binary-expr","locations":[{"start":{"line":286,"column":6},"end":{"line":286,"column":31}},{"start":{"line":286,"column":31},"end":{"line":286,"column":57}},{"start":{"line":286,"column":57},"end":{"line":286,"column":86}}],"line":286},"10":{"loc":{"start":{"line":287,"column":2},"end":{"line":287,"column":null}},"type":"if","locations":[{"start":{"line":287,"column":2},"end":{"line":287,"column":null}},{"start":{},"end":{}}],"line":287},"11":{"loc":{"start":{"line":287,"column":6},"end":{"line":287,"column":75}},"type":"binary-expr","locations":[{"start":{"line":287,"column":6},"end":{"line":287,"column":40}},{"start":{"line":287,"column":40},"end":{"line":287,"column":75}}],"line":287},"12":{"loc":{"start":{"line":288,"column":2},"end":{"line":288,"column":null}},"type":"if","locations":[{"start":{"line":288,"column":2},"end":{"line":288,"column":null}},{"start":{},"end":{}}],"line":288},"13":{"loc":{"start":{"line":288,"column":6},"end":{"line":288,"column":73}},"type":"binary-expr","locations":[{"start":{"line":288,"column":6},"end":{"line":288,"column":39}},{"start":{"line":288,"column":39},"end":{"line":288,"column":73}}],"line":288},"14":{"loc":{"start":{"line":299,"column":2},"end":{"line":299,"column":null}},"type":"if","locations":[{"start":{"line":299,"column":2},"end":{"line":299,"column":null}},{"start":{},"end":{}}],"line":299},"15":{"loc":{"start":{"line":300,"column":43},"end":{"line":300,"column":89}},"type":"cond-expr","locations":[{"start":{"line":300,"column":78},"end":{"line":300,"column":82}},{"start":{"line":300,"column":82},"end":{"line":300,"column":89}}],"line":300},"16":{"loc":{"start":{"line":357,"column":4},"end":{"line":361,"column":null}},"type":"if","locations":[{"start":{"line":357,"column":4},"end":{"line":361,"column":null}},{"start":{"line":359,"column":11},"end":{"line":361,"column":null}}],"line":357}},"s":{"0":9,"1":9,"2":42,"3":41,"4":3,"5":38,"6":11,"7":4,"8":4,"9":22,"10":4,"11":18,"12":2,"13":6,"14":10,"15":10,"16":3,"17":7,"18":2,"19":5,"20":2,"21":3,"22":18,"23":33,"24":4,"25":1,"26":3,"27":3,"28":11,"29":11,"30":27,"31":27,"32":10,"33":17,"34":11,"35":17,"36":27,"37":18,"38":9},"f":{"0":42,"1":41,"2":11,"3":4,"4":4,"5":22,"6":2,"7":6,"8":10,"9":18,"10":33,"11":4,"12":3,"13":11,"14":17,"15":27,"16":18,"17":9},"b":{"0":[42,2],"1":[3,38],"2":[11,3],"3":[11,3],"4":[4,18],"5":[22,19],"6":[18,1],"7":[3,3],"8":[3,7],"9":[10,9,8],"10":[2,5],"11":[7,6],"12":[2,3],"13":[5,4],"14":[1,3],"15":[1,2],"16":[10,17]},"meta":{"lastBranch":17,"lastFunction":18,"lastStatement":39,"seen":{"s:223:78:229:Infinity":0,"s:232:35:232:Infinity":1,"f:235:16:235:30":0,"s:236:2:236:Infinity":2,"b:236:9:236:32:236:32:236:Infinity":0,"f:240:16:240:34":1,"b:241:2:241:Infinity:undefined:undefined:undefined:undefined":1,"s:241:2:241:Infinity":3,"s:241:24:241:Infinity":4,"s:242:2:242:Infinity":5,"f:246:16:246:Infinity":2,"s:249:2:256:Infinity":6,"b:251:6:251:Infinity:252:6:252:Infinity":2,"f:252:36:252:37":3,"s:252:48:252:81":7,"b:254:6:254:Infinity:255:6:255:Infinity":3,"f:255:36:255:37":4,"s:255:48:255:77":8,"f:260:16:260:Infinity":5,"b:264:2:264:Infinity:undefined:undefined:undefined:undefined":4,"s:264:2:264:Infinity":9,"b:264:6:264:31:264:31:264:52":5,"s:264:52:264:Infinity":10,"s:265:2:265:Infinity":11,"b:265:11:265:24:265:24:265:29":6,"f:269:16:269:33":6,"s:270:2:270:Infinity":12,"f:274:16:274:38":7,"s:275:2:275:Infinity":13,"b:275:31:275:54:275:54:275:Infinity":7,"f:284:16:284:31":8,"s:285:16:285:Infinity":14,"b:286:2:286:Infinity:undefined:undefined:undefined:undefined":8,"s:286:2:286:Infinity":15,"b:286:6:286:31:286:31:286:57:286:57:286:86":9,"s:286:86:286:Infinity":16,"b:287:2:287:Infinity:undefined:undefined:undefined:undefined":10,"s:287:2:287:Infinity":17,"b:287:6:287:40:287:40:287:75":11,"s:287:75:287:Infinity":18,"b:288:2:288:Infinity:undefined:undefined:undefined:undefined":12,"s:288:2:288:Infinity":19,"b:288:6:288:39:288:39:288:73":13,"s:288:73:288:Infinity":20,"s:289:2:289:Infinity":21,"f:293:16:293:30":9,"s:294:2:294:Infinity":22,"f:294:27:294:28":10,"s:294:39:294:59":23,"f:298:16:298:36":11,"b:299:2:299:Infinity:undefined:undefined:undefined:undefined":14,"s:299:2:299:Infinity":24,"s:299:31:299:Infinity":25,"s:300:2:300:Infinity":26,"f:300:27:300:28":12,"s:300:43:300:89":27,"b:300:78:300:82:300:82:300:89":15,"f:352:16:352:37":13,"s:353:18:353:Infinity":28,"s:355:2:362:Infinity":29,"s:356:21:356:Infinity":30,"b:357:4:361:Infinity:359:11:361:Infinity":16,"s:357:4:361:Infinity":31,"s:358:6:358:Infinity":32,"s:360:6:360:Infinity":33,"s:364:2:372:Infinity":34,"f:365:9:365:10":14,"s:365:29:371:6":35,"f:367:35:367:36":15,"s:367:42:367:57":36,"f:370:33:370:34":16,"s:370:40:370:61":37,"f:372:10:372:11":17,"s:372:20:372:48":38}}}
}
